arg: {'prefix': 'agnews_4_epoch', 'read_from': None, 'dataset': 'agnews', 'fp_num': 0, 'train_typo': False, 'test_typo': True}
There are 1 GPU(s) available.
Device name: NVIDIA GeForce RTX 3090
---------------                Reading data...                ---------------
---------------     Reading data finished in 0.01 minute.     ---------------
---------------              Tokenizing data...               ---------------
---------------   Tokenizing data finished in 0.77 minute.    ---------------
---------------            Preprocessing torch...             ---------------
--------------- Preprocessing torch finished in 0.00 minute.  ---------------
---------------             Initializing model...             ---------------
---------------  Initializing model finished in 0.11 minute.  ---------------
---------------                  Training...                  ---------------
 Epoch  |  Batch  |  Train Loss  | Test Loss  | Test Acc  |  Elapsed 
----------------------------------------------------------------------
   1    |   22    |   1.385665   |     -      |     -     |   4.90   
   1    |   44    |   1.391103   |     -      |     -     |   4.64   
   1    |   66    |   1.374288   |     -      |     -     |   4.66   
   1    |   88    |   1.365011   |     -      |     -     |   4.62   
   1    |   110   |   1.310061   |     -      |     -     |   4.70   
   1    |   132   |   1.242418   |     -      |     -     |   4.77   
   1    |   154   |   1.140859   |     -      |     -     |   4.67   
   1    |   176   |   1.060469   |     -      |     -     |   4.74   
   1    |   198   |   0.996362   |     -      |     -     |   4.75   
   1    |   220   |   0.931456   |     -      |     -     |   4.76   
   1    |   242   |   0.877809   |     -      |     -     |   4.77   
   1    |   264   |   0.833117   |     -      |     -     |   4.77   
   1    |   286   |   0.792500   |     -      |     -     |   4.76   
   1    |   308   |   0.739853   |     -      |     -     |   4.77   
   1    |   330   |   0.678829   |     -      |     -     |   4.76   
   1    |   352   |   0.595798   |     -      |     -     |   4.79   
   1    |   374   |   0.552711   |     -      |     -     |   4.76   
   1    |   396   |   0.528829   |     -      |     -     |   4.75   
   1    |   418   |   0.480748   |     -      |     -     |   4.71   
   1    |   440   |   0.541701   |     -      |     -     |   4.78   
   1    |   462   |   0.439396   |     -      |     -     |   4.77   
   1    |   484   |   0.510107   |     -      |     -     |   4.79   
   1    |   506   |   0.435675   |     -      |     -     |   4.78   
   1    |   528   |   0.483423   |     -      |     -     |   4.77   
   1    |   550   |   0.383075   |     -      |     -     |   4.78   
   1    |   572   |   0.427401   |     -      |     -     |   4.89   
   1    |   594   |   0.422594   |     -      |     -     |   4.73   
   1    |   616   |   0.318329   |     -      |     -     |   4.78   
   1    |   638   |   0.447508   |     -      |     -     |   4.84   
   1    |   660   |   0.360735   |     -      |     -     |   4.75   
   1    |   682   |   0.397921   |     -      |     -     |   4.77   
   1    |   704   |   0.440286   |     -      |     -     |   4.78   
   1    |   726   |   0.381664   |     -      |     -     |   4.73   
   1    |   748   |   0.260346   |     -      |     -     |   4.74   
   1    |   770   |   0.398883   |     -      |     -     |   4.72   
   1    |   792   |   0.281601   |     -      |     -     |   4.75   
   1    |   814   |   0.391696   |     -      |     -     |   4.73   
   1    |   836   |   0.435164   |     -      |     -     |   4.74   
   1    |   858   |   0.326428   |     -      |     -     |   4.72   
   1    |   880   |   0.473967   |     -      |     -     |   4.72   
   1    |   902   |   0.419187   |     -      |     -     |   4.69   
   1    |   924   |   0.360683   |     -      |     -     |   4.66   
   1    |   946   |   0.365864   |     -      |     -     |   4.64   
   1    |   968   |   0.462647   |     -      |     -     |   4.63   
   1    |   990   |   0.255053   |     -      |     -     |   4.53   
   1    |  1012   |   0.347452   |     -      |     -     |   4.72   
   1    |  1034   |   0.433016   |     -      |     -     |   4.73   
   1    |  1056   |   0.364471   |     -      |     -     |   4.73   
   1    |  1078   |   0.330632   |     -      |     -     |   4.71   
   1    |  1100   |   0.433042   |     -      |     -     |   4.74   
   1    |  1122   |   0.409493   |     -      |     -     |   4.71   
   1    |  1144   |   0.300631   |     -      |     -     |   4.78   
   1    |  1166   |   0.404715   |     -      |     -     |   4.78   
   1    |  1188   |   0.355061   |     -      |     -     |   4.77   
   1    |  1210   |   0.333185   |     -      |     -     |   4.82   
   1    |  1232   |   0.335804   |     -      |     -     |   4.82   
   1    |  1254   |   0.331285   |     -      |     -     |   4.82   
   1    |  1276   |   0.358365   |     -      |     -     |   4.81   
   1    |  1298   |   0.387168   |     -      |     -     |   4.83   
   1    |  1320   |   0.315420   |     -      |     -     |   4.83   
   1    |  1342   |   0.328523   |     -      |     -     |   4.84   
   1    |  1364   |   0.345014   |     -      |     -     |   4.84   
   1    |  1386   |   0.354557   |     -      |     -     |   4.83   
   1    |  1408   |   0.264399   |     -      |     -     |   4.85   
   1    |  1430   |   0.361114   |     -      |     -     |   4.81   
   1    |  1452   |   0.340651   |     -      |     -     |   4.80   
   1    |  1474   |   0.389003   |     -      |     -     |   4.82   
   1    |  1496   |   0.276810   |     -      |     -     |   4.82   
   1    |  1518   |   0.305284   |     -      |     -     |   4.81   
   1    |  1540   |   0.408825   |     -      |     -     |   4.79   
   1    |  1562   |   0.294356   |     -      |     -     |   4.80   
   1    |  1584   |   0.471748   |     -      |     -     |   4.81   
   1    |  1606   |   0.276878   |     -      |     -     |   4.76   
   1    |  1628   |   0.362490   |     -      |     -     |   4.74   
   1    |  1650   |   0.292822   |     -      |     -     |   4.78   
   1    |  1672   |   0.246581   |     -      |     -     |   4.81   
   1    |  1694   |   0.286409   |     -      |     -     |   4.72   
   1    |  1716   |   0.433773   |     -      |     -     |   4.77   
   1    |  1738   |   0.307596   |     -      |     -     |   4.77   
   1    |  1760   |   0.342875   |     -      |     -     |   4.85   
   1    |  1782   |   0.311578   |     -      |     -     |   4.61   
   1    |  1804   |   0.307386   |     -      |     -     |   4.81   
   1    |  1826   |   0.307733   |     -      |     -     |   4.76   
   1    |  1848   |   0.283039   |     -      |     -     |   4.76   
   1    |  1870   |   0.231644   |     -      |     -     |   4.76   
   1    |  1892   |   0.286609   |     -      |     -     |   4.78   
   1    |  1914   |   0.323897   |     -      |     -     |   4.78   
   1    |  1936   |   0.255419   |     -      |     -     |   4.79   
   1    |  1958   |   0.267540   |     -      |     -     |   4.79   
   1    |  1980   |   0.349184   |     -      |     -     |   4.79   
   1    |  2002   |   0.381977   |     -      |     -     |   4.79   
   1    |  2024   |   0.366061   |     -      |     -     |   4.82   
   1    |  2046   |   0.300212   |     -      |     -     |   4.77   
   1    |  2068   |   0.312299   |     -      |     -     |   4.76   
   1    |  2090   |   0.313752   |     -      |     -     |   4.79   
   1    |  2112   |   0.306255   |     -      |     -     |   4.80   
   1    |  2134   |   0.292311   |     -      |     -     |   4.78   
   1    |  2156   |   0.367807   |     -      |     -     |   4.71   
   1    |  2178   |   0.231888   |     -      |     -     |   4.76   
   1    |  2200   |   0.306788   |     -      |     -     |   4.76   
   1    |  2222   |   0.272020   |     -      |     -     |   4.77   
   1    |  2244   |   0.291055   |     -      |     -     |   4.79   
   1    |  2249   |   0.274392   |     -      |     -     |   1.09   
----------------------------------------------------------------------
   1    |    -    |   0.465622   |  0.313749  |   91.53   |  503.19  
----------------------------------------------------------------------


 Epoch  |  Batch  |  Train Loss  | Test Loss  | Test Acc  |  Elapsed 
----------------------------------------------------------------------
   2    |   22    |   0.280842   |     -      |     -     |   4.93   
   2    |   44    |   0.251524   |     -      |     -     |   4.68   
   2    |   66    |   0.302973   |     -      |     -     |   4.72   
   2    |   88    |   0.300329   |     -      |     -     |   4.77   
   2    |   110   |   0.255592   |     -      |     -     |   4.74   
   2    |   132   |   0.236334   |     -      |     -     |   4.71   
   2    |   154   |   0.283600   |     -      |     -     |   4.73   
   2    |   176   |   0.175797   |     -      |     -     |   4.73   
   2    |   198   |   0.192658   |     -      |     -     |   4.75   
   2    |   220   |   0.346009   |     -      |     -     |   4.73   
   2    |   242   |   0.291738   |     -      |     -     |   4.72   
   2    |   264   |   0.249071   |     -      |     -     |   4.72   
   2    |   286   |   0.192375   |     -      |     -     |   4.73   
   2    |   308   |   0.294374   |     -      |     -     |   4.72   
   2    |   330   |   0.246120   |     -      |     -     |   4.64   
   2    |   352   |   0.269786   |     -      |     -     |   4.63   
   2    |   374   |   0.258720   |     -      |     -     |   4.63   
   2    |   396   |   0.367429   |     -      |     -     |   4.64   
   2    |   418   |   0.209459   |     -      |     -     |   4.62   
   2    |   440   |   0.170864   |     -      |     -     |   4.63   
   2    |   462   |   0.254976   |     -      |     -     |   4.62   
   2    |   484   |   0.244169   |     -      |     -     |   4.70   
   2    |   506   |   0.328399   |     -      |     -     |   4.72   
   2    |   528   |   0.164151   |     -      |     -     |   4.71   
   2    |   550   |   0.249087   |     -      |     -     |   4.64   
   2    |   572   |   0.253931   |     -      |     -     |   4.73   
   2    |   594   |   0.288422   |     -      |     -     |   4.83   
   2    |   616   |   0.228146   |     -      |     -     |   4.79   
   2    |   638   |   0.213661   |     -      |     -     |   4.77   
   2    |   660   |   0.293077   |     -      |     -     |   4.83   
   2    |   682   |   0.286321   |     -      |     -     |   4.81   
   2    |   704   |   0.266112   |     -      |     -     |   4.81   
   2    |   726   |   0.228699   |     -      |     -     |   4.81   
   2    |   748   |   0.259321   |     -      |     -     |   4.82   
   2    |   770   |   0.209210   |     -      |     -     |   4.79   
   2    |   792   |   0.299878   |     -      |     -     |   4.83   
   2    |   814   |   0.253647   |     -      |     -     |   4.82   
   2    |   836   |   0.301836   |     -      |     -     |   4.82   
   2    |   858   |   0.166306   |     -      |     -     |   4.83   
   2    |   880   |   0.182188   |     -      |     -     |   4.82   
   2    |   902   |   0.254860   |     -      |     -     |   4.83   
   2    |   924   |   0.249638   |     -      |     -     |   4.78   
   2    |   946   |   0.306712   |     -      |     -     |   4.77   
   2    |   968   |   0.221935   |     -      |     -     |   4.76   
   2    |   990   |   0.202260   |     -      |     -     |   4.77   
   2    |  1012   |   0.237012   |     -      |     -     |   4.77   
   2    |  1034   |   0.329506   |     -      |     -     |   4.75   
   2    |  1056   |   0.242472   |     -      |     -     |   4.71   
   2    |  1078   |   0.234505   |     -      |     -     |   4.76   
   2    |  1100   |   0.218547   |     -      |     -     |   4.71   
   2    |  1122   |   0.262452   |     -      |     -     |   4.79   
   2    |  1144   |   0.216620   |     -      |     -     |   4.78   
   2    |  1166   |   0.268795   |     -      |     -     |   4.80   
   2    |  1188   |   0.192909   |     -      |     -     |   4.79   
   2    |  1210   |   0.258868   |     -      |     -     |   4.79   
   2    |  1232   |   0.211308   |     -      |     -     |   4.78   
   2    |  1254   |   0.219137   |     -      |     -     |   4.79   
   2    |  1276   |   0.283016   |     -      |     -     |   4.81   
   2    |  1298   |   0.267201   |     -      |     -     |   4.85   
   2    |  1320   |   0.222922   |     -      |     -     |   4.79   
   2    |  1342   |   0.238356   |     -      |     -     |   4.80   
   2    |  1364   |   0.222527   |     -      |     -     |   4.79   
   2    |  1386   |   0.211867   |     -      |     -     |   4.78   
   2    |  1408   |   0.265230   |     -      |     -     |   4.78   
   2    |  1430   |   0.267854   |     -      |     -     |   4.77   
   2    |  1452   |   0.219500   |     -      |     -     |   4.78   
   2    |  1474   |   0.226439   |     -      |     -     |   4.75   
   2    |  1496   |   0.372366   |     -      |     -     |   4.77   
   2    |  1518   |   0.178222   |     -      |     -     |   4.77   
   2    |  1540   |   0.235561   |     -      |     -     |   4.75   
   2    |  1562   |   0.307615   |     -      |     -     |   4.79   
   2    |  1584   |   0.273794   |     -      |     -     |   4.77   
   2    |  1606   |   0.231365   |     -      |     -     |   4.76   
   2    |  1628   |   0.183805   |     -      |     -     |   4.60   
   2    |  1650   |   0.214487   |     -      |     -     |   4.57   
   2    |  1672   |   0.212558   |     -      |     -     |   4.80   
   2    |  1694   |   0.249198   |     -      |     -     |   4.80   
   2    |  1716   |   0.194187   |     -      |     -     |   4.76   
   2    |  1738   |   0.219946   |     -      |     -     |   4.76   
   2    |  1760   |   0.219151   |     -      |     -     |   4.75   
   2    |  1782   |   0.146229   |     -      |     -     |   4.75   
   2    |  1804   |   0.244807   |     -      |     -     |   4.70   
   2    |  1826   |   0.210183   |     -      |     -     |   4.72   
   2    |  1848   |   0.206104   |     -      |     -     |   4.74   
   2    |  1870   |   0.195802   |     -      |     -     |   4.75   
   2    |  1892   |   0.304101   |     -      |     -     |   4.72   
   2    |  1914   |   0.220232   |     -      |     -     |   4.74   
   2    |  1936   |   0.238402   |     -      |     -     |   4.73   
   2    |  1958   |   0.244942   |     -      |     -     |   4.74   
   2    |  1980   |   0.290215   |     -      |     -     |   4.73   
   2    |  2002   |   0.202268   |     -      |     -     |   4.66   
   2    |  2024   |   0.251209   |     -      |     -     |   4.63   
   2    |  2046   |   0.346206   |     -      |     -     |   4.63   
   2    |  2068   |   0.157388   |     -      |     -     |   4.62   
   2    |  2090   |   0.287395   |     -      |     -     |   4.71   
   2    |  2112   |   0.236050   |     -      |     -     |   4.70   
   2    |  2134   |   0.268150   |     -      |     -     |   4.73   
   2    |  2156   |   0.221430   |     -      |     -     |   4.72   
   2    |  2178   |   0.255655   |     -      |     -     |   4.72   
   2    |  2200   |   0.196941   |     -      |     -     |   4.74   
   2    |  2222   |   0.255424   |     -      |     -     |   4.73   
   2    |  2244   |   0.149116   |     -      |     -     |   4.74   
   2    |  2249   |   0.179763   |     -      |     -     |   1.08   
----------------------------------------------------------------------
   2    |    -    |   0.244187   |  0.305157  |   92.53   |  501.24  
----------------------------------------------------------------------


 Epoch  |  Batch  |  Train Loss  | Test Loss  | Test Acc  |  Elapsed 
----------------------------------------------------------------------
   3    |   22    |   0.148046   |     -      |     -     |   5.01   
   3    |   44    |   0.113949   |     -      |     -     |   4.82   
   3    |   66    |   0.139119   |     -      |     -     |   4.83   
   3    |   88    |   0.132139   |     -      |     -     |   4.81   
   3    |   110   |   0.168281   |     -      |     -     |   4.78   
   3    |   132   |   0.179554   |     -      |     -     |   4.80   
   3    |   154   |   0.128856   |     -      |     -     |   4.81   
   3    |   176   |   0.168315   |     -      |     -     |   4.83   
   3    |   198   |   0.150055   |     -      |     -     |   4.82   
   3    |   220   |   0.165030   |     -      |     -     |   4.80   
   3    |   242   |   0.118466   |     -      |     -     |   4.82   
   3    |   264   |   0.244614   |     -      |     -     |   4.82   
   3    |   286   |   0.171103   |     -      |     -     |   4.77   
   3    |   308   |   0.125304   |     -      |     -     |   4.81   
   3    |   330   |   0.205168   |     -      |     -     |   4.79   
   3    |   352   |   0.158394   |     -      |     -     |   4.76   
   3    |   374   |   0.248378   |     -      |     -     |   4.64   
   3    |   396   |   0.127180   |     -      |     -     |   4.69   
   3    |   418   |   0.206185   |     -      |     -     |   4.69   
   3    |   440   |   0.240644   |     -      |     -     |   4.79   
   3    |   462   |   0.188574   |     -      |     -     |   4.76   
   3    |   484   |   0.144920   |     -      |     -     |   4.75   
   3    |   506   |   0.118061   |     -      |     -     |   4.79   
   3    |   528   |   0.198162   |     -      |     -     |   4.77   
   3    |   550   |   0.251702   |     -      |     -     |   4.76   
   3    |   572   |   0.176441   |     -      |     -     |   4.74   
   3    |   594   |   0.195381   |     -      |     -     |   4.76   
   3    |   616   |   0.240288   |     -      |     -     |   4.78   
   3    |   638   |   0.168324   |     -      |     -     |   4.79   
   3    |   660   |   0.173415   |     -      |     -     |   4.75   
   3    |   682   |   0.202874   |     -      |     -     |   4.73   
   3    |   704   |   0.189100   |     -      |     -     |   4.76   
   3    |   726   |   0.193252   |     -      |     -     |   4.77   
   3    |   748   |   0.257486   |     -      |     -     |   4.73   
   3    |   770   |   0.145530   |     -      |     -     |   4.68   
   3    |   792   |   0.232954   |     -      |     -     |   4.68   
   3    |   814   |   0.160956   |     -      |     -     |   4.78   
   3    |   836   |   0.199417   |     -      |     -     |   4.77   
   3    |   858   |   0.122089   |     -      |     -     |   4.78   
   3    |   880   |   0.186353   |     -      |     -     |   4.74   
   3    |   902   |   0.145733   |     -      |     -     |   4.75   
   3    |   924   |   0.109133   |     -      |     -     |   4.78   
   3    |   946   |   0.153558   |     -      |     -     |   4.75   
   3    |   968   |   0.112385   |     -      |     -     |   4.74   
   3    |   990   |   0.189595   |     -      |     -     |   4.74   
   3    |  1012   |   0.203140   |     -      |     -     |   4.73   
   3    |  1034   |   0.118349   |     -      |     -     |   4.73   
   3    |  1056   |   0.122360   |     -      |     -     |   4.76   
   3    |  1078   |   0.226349   |     -      |     -     |   4.67   
   3    |  1100   |   0.216672   |     -      |     -     |   4.67   
   3    |  1122   |   0.222600   |     -      |     -     |   4.67   
   3    |  1144   |   0.179596   |     -      |     -     |   4.72   
   3    |  1166   |   0.176060   |     -      |     -     |   4.73   
   3    |  1188   |   0.179532   |     -      |     -     |   4.70   
   3    |  1210   |   0.133498   |     -      |     -     |   4.66   
   3    |  1232   |   0.172010   |     -      |     -     |   4.81   
   3    |  1254   |   0.189626   |     -      |     -     |   4.73   
   3    |  1276   |   0.160652   |     -      |     -     |   4.90   
   3    |  1298   |   0.148479   |     -      |     -     |   4.84   
   3    |  1320   |   0.249953   |     -      |     -     |   4.88   
   3    |  1342   |   0.161707   |     -      |     -     |   4.82   
   3    |  1364   |   0.122412   |     -      |     -     |   4.75   
   3    |  1386   |   0.061742   |     -      |     -     |   4.73   
   3    |  1408   |   0.214131   |     -      |     -     |   4.68   
   3    |  1430   |   0.225815   |     -      |     -     |   4.67   
   3    |  1452   |   0.142098   |     -      |     -     |   4.68   
   3    |  1474   |   0.116509   |     -      |     -     |   4.68   
   3    |  1496   |   0.132576   |     -      |     -     |   4.67   
   3    |  1518   |   0.184395   |     -      |     -     |   4.66   
   3    |  1540   |   0.190698   |     -      |     -     |   4.67   
   3    |  1562   |   0.099718   |     -      |     -     |   4.66   
   3    |  1584   |   0.176574   |     -      |     -     |   4.65   
   3    |  1606   |   0.173924   |     -      |     -     |   4.71   
   3    |  1628   |   0.307276   |     -      |     -     |   4.69   
   3    |  1650   |   0.195716   |     -      |     -     |   4.65   
   3    |  1672   |   0.142479   |     -      |     -     |   4.65   
   3    |  1694   |   0.176751   |     -      |     -     |   4.76   
   3    |  1716   |   0.145541   |     -      |     -     |   4.82   
   3    |  1738   |   0.131929   |     -      |     -     |   4.83   
   3    |  1760   |   0.192009   |     -      |     -     |   4.87   
   3    |  1782   |   0.202809   |     -      |     -     |   4.83   
   3    |  1804   |   0.178827   |     -      |     -     |   4.83   
   3    |  1826   |   0.201933   |     -      |     -     |   4.85   
   3    |  1848   |   0.126136   |     -      |     -     |   4.80   
   3    |  1870   |   0.139491   |     -      |     -     |   4.80   
   3    |  1892   |   0.179705   |     -      |     -     |   4.83   
   3    |  1914   |   0.099162   |     -      |     -     |   4.82   
   3    |  1936   |   0.145665   |     -      |     -     |   4.82   
   3    |  1958   |   0.153192   |     -      |     -     |   4.80   
   3    |  1980   |   0.101257   |     -      |     -     |   4.81   
   3    |  2002   |   0.094232   |     -      |     -     |   4.81   
   3    |  2024   |   0.235272   |     -      |     -     |   4.79   
   3    |  2046   |   0.200743   |     -      |     -     |   4.69   
   3    |  2068   |   0.144834   |     -      |     -     |   4.78   
   3    |  2090   |   0.153875   |     -      |     -     |   4.74   
   3    |  2112   |   0.178183   |     -      |     -     |   4.73   
   3    |  2134   |   0.208889   |     -      |     -     |   4.75   
   3    |  2156   |   0.152663   |     -      |     -     |   4.81   
   3    |  2178   |   0.166317   |     -      |     -     |   4.80   
   3    |  2200   |   0.177628   |     -      |     -     |   4.82   
   3    |  2222   |   0.126742   |     -      |     -     |   4.79   
   3    |  2244   |   0.124493   |     -      |     -     |   4.76   
   3    |  2249   |   0.102244   |     -      |     -     |   1.08   
----------------------------------------------------------------------
   3    |    -    |   0.169247   |  0.303958  |   92.78   |  502.90  
----------------------------------------------------------------------


 Epoch  |  Batch  |  Train Loss  | Test Loss  | Test Acc  |  Elapsed 
----------------------------------------------------------------------
   4    |   22    |   0.068592   |     -      |     -     |   4.97   
   4    |   44    |   0.110907   |     -      |     -     |   4.78   
   4    |   66    |   0.082914   |     -      |     -     |   4.75   
   4    |   88    |   0.120223   |     -      |     -     |   4.99   
   4    |   110   |   0.079054   |     -      |     -     |   4.79   
   4    |   132   |   0.042960   |     -      |     -     |   4.76   
   4    |   154   |   0.115120   |     -      |     -     |   4.77   
   4    |   176   |   0.141465   |     -      |     -     |   4.77   
   4    |   198   |   0.109214   |     -      |     -     |   4.77   
   4    |   220   |   0.105981   |     -      |     -     |   4.76   
   4    |   242   |   0.184313   |     -      |     -     |   4.78   
   4    |   264   |   0.127025   |     -      |     -     |   4.76   
   4    |   286   |   0.157637   |     -      |     -     |   4.79   
   4    |   308   |   0.088244   |     -      |     -     |   4.76   
   4    |   330   |   0.136670   |     -      |     -     |   4.79   
   4    |   352   |   0.059905   |     -      |     -     |   4.78   
   4    |   374   |   0.076968   |     -      |     -     |   4.76   
   4    |   396   |   0.188804   |     -      |     -     |   4.75   
   4    |   418   |   0.035910   |     -      |     -     |   4.73   
   4    |   440   |   0.041148   |     -      |     -     |   4.77   
   4    |   462   |   0.070747   |     -      |     -     |   4.78   
   4    |   484   |   0.140654   |     -      |     -     |   4.94   
   4    |   506   |   0.131237   |     -      |     -     |   4.81   
   4    |   528   |   0.088627   |     -      |     -     |   4.75   
   4    |   550   |   0.113494   |     -      |     -     |   4.85   
   4    |   572   |   0.070418   |     -      |     -     |   4.75   
   4    |   594   |   0.084977   |     -      |     -     |   4.74   
   4    |   616   |   0.159348   |     -      |     -     |   4.75   
   4    |   638   |   0.055052   |     -      |     -     |   4.73   
   4    |   660   |   0.095004   |     -      |     -     |   4.77   
   4    |   682   |   0.139968   |     -      |     -     |   4.73   
   4    |   704   |   0.105684   |     -      |     -     |   4.71   
   4    |   726   |   0.105160   |     -      |     -     |   4.74   
   4    |   748   |   0.103802   |     -      |     -     |   4.68   
   4    |   770   |   0.098038   |     -      |     -     |   4.57   
   4    |   792   |   0.140455   |     -      |     -     |   4.59   
   4    |   814   |   0.071148   |     -      |     -     |   4.62   
   4    |   836   |   0.115267   |     -      |     -     |   4.70   
   4    |   858   |   0.147637   |     -      |     -     |   4.73   
   4    |   880   |   0.105118   |     -      |     -     |   4.68   
   4    |   902   |   0.105181   |     -      |     -     |   4.61   
   4    |   924   |   0.140572   |     -      |     -     |   4.69   
   4    |   946   |   0.121269   |     -      |     -     |   4.72   
   4    |   968   |   0.049021   |     -      |     -     |   4.78   
   4    |   990   |   0.103519   |     -      |     -     |   4.76   
   4    |  1012   |   0.045626   |     -      |     -     |   4.79   
   4    |  1034   |   0.096586   |     -      |     -     |   4.81   
   4    |  1056   |   0.086326   |     -      |     -     |   4.80   
   4    |  1078   |   0.202341   |     -      |     -     |   4.87   
   4    |  1100   |   0.098872   |     -      |     -     |   4.81   
   4    |  1122   |   0.072421   |     -      |     -     |   4.79   
   4    |  1144   |   0.054023   |     -      |     -     |   4.82   
   4    |  1166   |   0.198704   |     -      |     -     |   4.88   
   4    |  1188   |   0.107915   |     -      |     -     |   5.00   
   4    |  1210   |   0.177969   |     -      |     -     |   4.81   
   4    |  1232   |   0.084142   |     -      |     -     |   4.82   
   4    |  1254   |   0.105279   |     -      |     -     |   4.84   
   4    |  1276   |   0.126382   |     -      |     -     |   4.83   
   4    |  1298   |   0.083384   |     -      |     -     |   4.69   
   4    |  1320   |   0.141014   |     -      |     -     |   4.78   
   4    |  1342   |   0.099466   |     -      |     -     |   4.89   
   4    |  1364   |   0.084064   |     -      |     -     |   4.96   
   4    |  1386   |   0.152603   |     -      |     -     |   4.80   
   4    |  1408   |   0.102927   |     -      |     -     |   4.79   
   4    |  1430   |   0.123799   |     -      |     -     |   4.93   
   4    |  1452   |   0.133395   |     -      |     -     |   4.93   
   4    |  1474   |   0.076009   |     -      |     -     |   4.73   
   4    |  1496   |   0.077372   |     -      |     -     |   4.71   
   4    |  1518   |   0.132550   |     -      |     -     |   4.76   
   4    |  1540   |   0.061821   |     -      |     -     |   4.78   
   4    |  1562   |   0.122087   |     -      |     -     |   4.76   
   4    |  1584   |   0.057918   |     -      |     -     |   4.78   
   4    |  1606   |   0.124476   |     -      |     -     |   4.77   
   4    |  1628   |   0.122546   |     -      |     -     |   4.79   
   4    |  1650   |   0.050228   |     -      |     -     |   4.77   
   4    |  1672   |   0.067484   |     -      |     -     |   4.71   
   4    |  1694   |   0.073815   |     -      |     -     |   4.80   
   4    |  1716   |   0.057303   |     -      |     -     |   4.89   
   4    |  1738   |   0.124118   |     -      |     -     |   4.76   
   4    |  1760   |   0.125856   |     -      |     -     |   4.97   
   4    |  1782   |   0.120665   |     -      |     -     |   5.03   
   4    |  1804   |   0.154034   |     -      |     -     |   4.95   
   4    |  1826   |   0.108273   |     -      |     -     |   4.89   
   4    |  1848   |   0.151219   |     -      |     -     |   4.80   
   4    |  1870   |   0.137409   |     -      |     -     |   4.81   
   4    |  1892   |   0.130437   |     -      |     -     |   4.73   
   4    |  1914   |   0.112809   |     -      |     -     |   4.75   
   4    |  1936   |   0.111023   |     -      |     -     |   4.98   
   4    |  1958   |   0.153385   |     -      |     -     |   4.75   
   4    |  1980   |   0.108282   |     -      |     -     |   4.78   
   4    |  2002   |   0.053507   |     -      |     -     |   4.78   
   4    |  2024   |   0.102881   |     -      |     -     |   4.73   
   4    |  2046   |   0.134769   |     -      |     -     |   4.78   
   4    |  2068   |   0.110349   |     -      |     -     |   4.76   
   4    |  2090   |   0.155371   |     -      |     -     |   4.70   
   4    |  2112   |   0.096909   |     -      |     -     |   4.75   
   4    |  2134   |   0.076355   |     -      |     -     |   4.78   
   4    |  2156   |   0.086842   |     -      |     -     |   4.75   
   4    |  2178   |   0.073639   |     -      |     -     |   4.77   
   4    |  2200   |   0.078033   |     -      |     -     |   4.76   
   4    |  2222   |   0.053059   |     -      |     -     |   4.78   
   4    |  2244   |   0.110039   |     -      |     -     |   4.76   
   4    |  2249   |   0.197931   |     -      |     -     |   1.09   
----------------------------------------------------------------------
   4    |    -    |   0.106115   |  0.326388  |   92.78   |  505.46  
----------------------------------------------------------------------


---------------      Training finished in 33.55 minute.       ---------------
Acc on test dataset: 92.77%
