arg: {'prefix': 'agnews_ptrTY_2', 'read_from': 'imdb_trTY', 'dataset': 'agnews', 'fp_num': 2}
There are 1 GPU(s) available.
Device name: NVIDIA GeForce RTX 3090
---------------                Reading data...                ---------------
---------------     Reading data finished in 0.01 minute.     ---------------
---------------              Tokenizing data...               ---------------
---------------   Tokenizing data finished in 0.80 minute.    ---------------
---------------            Preprocessing torch...             ---------------
--------------- Preprocessing torch finished in 0.00 minute.  ---------------
---------------             Initializing model...             ---------------
---------------  Initializing model finished in 0.00 minute.  ---------------
---------------                  Training...                  ---------------
 Epoch  |  Batch  |  Train Loss  | Test Loss  | Test Acc  |  Elapsed 
----------------------------------------------------------------------
   1    |   22    |   1.397018   |     -      |     -     |   4.96   
   1    |   44    |   1.392024   |     -      |     -     |   4.71   
   1    |   66    |   1.390228   |     -      |     -     |   4.72   
   1    |   88    |   1.361101   |     -      |     -     |   4.73   
   1    |   110   |   1.327201   |     -      |     -     |   4.72   
   1    |   132   |   1.263794   |     -      |     -     |   4.71   
   1    |   154   |   1.175789   |     -      |     -     |   4.74   
   1    |   176   |   1.093473   |     -      |     -     |   4.72   
   1    |   198   |   1.018733   |     -      |     -     |   4.73   
   1    |   220   |   0.939825   |     -      |     -     |   4.80   
   1    |   242   |   0.814287   |     -      |     -     |   4.76   
   1    |   264   |   0.778296   |     -      |     -     |   4.76   
   1    |   286   |   0.725029   |     -      |     -     |   4.76   
   1    |   308   |   0.638829   |     -      |     -     |   4.74   
   1    |   330   |   0.630771   |     -      |     -     |   4.76   
   1    |   352   |   0.577715   |     -      |     -     |   4.73   
   1    |   374   |   0.477454   |     -      |     -     |   4.74   
   1    |   396   |   0.389139   |     -      |     -     |   4.74   
   1    |   418   |   0.387061   |     -      |     -     |   4.76   
   1    |   440   |   0.478374   |     -      |     -     |   4.67   
   1    |   462   |   0.496596   |     -      |     -     |   4.77   
   1    |   484   |   0.503135   |     -      |     -     |   4.76   
   1    |   506   |   0.363657   |     -      |     -     |   4.75   
   1    |   528   |   0.394156   |     -      |     -     |   4.80   
   1    |   550   |   0.462772   |     -      |     -     |   4.75   
   1    |   572   |   0.425317   |     -      |     -     |   4.76   
   1    |   594   |   0.421589   |     -      |     -     |   4.78   
   1    |   616   |   0.452399   |     -      |     -     |   4.76   
   1    |   638   |   0.466000   |     -      |     -     |   4.75   
   1    |   660   |   0.310273   |     -      |     -     |   4.74   
   1    |   682   |   0.424001   |     -      |     -     |   4.75   
   1    |   704   |   0.359713   |     -      |     -     |   4.79   
   1    |   726   |   0.421797   |     -      |     -     |   4.72   
   1    |   748   |   0.403847   |     -      |     -     |   4.80   
   1    |   770   |   0.368129   |     -      |     -     |   4.63   
   1    |   792   |   0.405232   |     -      |     -     |   4.55   
   1    |   814   |   0.330735   |     -      |     -     |   4.56   
   1    |   836   |   0.322224   |     -      |     -     |   4.56   
   1    |   858   |   0.353745   |     -      |     -     |   4.56   
   1    |   880   |   0.308618   |     -      |     -     |   4.77   
   1    |   902   |   0.303194   |     -      |     -     |   4.79   
   1    |   924   |   0.381594   |     -      |     -     |   4.97   
   1    |   946   |   0.243481   |     -      |     -     |   4.80   
   1    |   968   |   0.416592   |     -      |     -     |   4.78   
   1    |   990   |   0.368329   |     -      |     -     |   4.76   
   1    |  1012   |   0.332732   |     -      |     -     |   4.78   
   1    |  1034   |   0.244732   |     -      |     -     |   4.80   
   1    |  1056   |   0.342525   |     -      |     -     |   4.79   
   1    |  1078   |   0.371755   |     -      |     -     |   4.79   
   1    |  1100   |   0.377990   |     -      |     -     |   4.73   
   1    |  1122   |   0.393924   |     -      |     -     |   4.75   
   1    |  1144   |   0.274877   |     -      |     -     |   4.73   
   1    |  1166   |   0.334730   |     -      |     -     |   4.73   
   1    |  1188   |   0.309621   |     -      |     -     |   4.72   
   1    |  1210   |   0.343613   |     -      |     -     |   4.75   
   1    |  1232   |   0.325045   |     -      |     -     |   4.70   
   1    |  1254   |   0.302841   |     -      |     -     |   4.75   
   1    |  1276   |   0.342245   |     -      |     -     |   4.77   
   1    |  1298   |   0.348124   |     -      |     -     |   4.72   
   1    |  1320   |   0.311053   |     -      |     -     |   4.75   
   1    |  1342   |   0.350093   |     -      |     -     |   4.80   
   1    |  1364   |   0.273162   |     -      |     -     |   4.81   
   1    |  1386   |   0.290143   |     -      |     -     |   4.82   
   1    |  1408   |   0.342080   |     -      |     -     |   4.83   
   1    |  1430   |   0.366740   |     -      |     -     |   4.81   
   1    |  1452   |   0.340078   |     -      |     -     |   4.74   
   1    |  1474   |   0.286245   |     -      |     -     |   4.76   
   1    |  1496   |   0.209848   |     -      |     -     |   4.79   
   1    |  1518   |   0.201515   |     -      |     -     |   4.77   
   1    |  1540   |   0.264934   |     -      |     -     |   4.80   
   1    |  1562   |   0.368270   |     -      |     -     |   4.78   
   1    |  1584   |   0.263862   |     -      |     -     |   4.76   
   1    |  1606   |   0.359914   |     -      |     -     |   4.76   
   1    |  1628   |   0.296194   |     -      |     -     |   4.70   
   1    |  1650   |   0.287459   |     -      |     -     |   4.72   
   1    |  1672   |   0.242989   |     -      |     -     |   4.78   
   1    |  1694   |   0.289226   |     -      |     -     |   4.75   
   1    |  1716   |   0.214272   |     -      |     -     |   4.72   
   1    |  1738   |   0.320728   |     -      |     -     |   4.68   
   1    |  1760   |   0.289291   |     -      |     -     |   4.75   
   1    |  1782   |   0.288174   |     -      |     -     |   4.71   
   1    |  1804   |   0.312467   |     -      |     -     |   4.72   
   1    |  1826   |   0.310417   |     -      |     -     |   4.74   
   1    |  1848   |   0.303431   |     -      |     -     |   4.68   
   1    |  1870   |   0.281566   |     -      |     -     |   4.77   
   1    |  1892   |   0.270383   |     -      |     -     |   4.75   
   1    |  1914   |   0.319886   |     -      |     -     |   4.79   
   1    |  1936   |   0.280516   |     -      |     -     |   4.80   
   1    |  1958   |   0.273490   |     -      |     -     |   4.74   
   1    |  1980   |   0.347293   |     -      |     -     |   4.68   
   1    |  2002   |   0.286456   |     -      |     -     |   4.71   
   1    |  2024   |   0.234181   |     -      |     -     |   4.72   
   1    |  2046   |   0.235962   |     -      |     -     |   4.76   
   1    |  2068   |   0.367768   |     -      |     -     |   4.77   
   1    |  2090   |   0.319495   |     -      |     -     |   4.79   
   1    |  2112   |   0.345946   |     -      |     -     |   4.77   
   1    |  2134   |   0.281645   |     -      |     -     |   4.77   
   1    |  2156   |   0.298814   |     -      |     -     |   4.78   
   1    |  2178   |   0.229198   |     -      |     -     |   4.81   
   1    |  2200   |   0.179508   |     -      |     -     |   4.79   
   1    |  2222   |   0.298221   |     -      |     -     |   4.73   
   1    |  2244   |   0.365255   |     -      |     -     |   4.70   
   1    |  2249   |   0.224422   |     -      |     -     |   1.08   
----------------------------------------------------------------------
   1    |    -    |   0.443136   |  0.276006  |   91.40   |  501.70  
----------------------------------------------------------------------


 Epoch  |  Batch  |  Train Loss  | Test Loss  | Test Acc  |  Elapsed 
----------------------------------------------------------------------
   2    |   22    |   0.140811   |     -      |     -     |   5.02   
   2    |   44    |   0.167352   |     -      |     -     |   4.78   
   2    |   66    |   0.200554   |     -      |     -     |   4.81   
   2    |   88    |   0.217855   |     -      |     -     |   4.77   
   2    |   110   |   0.206229   |     -      |     -     |   4.81   
   2    |   132   |   0.159374   |     -      |     -     |   4.76   
   2    |   154   |   0.209644   |     -      |     -     |   4.81   
   2    |   176   |   0.254471   |     -      |     -     |   4.81   
   2    |   198   |   0.166389   |     -      |     -     |   4.77   
   2    |   220   |   0.168394   |     -      |     -     |   4.78   
   2    |   242   |   0.261768   |     -      |     -     |   4.76   
   2    |   264   |   0.314080   |     -      |     -     |   4.77   
   2    |   286   |   0.184258   |     -      |     -     |   4.79   
   2    |   308   |   0.266405   |     -      |     -     |   4.78   
   2    |   330   |   0.257753   |     -      |     -     |   4.76   
   2    |   352   |   0.236876   |     -      |     -     |   4.78   
   2    |   374   |   0.242873   |     -      |     -     |   4.78   
   2    |   396   |   0.159153   |     -      |     -     |   4.78   
   2    |   418   |   0.190435   |     -      |     -     |   4.77   
   2    |   440   |   0.135833   |     -      |     -     |   4.76   
   2    |   462   |   0.235738   |     -      |     -     |   4.72   
   2    |   484   |   0.291193   |     -      |     -     |   4.75   
   2    |   506   |   0.229721   |     -      |     -     |   4.76   
   2    |   528   |   0.179409   |     -      |     -     |   4.74   
   2    |   550   |   0.260636   |     -      |     -     |   4.74   
   2    |   572   |   0.220240   |     -      |     -     |   4.74   
   2    |   594   |   0.215748   |     -      |     -     |   4.74   
   2    |   616   |   0.173140   |     -      |     -     |   4.68   
   2    |   638   |   0.206170   |     -      |     -     |   4.72   
   2    |   660   |   0.203318   |     -      |     -     |   4.81   
   2    |   682   |   0.153298   |     -      |     -     |   4.80   
   2    |   704   |   0.193242   |     -      |     -     |   4.80   
   2    |   726   |   0.201405   |     -      |     -     |   4.82   
   2    |   748   |   0.242966   |     -      |     -     |   4.80   
   2    |   770   |   0.190773   |     -      |     -     |   4.80   
   2    |   792   |   0.125006   |     -      |     -     |   4.83   
   2    |   814   |   0.260891   |     -      |     -     |   4.76   
   2    |   836   |   0.265167   |     -      |     -     |   4.75   
   2    |   858   |   0.232510   |     -      |     -     |   4.77   
   2    |   880   |   0.235469   |     -      |     -     |   4.77   
   2    |   902   |   0.209926   |     -      |     -     |   4.79   
   2    |   924   |   0.223392   |     -      |     -     |   4.76   
   2    |   946   |   0.237997   |     -      |     -     |   4.72   
   2    |   968   |   0.228208   |     -      |     -     |   4.67   
   2    |   990   |   0.256637   |     -      |     -     |   4.74   
   2    |  1012   |   0.271893   |     -      |     -     |   4.68   
   2    |  1034   |   0.208358   |     -      |     -     |   4.72   
   2    |  1056   |   0.232920   |     -      |     -     |   4.74   
   2    |  1078   |   0.269860   |     -      |     -     |   4.77   
   2    |  1100   |   0.250464   |     -      |     -     |   4.77   
   2    |  1122   |   0.150673   |     -      |     -     |   4.82   
   2    |  1144   |   0.193200   |     -      |     -     |   4.78   
   2    |  1166   |   0.229631   |     -      |     -     |   4.77   
   2    |  1188   |   0.225941   |     -      |     -     |   4.77   
   2    |  1210   |   0.272128   |     -      |     -     |   4.78   
   2    |  1232   |   0.245444   |     -      |     -     |   4.76   
   2    |  1254   |   0.190835   |     -      |     -     |   4.73   
   2    |  1276   |   0.215091   |     -      |     -     |   4.77   
   2    |  1298   |   0.225998   |     -      |     -     |   4.74   
   2    |  1320   |   0.312172   |     -      |     -     |   4.72   
   2    |  1342   |   0.174897   |     -      |     -     |   4.79   
   2    |  1364   |   0.174169   |     -      |     -     |   4.74   
   2    |  1386   |   0.168001   |     -      |     -     |   4.69   
   2    |  1408   |   0.209397   |     -      |     -     |   4.75   
   2    |  1430   |   0.192516   |     -      |     -     |   4.78   
   2    |  1452   |   0.247953   |     -      |     -     |   4.80   
   2    |  1474   |   0.211268   |     -      |     -     |   4.77   
   2    |  1496   |   0.177687   |     -      |     -     |   4.77   
   2    |  1518   |   0.124566   |     -      |     -     |   4.75   
   2    |  1540   |   0.241101   |     -      |     -     |   4.80   
   2    |  1562   |   0.195658   |     -      |     -     |   4.78   
   2    |  1584   |   0.174567   |     -      |     -     |   4.75   
   2    |  1606   |   0.118982   |     -      |     -     |   4.76   
   2    |  1628   |   0.177948   |     -      |     -     |   4.75   
   2    |  1650   |   0.151741   |     -      |     -     |   4.63   
   2    |  1672   |   0.203250   |     -      |     -     |   4.66   
   2    |  1694   |   0.209553   |     -      |     -     |   4.67   
   2    |  1716   |   0.206870   |     -      |     -     |   4.67   
   2    |  1738   |   0.161985   |     -      |     -     |   4.72   
   2    |  1760   |   0.150276   |     -      |     -     |   4.71   
   2    |  1782   |   0.186177   |     -      |     -     |   4.77   
   2    |  1804   |   0.257381   |     -      |     -     |   4.68   
   2    |  1826   |   0.230917   |     -      |     -     |   4.70   
   2    |  1848   |   0.257836   |     -      |     -     |   4.78   
   2    |  1870   |   0.190443   |     -      |     -     |   4.79   
   2    |  1892   |   0.183006   |     -      |     -     |   4.78   
   2    |  1914   |   0.184403   |     -      |     -     |   4.70   
   2    |  1936   |   0.217749   |     -      |     -     |   4.77   
   2    |  1958   |   0.191906   |     -      |     -     |   4.77   
   2    |  1980   |   0.169825   |     -      |     -     |   4.72   
   2    |  2002   |   0.220532   |     -      |     -     |   4.73   
   2    |  2024   |   0.168166   |     -      |     -     |   4.72   
   2    |  2046   |   0.170283   |     -      |     -     |   4.74   
   2    |  2068   |   0.179844   |     -      |     -     |   4.75   
   2    |  2090   |   0.118790   |     -      |     -     |   4.73   
   2    |  2112   |   0.128455   |     -      |     -     |   4.73   
   2    |  2134   |   0.242170   |     -      |     -     |   4.74   
   2    |  2156   |   0.212793   |     -      |     -     |   4.74   
   2    |  2178   |   0.153651   |     -      |     -     |   4.75   
   2    |  2200   |   0.188907   |     -      |     -     |   4.76   
   2    |  2222   |   0.183627   |     -      |     -     |   4.78   
   2    |  2244   |   0.197881   |     -      |     -     |   4.80   
   2    |  2249   |   0.246847   |     -      |     -     |   1.10   
----------------------------------------------------------------------
   2    |    -    |   0.206086   |  0.258223  |   92.88   |  502.72  
----------------------------------------------------------------------


---------------      Training finished in 16.74 minute.       ---------------
Acc on test dataset: 92.88%
