arg: {'prefix': 'agnews_base', 'read_from': None, 'dataset': 'agnews', 'fp_num': 0, 'train_typo': False, 'test_typo': False}
There are 1 GPU(s) available.
Device name: NVIDIA GeForce RTX 3090
---------------                Reading data...                ---------------
---------------     Reading data finished in 0.01 minute.     ---------------
---------------              Tokenizing data...               ---------------
---------------   Tokenizing data finished in 0.75 minute.    ---------------
---------------            Preprocessing torch...             ---------------
--------------- Preprocessing torch finished in 0.00 minute.  ---------------
---------------             Initializing model...             ---------------
---------------  Initializing model finished in 0.11 minute.  ---------------
---------------                  Training...                  ---------------
 Epoch  |  Batch  |  Train Loss  | Test Loss  | Test Acc  |  Elapsed 
----------------------------------------------------------------------
   1    |   22    |   1.393848   |     -      |     -     |   4.92   
   1    |   44    |   1.394611   |     -      |     -     |   4.72   
   1    |   66    |   1.387865   |     -      |     -     |   4.72   
   1    |   88    |   1.363448   |     -      |     -     |   4.69   
   1    |   110   |   1.329726   |     -      |     -     |   4.73   
   1    |   132   |   1.269815   |     -      |     -     |   4.67   
   1    |   154   |   1.195285   |     -      |     -     |   4.70   
   1    |   176   |   1.136445   |     -      |     -     |   4.74   
   1    |   198   |   1.072179   |     -      |     -     |   4.75   
   1    |   220   |   0.996060   |     -      |     -     |   4.79   
   1    |   242   |   0.932689   |     -      |     -     |   4.77   
   1    |   264   |   0.890247   |     -      |     -     |   4.73   
   1    |   286   |   0.848420   |     -      |     -     |   4.79   
   1    |   308   |   0.796750   |     -      |     -     |   4.81   
   1    |   330   |   0.743883   |     -      |     -     |   4.83   
   1    |   352   |   0.643968   |     -      |     -     |   4.79   
   1    |   374   |   0.595576   |     -      |     -     |   4.78   
   1    |   396   |   0.600343   |     -      |     -     |   4.79   
   1    |   418   |   0.546377   |     -      |     -     |   4.83   
   1    |   440   |   0.569606   |     -      |     -     |   4.83   
   1    |   462   |   0.499562   |     -      |     -     |   4.84   
   1    |   484   |   0.514848   |     -      |     -     |   4.81   
   1    |   506   |   0.458185   |     -      |     -     |   4.82   
   1    |   528   |   0.496302   |     -      |     -     |   4.79   
   1    |   550   |   0.403974   |     -      |     -     |   4.79   
   1    |   572   |   0.439455   |     -      |     -     |   4.81   
   1    |   594   |   0.410571   |     -      |     -     |   4.77   
   1    |   616   |   0.312454   |     -      |     -     |   4.79   
   1    |   638   |   0.486253   |     -      |     -     |   4.80   
   1    |   660   |   0.346101   |     -      |     -     |   4.80   
   1    |   682   |   0.387021   |     -      |     -     |   4.81   
   1    |   704   |   0.440016   |     -      |     -     |   4.80   
   1    |   726   |   0.361515   |     -      |     -     |   4.69   
   1    |   748   |   0.268771   |     -      |     -     |   4.79   
   1    |   770   |   0.377244   |     -      |     -     |   4.76   
   1    |   792   |   0.352459   |     -      |     -     |   4.80   
   1    |   814   |   0.316711   |     -      |     -     |   4.78   
   1    |   836   |   0.397547   |     -      |     -     |   4.77   
   1    |   858   |   0.271352   |     -      |     -     |   4.73   
   1    |   880   |   0.412378   |     -      |     -     |   4.80   
   1    |   902   |   0.386051   |     -      |     -     |   4.78   
   1    |   924   |   0.364893   |     -      |     -     |   4.79   
   1    |   946   |   0.329206   |     -      |     -     |   4.78   
   1    |   968   |   0.423227   |     -      |     -     |   4.76   
   1    |   990   |   0.308305   |     -      |     -     |   4.76   
   1    |  1012   |   0.361545   |     -      |     -     |   4.78   
   1    |  1034   |   0.444122   |     -      |     -     |   4.76   
   1    |  1056   |   0.364014   |     -      |     -     |   4.78   
   1    |  1078   |   0.290048   |     -      |     -     |   4.79   
   1    |  1100   |   0.350394   |     -      |     -     |   4.77   
   1    |  1122   |   0.419242   |     -      |     -     |   4.79   
   1    |  1144   |   0.292747   |     -      |     -     |   4.81   
   1    |  1166   |   0.371088   |     -      |     -     |   4.72   
   1    |  1188   |   0.353330   |     -      |     -     |   4.70   
   1    |  1210   |   0.306750   |     -      |     -     |   4.71   
   1    |  1232   |   0.315394   |     -      |     -     |   4.73   
   1    |  1254   |   0.319161   |     -      |     -     |   4.72   
   1    |  1276   |   0.332388   |     -      |     -     |   4.70   
   1    |  1298   |   0.311012   |     -      |     -     |   4.80   
   1    |  1320   |   0.312430   |     -      |     -     |   4.76   
   1    |  1342   |   0.319128   |     -      |     -     |   4.75   
   1    |  1364   |   0.339941   |     -      |     -     |   4.70   
   1    |  1386   |   0.351213   |     -      |     -     |   4.78   
   1    |  1408   |   0.267184   |     -      |     -     |   4.77   
   1    |  1430   |   0.370681   |     -      |     -     |   4.79   
   1    |  1452   |   0.357618   |     -      |     -     |   4.77   
   1    |  1474   |   0.379733   |     -      |     -     |   4.73   
   1    |  1496   |   0.239405   |     -      |     -     |   4.57   
   1    |  1518   |   0.287715   |     -      |     -     |   4.62   
   1    |  1540   |   0.372202   |     -      |     -     |   4.59   
   1    |  1562   |   0.283071   |     -      |     -     |   4.70   
   1    |  1584   |   0.360966   |     -      |     -     |   4.76   
   1    |  1606   |   0.260373   |     -      |     -     |   4.77   
   1    |  1628   |   0.356421   |     -      |     -     |   4.74   
   1    |  1650   |   0.279660   |     -      |     -     |   4.74   
   1    |  1672   |   0.206226   |     -      |     -     |   4.73   
   1    |  1694   |   0.267410   |     -      |     -     |   4.75   
   1    |  1716   |   0.406277   |     -      |     -     |   4.75   
   1    |  1738   |   0.294202   |     -      |     -     |   4.77   
   1    |  1760   |   0.319502   |     -      |     -     |   4.74   
   1    |  1782   |   0.356682   |     -      |     -     |   4.74   
   1    |  1804   |   0.322311   |     -      |     -     |   4.74   
   1    |  1826   |   0.267287   |     -      |     -     |   4.74   
   1    |  1848   |   0.301605   |     -      |     -     |   4.76   
   1    |  1870   |   0.200851   |     -      |     -     |   4.77   
   1    |  1892   |   0.300248   |     -      |     -     |   4.66   
   1    |  1914   |   0.303337   |     -      |     -     |   4.70   
   1    |  1936   |   0.229795   |     -      |     -     |   4.77   
   1    |  1958   |   0.278200   |     -      |     -     |   4.78   
   1    |  1980   |   0.412224   |     -      |     -     |   4.78   
   1    |  2002   |   0.378106   |     -      |     -     |   4.77   
   1    |  2024   |   0.304822   |     -      |     -     |   4.77   
   1    |  2046   |   0.318781   |     -      |     -     |   4.83   
   1    |  2068   |   0.298503   |     -      |     -     |   4.84   
   1    |  2090   |   0.292649   |     -      |     -     |   4.84   
   1    |  2112   |   0.359130   |     -      |     -     |   4.82   
   1    |  2134   |   0.290155   |     -      |     -     |   4.84   
   1    |  2156   |   0.311087   |     -      |     -     |   4.78   
   1    |  2178   |   0.234267   |     -      |     -     |   4.81   
   1    |  2200   |   0.349683   |     -      |     -     |   4.84   
   1    |  2222   |   0.250484   |     -      |     -     |   4.81   
   1    |  2244   |   0.282239   |     -      |     -     |   4.82   
   1    |  2249   |   0.230176   |     -      |     -     |   1.10   
----------------------------------------------------------------------
   1    |    -    |   0.466324   |  0.286014  |   91.65   |  503.37  
----------------------------------------------------------------------


 Epoch  |  Batch  |  Train Loss  | Test Loss  | Test Acc  |  Elapsed 
----------------------------------------------------------------------
   2    |   22    |   0.234015   |     -      |     -     |   5.00   
   2    |   44    |   0.205935   |     -      |     -     |   4.78   
   2    |   66    |   0.290614   |     -      |     -     |   4.76   
   2    |   88    |   0.294697   |     -      |     -     |   4.79   
   2    |   110   |   0.280125   |     -      |     -     |   4.79   
   2    |   132   |   0.242648   |     -      |     -     |   4.75   
   2    |   154   |   0.254669   |     -      |     -     |   4.76   
   2    |   176   |   0.153116   |     -      |     -     |   4.74   
   2    |   198   |   0.149360   |     -      |     -     |   4.70   
   2    |   220   |   0.313925   |     -      |     -     |   4.76   
   2    |   242   |   0.276072   |     -      |     -     |   4.79   
   2    |   264   |   0.283723   |     -      |     -     |   4.76   
   2    |   286   |   0.187475   |     -      |     -     |   4.77   
   2    |   308   |   0.280846   |     -      |     -     |   4.82   
   2    |   330   |   0.217894   |     -      |     -     |   4.79   
   2    |   352   |   0.283666   |     -      |     -     |   4.77   
   2    |   374   |   0.232772   |     -      |     -     |   4.75   
   2    |   396   |   0.351472   |     -      |     -     |   4.76   
   2    |   418   |   0.240644   |     -      |     -     |   4.76   
   2    |   440   |   0.215792   |     -      |     -     |   4.80   
   2    |   462   |   0.244939   |     -      |     -     |   4.79   
   2    |   484   |   0.260805   |     -      |     -     |   4.77   
   2    |   506   |   0.293756   |     -      |     -     |   4.78   
   2    |   528   |   0.160324   |     -      |     -     |   4.78   
   2    |   550   |   0.264576   |     -      |     -     |   4.75   
   2    |   572   |   0.247504   |     -      |     -     |   4.77   
   2    |   594   |   0.178181   |     -      |     -     |   4.77   
   2    |   616   |   0.218875   |     -      |     -     |   4.78   
   2    |   638   |   0.197715   |     -      |     -     |   4.79   
   2    |   660   |   0.216167   |     -      |     -     |   4.81   
   2    |   682   |   0.283764   |     -      |     -     |   4.78   
   2    |   704   |   0.284379   |     -      |     -     |   4.76   
   2    |   726   |   0.218472   |     -      |     -     |   4.78   
   2    |   748   |   0.274857   |     -      |     -     |   4.78   
   2    |   770   |   0.207677   |     -      |     -     |   4.79   
   2    |   792   |   0.239916   |     -      |     -     |   4.78   
   2    |   814   |   0.243500   |     -      |     -     |   4.77   
   2    |   836   |   0.254989   |     -      |     -     |   4.77   
   2    |   858   |   0.176703   |     -      |     -     |   4.75   
   2    |   880   |   0.174716   |     -      |     -     |   4.72   
   2    |   902   |   0.304846   |     -      |     -     |   4.74   
   2    |   924   |   0.264998   |     -      |     -     |   4.75   
   2    |   946   |   0.255891   |     -      |     -     |   4.73   
   2    |   968   |   0.210100   |     -      |     -     |   4.71   
   2    |   990   |   0.228911   |     -      |     -     |   4.70   
   2    |  1012   |   0.214597   |     -      |     -     |   4.66   
   2    |  1034   |   0.309105   |     -      |     -     |   4.72   
   2    |  1056   |   0.217204   |     -      |     -     |   4.75   
   2    |  1078   |   0.260627   |     -      |     -     |   4.74   
   2    |  1100   |   0.211424   |     -      |     -     |   4.68   
   2    |  1122   |   0.269814   |     -      |     -     |   4.66   
   2    |  1144   |   0.199508   |     -      |     -     |   4.74   
   2    |  1166   |   0.228607   |     -      |     -     |   4.80   
   2    |  1188   |   0.183464   |     -      |     -     |   4.77   
   2    |  1210   |   0.255100   |     -      |     -     |   4.76   
   2    |  1232   |   0.185884   |     -      |     -     |   4.75   
   2    |  1254   |   0.199538   |     -      |     -     |   4.75   
   2    |  1276   |   0.276894   |     -      |     -     |   4.73   
   2    |  1298   |   0.259665   |     -      |     -     |   4.77   
   2    |  1320   |   0.230864   |     -      |     -     |   4.75   
   2    |  1342   |   0.236523   |     -      |     -     |   4.76   
   2    |  1364   |   0.230017   |     -      |     -     |   4.75   
   2    |  1386   |   0.194959   |     -      |     -     |   4.76   
   2    |  1408   |   0.234509   |     -      |     -     |   4.73   
   2    |  1430   |   0.262272   |     -      |     -     |   4.76   
   2    |  1452   |   0.221686   |     -      |     -     |   4.69   
   2    |  1474   |   0.192938   |     -      |     -     |   4.66   
   2    |  1496   |   0.341957   |     -      |     -     |   4.79   
   2    |  1518   |   0.194519   |     -      |     -     |   4.77   
   2    |  1540   |   0.222649   |     -      |     -     |   4.76   
   2    |  1562   |   0.287258   |     -      |     -     |   4.75   
   2    |  1584   |   0.267100   |     -      |     -     |   4.73   
   2    |  1606   |   0.210018   |     -      |     -     |   4.77   
   2    |  1628   |   0.201286   |     -      |     -     |   4.75   
   2    |  1650   |   0.185474   |     -      |     -     |   4.76   
   2    |  1672   |   0.205887   |     -      |     -     |   4.75   
   2    |  1694   |   0.235543   |     -      |     -     |   4.75   
   2    |  1716   |   0.179161   |     -      |     -     |   4.77   
   2    |  1738   |   0.217677   |     -      |     -     |   4.70   
   2    |  1760   |   0.227464   |     -      |     -     |   4.67   
   2    |  1782   |   0.154395   |     -      |     -     |   4.82   
   2    |  1804   |   0.260012   |     -      |     -     |   4.79   
   2    |  1826   |   0.220490   |     -      |     -     |   4.76   
   2    |  1848   |   0.197874   |     -      |     -     |   4.76   
   2    |  1870   |   0.169720   |     -      |     -     |   4.69   
   2    |  1892   |   0.309848   |     -      |     -     |   4.71   
   2    |  1914   |   0.201868   |     -      |     -     |   4.80   
   2    |  1936   |   0.239495   |     -      |     -     |   4.77   
   2    |  1958   |   0.294292   |     -      |     -     |   4.74   
   2    |  1980   |   0.258264   |     -      |     -     |   4.76   
   2    |  2002   |   0.181201   |     -      |     -     |   4.76   
   2    |  2024   |   0.250107   |     -      |     -     |   4.78   
   2    |  2046   |   0.299176   |     -      |     -     |   4.74   
   2    |  2068   |   0.160581   |     -      |     -     |   4.76   
   2    |  2090   |   0.279722   |     -      |     -     |   4.74   
   2    |  2112   |   0.172296   |     -      |     -     |   4.76   
   2    |  2134   |   0.324580   |     -      |     -     |   4.74   
   2    |  2156   |   0.213768   |     -      |     -     |   4.76   
   2    |  2178   |   0.269775   |     -      |     -     |   4.72   
   2    |  2200   |   0.201857   |     -      |     -     |   4.70   
   2    |  2222   |   0.256766   |     -      |     -     |   4.67   
   2    |  2244   |   0.160254   |     -      |     -     |   4.69   
   2    |  2249   |   0.181217   |     -      |     -     |   1.06   
----------------------------------------------------------------------
   2    |    -    |   0.235404   |  0.274427  |   92.47   |  502.23  
----------------------------------------------------------------------


 Epoch  |  Batch  |  Train Loss  | Test Loss  | Test Acc  |  Elapsed 
----------------------------------------------------------------------
   3    |   22    |   0.095459   |     -      |     -     |   5.02   
   3    |   44    |   0.136014   |     -      |     -     |   4.77   
   3    |   66    |   0.162227   |     -      |     -     |   4.71   
   3    |   88    |   0.107506   |     -      |     -     |   4.67   
   3    |   110   |   0.120889   |     -      |     -     |   4.69   
   3    |   132   |   0.211737   |     -      |     -     |   4.78   
   3    |   154   |   0.161890   |     -      |     -     |   4.76   
   3    |   176   |   0.185336   |     -      |     -     |   4.76   
   3    |   198   |   0.147021   |     -      |     -     |   4.76   
   3    |   220   |   0.151865   |     -      |     -     |   4.74   
   3    |   242   |   0.126006   |     -      |     -     |   4.77   
   3    |   264   |   0.214840   |     -      |     -     |   4.71   
   3    |   286   |   0.161413   |     -      |     -     |   4.66   
   3    |   308   |   0.123244   |     -      |     -     |   4.63   
   3    |   330   |   0.149895   |     -      |     -     |   4.67   
   3    |   352   |   0.149411   |     -      |     -     |   4.72   
   3    |   374   |   0.188884   |     -      |     -     |   4.74   
   3    |   396   |   0.118738   |     -      |     -     |   4.71   
   3    |   418   |   0.157445   |     -      |     -     |   4.75   
   3    |   440   |   0.230628   |     -      |     -     |   4.74   
   3    |   462   |   0.157043   |     -      |     -     |   4.79   
   3    |   484   |   0.177277   |     -      |     -     |   4.73   
   3    |   506   |   0.107182   |     -      |     -     |   4.72   
   3    |   528   |   0.246719   |     -      |     -     |   4.73   
   3    |   550   |   0.238089   |     -      |     -     |   4.74   
   3    |   572   |   0.167146   |     -      |     -     |   4.73   
   3    |   594   |   0.167506   |     -      |     -     |   4.80   
   3    |   616   |   0.204681   |     -      |     -     |   4.80   
   3    |   638   |   0.122628   |     -      |     -     |   4.78   
   3    |   660   |   0.162705   |     -      |     -     |   4.78   
   3    |   682   |   0.169786   |     -      |     -     |   4.77   
   3    |   704   |   0.182840   |     -      |     -     |   4.77   
   3    |   726   |   0.173717   |     -      |     -     |   4.66   
   3    |   748   |   0.257603   |     -      |     -     |   4.68   
   3    |   770   |   0.137613   |     -      |     -     |   4.66   
   3    |   792   |   0.239942   |     -      |     -     |   4.72   
   3    |   814   |   0.170955   |     -      |     -     |   4.75   
   3    |   836   |   0.184535   |     -      |     -     |   4.76   
   3    |   858   |   0.103011   |     -      |     -     |   4.72   
   3    |   880   |   0.157239   |     -      |     -     |   4.74   
   3    |   902   |   0.145127   |     -      |     -     |   4.80   
   3    |   924   |   0.111300   |     -      |     -     |   4.78   
   3    |   946   |   0.127700   |     -      |     -     |   4.73   
   3    |   968   |   0.124490   |     -      |     -     |   4.76   
   3    |   990   |   0.164748   |     -      |     -     |   4.76   
   3    |  1012   |   0.177294   |     -      |     -     |   4.66   
   3    |  1034   |   0.100251   |     -      |     -     |   4.76   
   3    |  1056   |   0.106138   |     -      |     -     |   4.76   
   3    |  1078   |   0.168150   |     -      |     -     |   4.77   
   3    |  1100   |   0.288249   |     -      |     -     |   4.70   
   3    |  1122   |   0.199296   |     -      |     -     |   4.70   
   3    |  1144   |   0.152785   |     -      |     -     |   4.76   
   3    |  1166   |   0.177493   |     -      |     -     |   4.79   
   3    |  1188   |   0.164547   |     -      |     -     |   5.03   
   3    |  1210   |   0.128051   |     -      |     -     |   4.77   
   3    |  1232   |   0.194753   |     -      |     -     |   4.75   
   3    |  1254   |   0.157275   |     -      |     -     |   4.78   
   3    |  1276   |   0.123860   |     -      |     -     |   4.75   
   3    |  1298   |   0.170885   |     -      |     -     |   4.75   
   3    |  1320   |   0.211013   |     -      |     -     |   4.76   
   3    |  1342   |   0.143878   |     -      |     -     |   4.76   
   3    |  1364   |   0.098767   |     -      |     -     |   4.73   
   3    |  1386   |   0.059045   |     -      |     -     |   4.73   
   3    |  1408   |   0.164660   |     -      |     -     |   4.72   
   3    |  1430   |   0.192570   |     -      |     -     |   4.76   
   3    |  1452   |   0.149527   |     -      |     -     |   4.79   
   3    |  1474   |   0.106569   |     -      |     -     |   4.86   
   3    |  1496   |   0.133894   |     -      |     -     |   4.77   
   3    |  1518   |   0.167885   |     -      |     -     |   4.78   
   3    |  1540   |   0.157840   |     -      |     -     |   4.76   
   3    |  1562   |   0.140396   |     -      |     -     |   4.75   
   3    |  1584   |   0.105084   |     -      |     -     |   4.76   
   3    |  1606   |   0.171246   |     -      |     -     |   4.70   
   3    |  1628   |   0.275574   |     -      |     -     |   4.66   
   3    |  1650   |   0.169325   |     -      |     -     |   4.65   
   3    |  1672   |   0.105638   |     -      |     -     |   4.75   
   3    |  1694   |   0.136426   |     -      |     -     |   4.74   
   3    |  1716   |   0.114888   |     -      |     -     |   4.75   
   3    |  1738   |   0.175912   |     -      |     -     |   4.72   
   3    |  1760   |   0.234665   |     -      |     -     |   4.85   
   3    |  1782   |   0.199547   |     -      |     -     |   4.78   
   3    |  1804   |   0.221232   |     -      |     -     |   4.78   
   3    |  1826   |   0.202775   |     -      |     -     |   4.74   
   3    |  1848   |   0.141231   |     -      |     -     |   4.74   
   3    |  1870   |   0.132442   |     -      |     -     |   4.73   
   3    |  1892   |   0.144882   |     -      |     -     |   4.84   
   3    |  1914   |   0.090405   |     -      |     -     |   5.02   
   3    |  1936   |   0.111190   |     -      |     -     |   4.77   
   3    |  1958   |   0.190474   |     -      |     -     |   4.72   
   3    |  1980   |   0.112863   |     -      |     -     |   4.63   
   3    |  2002   |   0.111338   |     -      |     -     |   4.70   
   3    |  2024   |   0.230091   |     -      |     -     |   4.76   
   3    |  2046   |   0.182808   |     -      |     -     |   4.77   
   3    |  2068   |   0.129777   |     -      |     -     |   4.75   
   3    |  2090   |   0.082533   |     -      |     -     |   4.74   
   3    |  2112   |   0.215347   |     -      |     -     |   4.74   
   3    |  2134   |   0.229879   |     -      |     -     |   4.74   
   3    |  2156   |   0.108079   |     -      |     -     |   4.73   
   3    |  2178   |   0.165991   |     -      |     -     |   4.74   
   3    |  2200   |   0.151674   |     -      |     -     |   4.74   
   3    |  2222   |   0.130060   |     -      |     -     |   4.72   
   3    |  2244   |   0.091110   |     -      |     -     |   4.64   
   3    |  2249   |   0.199909   |     -      |     -     |   1.06   
----------------------------------------------------------------------
   3    |    -    |   0.158902   |  0.320086  |   92.45   |  501.66  
----------------------------------------------------------------------


 Epoch  |  Batch  |  Train Loss  | Test Loss  | Test Acc  |  Elapsed 
----------------------------------------------------------------------
   4    |   22    |   0.086519   |     -      |     -     |   5.00   
   4    |   44    |   0.109842   |     -      |     -     |   4.74   
   4    |   66    |   0.067028   |     -      |     -     |   4.74   
   4    |   88    |   0.121159   |     -      |     -     |   4.74   
   4    |   110   |   0.076413   |     -      |     -     |   4.75   
   4    |   132   |   0.041658   |     -      |     -     |   4.76   
   4    |   154   |   0.097879   |     -      |     -     |   4.83   
   4    |   176   |   0.087747   |     -      |     -     |   4.74   
   4    |   198   |   0.081217   |     -      |     -     |   4.74   
   4    |   220   |   0.126243   |     -      |     -     |   4.72   
   4    |   242   |   0.178851   |     -      |     -     |   4.78   
   4    |   264   |   0.077074   |     -      |     -     |   4.75   
   4    |   286   |   0.146266   |     -      |     -     |   4.82   
   4    |   308   |   0.092713   |     -      |     -     |   4.76   
   4    |   330   |   0.100773   |     -      |     -     |   4.69   
   4    |   352   |   0.061179   |     -      |     -     |   4.75   
   4    |   374   |   0.058503   |     -      |     -     |   4.75   
   4    |   396   |   0.131695   |     -      |     -     |   4.70   
   4    |   418   |   0.055523   |     -      |     -     |   4.65   
   4    |   440   |   0.032257   |     -      |     -     |   4.80   
   4    |   462   |   0.061411   |     -      |     -     |   4.80   
   4    |   484   |   0.126176   |     -      |     -     |   4.77   
   4    |   506   |   0.102707   |     -      |     -     |   4.76   
   4    |   528   |   0.105740   |     -      |     -     |   4.75   
   4    |   550   |   0.058656   |     -      |     -     |   4.74   
   4    |   572   |   0.051734   |     -      |     -     |   4.86   
   4    |   594   |   0.059633   |     -      |     -     |   4.74   
   4    |   616   |   0.099579   |     -      |     -     |   4.74   
   4    |   638   |   0.042179   |     -      |     -     |   4.64   
   4    |   660   |   0.094324   |     -      |     -     |   4.66   
   4    |   682   |   0.085219   |     -      |     -     |   4.65   
   4    |   704   |   0.103452   |     -      |     -     |   4.77   
   4    |   726   |   0.107726   |     -      |     -     |   4.90   
   4    |   748   |   0.088372   |     -      |     -     |   4.73   
   4    |   770   |   0.116731   |     -      |     -     |   4.70   
   4    |   792   |   0.102067   |     -      |     -     |   4.72   
   4    |   814   |   0.079609   |     -      |     -     |   4.76   
   4    |   836   |   0.083829   |     -      |     -     |   4.76   
   4    |   858   |   0.104350   |     -      |     -     |   4.83   
   4    |   880   |   0.044202   |     -      |     -     |   4.77   
   4    |   902   |   0.085241   |     -      |     -     |   4.69   
   4    |   924   |   0.113729   |     -      |     -     |   4.53   
   4    |   946   |   0.078293   |     -      |     -     |   4.57   
   4    |   968   |   0.055199   |     -      |     -     |   4.73   
   4    |   990   |   0.088057   |     -      |     -     |   4.73   
   4    |  1012   |   0.102684   |     -      |     -     |   4.78   
   4    |  1034   |   0.105936   |     -      |     -     |   4.79   
   4    |  1056   |   0.086588   |     -      |     -     |   4.76   
   4    |  1078   |   0.141948   |     -      |     -     |   4.75   
   4    |  1100   |   0.045727   |     -      |     -     |   4.75   
   4    |  1122   |   0.111718   |     -      |     -     |   4.74   
   4    |  1144   |   0.029482   |     -      |     -     |   4.73   
   4    |  1166   |   0.180779   |     -      |     -     |   4.82   
   4    |  1188   |   0.082074   |     -      |     -     |   4.78   
   4    |  1210   |   0.122353   |     -      |     -     |   4.77   
   4    |  1232   |   0.092872   |     -      |     -     |   4.74   
   4    |  1254   |   0.097676   |     -      |     -     |   4.75   
   4    |  1276   |   0.086846   |     -      |     -     |   4.75   
   4    |  1298   |   0.059856   |     -      |     -     |   4.75   
   4    |  1320   |   0.136998   |     -      |     -     |   4.76   
   4    |  1342   |   0.072523   |     -      |     -     |   4.77   
   4    |  1364   |   0.094504   |     -      |     -     |   4.66   
   4    |  1386   |   0.152432   |     -      |     -     |   4.63   
   4    |  1408   |   0.066762   |     -      |     -     |   4.62   
   4    |  1430   |   0.106168   |     -      |     -     |   4.67   
   4    |  1452   |   0.110574   |     -      |     -     |   4.69   
   4    |  1474   |   0.087399   |     -      |     -     |   4.80   
   4    |  1496   |   0.078386   |     -      |     -     |   4.77   
   4    |  1518   |   0.124013   |     -      |     -     |   4.75   
   4    |  1540   |   0.045207   |     -      |     -     |   4.74   
   4    |  1562   |   0.111869   |     -      |     -     |   4.75   
   4    |  1584   |   0.056391   |     -      |     -     |   4.75   
   4    |  1606   |   0.122877   |     -      |     -     |   4.76   
   4    |  1628   |   0.131730   |     -      |     -     |   4.77   
   4    |  1650   |   0.054854   |     -      |     -     |   4.75   
   4    |  1672   |   0.073367   |     -      |     -     |   4.77   
   4    |  1694   |   0.043996   |     -      |     -     |   4.74   
   4    |  1716   |   0.036747   |     -      |     -     |   4.75   
   4    |  1738   |   0.122962   |     -      |     -     |   4.75   
   4    |  1760   |   0.126219   |     -      |     -     |   4.75   
   4    |  1782   |   0.105626   |     -      |     -     |   4.73   
   4    |  1804   |   0.135793   |     -      |     -     |   4.75   
   4    |  1826   |   0.079532   |     -      |     -     |   4.76   
   4    |  1848   |   0.109163   |     -      |     -     |   4.74   
   4    |  1870   |   0.141695   |     -      |     -     |   4.75   
   4    |  1892   |   0.129449   |     -      |     -     |   4.73   
   4    |  1914   |   0.075970   |     -      |     -     |   4.83   
   4    |  1936   |   0.080367   |     -      |     -     |   4.78   
   4    |  1958   |   0.133059   |     -      |     -     |   4.71   
   4    |  1980   |   0.102340   |     -      |     -     |   4.74   
   4    |  2002   |   0.030523   |     -      |     -     |   4.76   
   4    |  2024   |   0.118425   |     -      |     -     |   4.75   
   4    |  2046   |   0.093773   |     -      |     -     |   4.79   
   4    |  2068   |   0.120433   |     -      |     -     |   4.81   
   4    |  2090   |   0.153403   |     -      |     -     |   4.81   
   4    |  2112   |   0.094253   |     -      |     -     |   4.77   
   4    |  2134   |   0.089453   |     -      |     -     |   4.78   
   4    |  2156   |   0.087285   |     -      |     -     |   4.76   
   4    |  2178   |   0.058642   |     -      |     -     |   4.76   
   4    |  2200   |   0.086403   |     -      |     -     |   4.79   
   4    |  2222   |   0.023977   |     -      |     -     |   4.74   
   4    |  2244   |   0.073750   |     -      |     -     |   4.73   
   4    |  2249   |   0.179892   |     -      |     -     |   1.08   
----------------------------------------------------------------------
   4    |    -    |   0.092296   |  0.333172  |   93.03   |  501.56  
----------------------------------------------------------------------


---------------      Training finished in 33.48 minute.       ---------------
Acc on test dataset: 93.03%
