arg: {'prefix': 'agnews_ptrNTY_2', 'read_from': 'imdb_trNTY', 'dataset': 'agnews', 'fp_num': 2}
There are 1 GPU(s) available.
Device name: NVIDIA GeForce RTX 3090
---------------                Reading data...                ---------------
---------------     Reading data finished in 0.01 minute.     ---------------
---------------              Tokenizing data...               ---------------
---------------   Tokenizing data finished in 0.77 minute.    ---------------
---------------            Preprocessing torch...             ---------------
--------------- Preprocessing torch finished in 0.00 minute.  ---------------
---------------             Initializing model...             ---------------
---------------  Initializing model finished in 0.00 minute.  ---------------
---------------                  Training...                  ---------------
 Epoch  |  Batch  |  Train Loss  | Test Loss  | Test Acc  |  Elapsed 
----------------------------------------------------------------------
   1    |   22    |   1.386975   |     -      |     -     |   4.87   
   1    |   44    |   1.386729   |     -      |     -     |   4.66   
   1    |   66    |   1.375716   |     -      |     -     |   4.61   
   1    |   88    |   1.367309   |     -      |     -     |   4.64   
   1    |   110   |   1.323337   |     -      |     -     |   4.62   
   1    |   132   |   1.286743   |     -      |     -     |   4.66   
   1    |   154   |   1.173695   |     -      |     -     |   4.64   
   1    |   176   |   1.045617   |     -      |     -     |   4.75   
   1    |   198   |   0.937928   |     -      |     -     |   4.78   
   1    |   220   |   0.851487   |     -      |     -     |   4.83   
   1    |   242   |   0.710591   |     -      |     -     |   4.85   
   1    |   264   |   0.656876   |     -      |     -     |   4.85   
   1    |   286   |   0.607929   |     -      |     -     |   4.80   
   1    |   308   |   0.578303   |     -      |     -     |   4.82   
   1    |   330   |   0.601301   |     -      |     -     |   4.80   
   1    |   352   |   0.523765   |     -      |     -     |   4.81   
   1    |   374   |   0.421571   |     -      |     -     |   4.78   
   1    |   396   |   0.310397   |     -      |     -     |   4.72   
   1    |   418   |   0.380497   |     -      |     -     |   4.78   
   1    |   440   |   0.501901   |     -      |     -     |   4.79   
   1    |   462   |   0.475987   |     -      |     -     |   4.78   
   1    |   484   |   0.504004   |     -      |     -     |   4.75   
   1    |   506   |   0.337833   |     -      |     -     |   4.79   
   1    |   528   |   0.377220   |     -      |     -     |   4.80   
   1    |   550   |   0.440717   |     -      |     -     |   4.77   
   1    |   572   |   0.397157   |     -      |     -     |   4.76   
   1    |   594   |   0.394816   |     -      |     -     |   4.76   
   1    |   616   |   0.415073   |     -      |     -     |   4.76   
   1    |   638   |   0.457866   |     -      |     -     |   4.73   
   1    |   660   |   0.306798   |     -      |     -     |   4.76   
   1    |   682   |   0.385661   |     -      |     -     |   4.77   
   1    |   704   |   0.410156   |     -      |     -     |   4.72   
   1    |   726   |   0.437429   |     -      |     -     |   4.71   
   1    |   748   |   0.406115   |     -      |     -     |   4.73   
   1    |   770   |   0.324246   |     -      |     -     |   4.73   
   1    |   792   |   0.372863   |     -      |     -     |   4.71   
   1    |   814   |   0.318882   |     -      |     -     |   4.76   
   1    |   836   |   0.328999   |     -      |     -     |   4.77   
   1    |   858   |   0.335197   |     -      |     -     |   4.74   
   1    |   880   |   0.306073   |     -      |     -     |   4.71   
   1    |   902   |   0.310456   |     -      |     -     |   4.77   
   1    |   924   |   0.310257   |     -      |     -     |   4.76   
   1    |   946   |   0.277487   |     -      |     -     |   4.77   
   1    |   968   |   0.520485   |     -      |     -     |   4.77   
   1    |   990   |   0.320946   |     -      |     -     |   4.74   
   1    |  1012   |   0.309367   |     -      |     -     |   4.75   
   1    |  1034   |   0.229624   |     -      |     -     |   4.80   
   1    |  1056   |   0.345288   |     -      |     -     |   4.80   
   1    |  1078   |   0.361242   |     -      |     -     |   4.76   
   1    |  1100   |   0.324246   |     -      |     -     |   4.76   
   1    |  1122   |   0.432397   |     -      |     -     |   4.78   
   1    |  1144   |   0.317725   |     -      |     -     |   4.79   
   1    |  1166   |   0.349026   |     -      |     -     |   4.77   
   1    |  1188   |   0.328133   |     -      |     -     |   4.79   
   1    |  1210   |   0.342064   |     -      |     -     |   4.72   
   1    |  1232   |   0.339474   |     -      |     -     |   4.72   
   1    |  1254   |   0.273975   |     -      |     -     |   4.81   
   1    |  1276   |   0.337989   |     -      |     -     |   4.80   
   1    |  1298   |   0.355060   |     -      |     -     |   4.79   
   1    |  1320   |   0.341974   |     -      |     -     |   4.83   
   1    |  1342   |   0.294406   |     -      |     -     |   4.79   
   1    |  1364   |   0.292849   |     -      |     -     |   4.72   
   1    |  1386   |   0.321251   |     -      |     -     |   4.75   
   1    |  1408   |   0.328376   |     -      |     -     |   4.65   
   1    |  1430   |   0.344628   |     -      |     -     |   4.61   
   1    |  1452   |   0.271967   |     -      |     -     |   4.77   
   1    |  1474   |   0.270999   |     -      |     -     |   4.74   
   1    |  1496   |   0.226774   |     -      |     -     |   4.79   
   1    |  1518   |   0.193661   |     -      |     -     |   4.79   
   1    |  1540   |   0.276403   |     -      |     -     |   4.73   
   1    |  1562   |   0.334986   |     -      |     -     |   4.74   
   1    |  1584   |   0.279294   |     -      |     -     |   4.67   
   1    |  1606   |   0.361164   |     -      |     -     |   4.77   
   1    |  1628   |   0.284119   |     -      |     -     |   4.74   
   1    |  1650   |   0.286622   |     -      |     -     |   4.76   
   1    |  1672   |   0.229899   |     -      |     -     |   4.75   
   1    |  1694   |   0.243689   |     -      |     -     |   4.67   
   1    |  1716   |   0.254237   |     -      |     -     |   4.65   
   1    |  1738   |   0.306077   |     -      |     -     |   4.72   
   1    |  1760   |   0.329975   |     -      |     -     |   4.75   
   1    |  1782   |   0.291557   |     -      |     -     |   4.78   
   1    |  1804   |   0.378265   |     -      |     -     |   4.78   
   1    |  1826   |   0.306811   |     -      |     -     |   4.83   
   1    |  1848   |   0.305393   |     -      |     -     |   4.96   
   1    |  1870   |   0.310323   |     -      |     -     |   4.87   
   1    |  1892   |   0.259775   |     -      |     -     |   4.81   
   1    |  1914   |   0.268647   |     -      |     -     |   4.84   
   1    |  1936   |   0.297328   |     -      |     -     |   4.84   
   1    |  1958   |   0.272400   |     -      |     -     |   4.74   
   1    |  1980   |   0.344788   |     -      |     -     |   4.68   
   1    |  2002   |   0.288761   |     -      |     -     |   4.74   
   1    |  2024   |   0.207789   |     -      |     -     |   4.74   
   1    |  2046   |   0.244077   |     -      |     -     |   4.76   
   1    |  2068   |   0.364832   |     -      |     -     |   4.81   
   1    |  2090   |   0.327591   |     -      |     -     |   4.79   
   1    |  2112   |   0.353335   |     -      |     -     |   4.73   
   1    |  2134   |   0.269399   |     -      |     -     |   4.74   
   1    |  2156   |   0.296763   |     -      |     -     |   4.79   
   1    |  2178   |   0.239314   |     -      |     -     |   4.77   
   1    |  2200   |   0.202299   |     -      |     -     |   4.77   
   1    |  2222   |   0.258341   |     -      |     -     |   4.83   
   1    |  2244   |   0.339188   |     -      |     -     |   4.78   
   1    |  2249   |   0.295880   |     -      |     -     |   1.09   
----------------------------------------------------------------------
   1    |    -    |   0.431959   |  0.275031  |   90.92   |  502.83  
----------------------------------------------------------------------


 Epoch  |  Batch  |  Train Loss  | Test Loss  | Test Acc  |  Elapsed 
----------------------------------------------------------------------
   2    |   22    |   0.141226   |     -      |     -     |   4.98   
   2    |   44    |   0.153998   |     -      |     -     |   4.76   
   2    |   66    |   0.211944   |     -      |     -     |   4.78   
   2    |   88    |   0.264526   |     -      |     -     |   4.81   
   2    |   110   |   0.197246   |     -      |     -     |   4.77   
   2    |   132   |   0.190965   |     -      |     -     |   4.81   
   2    |   154   |   0.220030   |     -      |     -     |   4.78   
   2    |   176   |   0.251745   |     -      |     -     |   4.79   
   2    |   198   |   0.186862   |     -      |     -     |   4.78   
   2    |   220   |   0.169970   |     -      |     -     |   4.78   
   2    |   242   |   0.250878   |     -      |     -     |   4.81   
   2    |   264   |   0.266933   |     -      |     -     |   4.75   
   2    |   286   |   0.203580   |     -      |     -     |   4.71   
   2    |   308   |   0.192624   |     -      |     -     |   4.75   
   2    |   330   |   0.282412   |     -      |     -     |   4.71   
   2    |   352   |   0.260271   |     -      |     -     |   4.69   
   2    |   374   |   0.240811   |     -      |     -     |   4.73   
   2    |   396   |   0.187121   |     -      |     -     |   4.77   
   2    |   418   |   0.158458   |     -      |     -     |   4.78   
   2    |   440   |   0.141230   |     -      |     -     |   4.64   
   2    |   462   |   0.263007   |     -      |     -     |   4.76   
   2    |   484   |   0.242908   |     -      |     -     |   4.77   
   2    |   506   |   0.221430   |     -      |     -     |   4.77   
   2    |   528   |   0.183893   |     -      |     -     |   4.78   
   2    |   550   |   0.263084   |     -      |     -     |   4.77   
   2    |   572   |   0.211513   |     -      |     -     |   4.80   
   2    |   594   |   0.222025   |     -      |     -     |   4.78   
   2    |   616   |   0.150490   |     -      |     -     |   4.76   
   2    |   638   |   0.170457   |     -      |     -     |   4.68   
   2    |   660   |   0.225428   |     -      |     -     |   4.70   
   2    |   682   |   0.185420   |     -      |     -     |   4.69   
   2    |   704   |   0.217036   |     -      |     -     |   4.71   
   2    |   726   |   0.179467   |     -      |     -     |   4.80   
   2    |   748   |   0.252239   |     -      |     -     |   4.78   
   2    |   770   |   0.213524   |     -      |     -     |   4.77   
   2    |   792   |   0.124833   |     -      |     -     |   4.78   
   2    |   814   |   0.267215   |     -      |     -     |   4.75   
   2    |   836   |   0.266929   |     -      |     -     |   4.74   
   2    |   858   |   0.240343   |     -      |     -     |   4.71   
   2    |   880   |   0.236594   |     -      |     -     |   4.75   
   2    |   902   |   0.209766   |     -      |     -     |   4.74   
   2    |   924   |   0.222889   |     -      |     -     |   4.71   
   2    |   946   |   0.227567   |     -      |     -     |   4.65   
   2    |   968   |   0.175379   |     -      |     -     |   4.77   
   2    |   990   |   0.269150   |     -      |     -     |   4.76   
   2    |  1012   |   0.289189   |     -      |     -     |   4.75   
   2    |  1034   |   0.201205   |     -      |     -     |   4.78   
   2    |  1056   |   0.211101   |     -      |     -     |   4.73   
   2    |  1078   |   0.245312   |     -      |     -     |   4.66   
   2    |  1100   |   0.209512   |     -      |     -     |   4.84   
   2    |  1122   |   0.171695   |     -      |     -     |   4.84   
   2    |  1144   |   0.176616   |     -      |     -     |   4.81   
   2    |  1166   |   0.249685   |     -      |     -     |   4.84   
   2    |  1188   |   0.228831   |     -      |     -     |   4.81   
   2    |  1210   |   0.286954   |     -      |     -     |   4.82   
   2    |  1232   |   0.237125   |     -      |     -     |   4.89   
   2    |  1254   |   0.223089   |     -      |     -     |   4.95   
   2    |  1276   |   0.218713   |     -      |     -     |   4.90   
   2    |  1298   |   0.216371   |     -      |     -     |   4.79   
   2    |  1320   |   0.259437   |     -      |     -     |   4.81   
   2    |  1342   |   0.152195   |     -      |     -     |   4.85   
   2    |  1364   |   0.192185   |     -      |     -     |   4.74   
   2    |  1386   |   0.162163   |     -      |     -     |   4.72   
   2    |  1408   |   0.204273   |     -      |     -     |   4.72   
   2    |  1430   |   0.143076   |     -      |     -     |   4.76   
   2    |  1452   |   0.302447   |     -      |     -     |   4.78   
   2    |  1474   |   0.214543   |     -      |     -     |   4.79   
   2    |  1496   |   0.153835   |     -      |     -     |   4.78   
   2    |  1518   |   0.151910   |     -      |     -     |   4.78   
   2    |  1540   |   0.229114   |     -      |     -     |   4.82   
   2    |  1562   |   0.176536   |     -      |     -     |   4.79   
   2    |  1584   |   0.185146   |     -      |     -     |   4.78   
   2    |  1606   |   0.124206   |     -      |     -     |   4.76   
   2    |  1628   |   0.184973   |     -      |     -     |   4.73   
   2    |  1650   |   0.158440   |     -      |     -     |   4.82   
   2    |  1672   |   0.181281   |     -      |     -     |   4.79   
   2    |  1694   |   0.215324   |     -      |     -     |   4.84   
   2    |  1716   |   0.218055   |     -      |     -     |   4.76   
   2    |  1738   |   0.157922   |     -      |     -     |   4.69   
   2    |  1760   |   0.131987   |     -      |     -     |   4.74   
   2    |  1782   |   0.158240   |     -      |     -     |   4.72   
   2    |  1804   |   0.240330   |     -      |     -     |   4.75   
   2    |  1826   |   0.211181   |     -      |     -     |   4.77   
   2    |  1848   |   0.235221   |     -      |     -     |   4.79   
   2    |  1870   |   0.194459   |     -      |     -     |   4.77   
   2    |  1892   |   0.161635   |     -      |     -     |   4.79   
   2    |  1914   |   0.183283   |     -      |     -     |   4.79   
   2    |  1936   |   0.200089   |     -      |     -     |   4.74   
   2    |  1958   |   0.201122   |     -      |     -     |   4.69   
   2    |  1980   |   0.174778   |     -      |     -     |   4.79   
   2    |  2002   |   0.207512   |     -      |     -     |   4.76   
   2    |  2024   |   0.145228   |     -      |     -     |   4.78   
   2    |  2046   |   0.151712   |     -      |     -     |   4.79   
   2    |  2068   |   0.162701   |     -      |     -     |   4.77   
   2    |  2090   |   0.145559   |     -      |     -     |   4.80   
   2    |  2112   |   0.140732   |     -      |     -     |   4.75   
   2    |  2134   |   0.198553   |     -      |     -     |   4.69   
   2    |  2156   |   0.209398   |     -      |     -     |   4.74   
   2    |  2178   |   0.158158   |     -      |     -     |   4.79   
   2    |  2200   |   0.190926   |     -      |     -     |   4.74   
   2    |  2222   |   0.175955   |     -      |     -     |   4.79   
   2    |  2244   |   0.194524   |     -      |     -     |   4.79   
   2    |  2249   |   0.262081   |     -      |     -     |   1.09   
----------------------------------------------------------------------
   2    |    -    |   0.203252   |  0.268677  |   92.60   |  503.83  
----------------------------------------------------------------------


---------------      Training finished in 16.78 minute.       ---------------
Acc on test dataset: 92.60%
