arg: {'prefix': 'agnews_trNTY', 'read_from': None, 'dataset': 'agnews', 'fp_num': 0, 'train_typo': False}
There are 1 GPU(s) available.
Device name: NVIDIA GeForce RTX 3090
---------------                Reading data...                ---------------
---------------     Reading data finished in 0.01 minute.     ---------------
---------------              Tokenizing data...               ---------------
---------------   Tokenizing data finished in 0.72 minute.    ---------------
---------------            Preprocessing torch...             ---------------
--------------- Preprocessing torch finished in 0.00 minute.  ---------------
---------------             Initializing model...             ---------------
---------------  Initializing model finished in 0.10 minute.  ---------------
---------------                  Training...                  ---------------
 Epoch  |  Batch  |  Train Loss  | Test Loss  | Test Acc  |  Elapsed 
----------------------------------------------------------------------
   1    |   22    |   1.396599   |     -      |     -     |   4.87   
   1    |   44    |   1.373468   |     -      |     -     |   4.52   
   1    |   66    |   1.360674   |     -      |     -     |   4.56   
   1    |   88    |   1.315768   |     -      |     -     |   4.67   
   1    |   110   |   1.224952   |     -      |     -     |   4.70   
   1    |   132   |   1.128898   |     -      |     -     |   4.68   
   1    |   154   |   1.027784   |     -      |     -     |   4.69   
   1    |   176   |   0.958317   |     -      |     -     |   4.68   
   1    |   198   |   0.883019   |     -      |     -     |   4.71   
   1    |   220   |   0.795688   |     -      |     -     |   4.69   
   1    |   242   |   0.725706   |     -      |     -     |   4.70   
   1    |   264   |   0.694487   |     -      |     -     |   4.69   
   1    |   286   |   0.631037   |     -      |     -     |   4.72   
   1    |   308   |   0.586866   |     -      |     -     |   4.70   
   1    |   330   |   0.565727   |     -      |     -     |   4.71   
   1    |   352   |   0.414988   |     -      |     -     |   4.70   
   1    |   374   |   0.435391   |     -      |     -     |   4.71   
   1    |   396   |   0.457204   |     -      |     -     |   4.72   
   1    |   418   |   0.433183   |     -      |     -     |   4.72   
   1    |   440   |   0.523770   |     -      |     -     |   4.73   
   1    |   462   |   0.350372   |     -      |     -     |   4.74   
   1    |   484   |   0.454844   |     -      |     -     |   4.73   
   1    |   506   |   0.431327   |     -      |     -     |   4.71   
   1    |   528   |   0.458203   |     -      |     -     |   4.73   
   1    |   550   |   0.357565   |     -      |     -     |   4.74   
   1    |   572   |   0.392991   |     -      |     -     |   4.74   
   1    |   594   |   0.363991   |     -      |     -     |   4.76   
   1    |   616   |   0.301849   |     -      |     -     |   4.76   
   1    |   638   |   0.429747   |     -      |     -     |   4.75   
   1    |   660   |   0.410491   |     -      |     -     |   4.74   
   1    |   682   |   0.389528   |     -      |     -     |   4.71   
   1    |   704   |   0.469641   |     -      |     -     |   4.74   
   1    |   726   |   0.299957   |     -      |     -     |   4.76   
   1    |   748   |   0.247393   |     -      |     -     |   4.78   
   1    |   770   |   0.331942   |     -      |     -     |   4.76   
   1    |   792   |   0.277161   |     -      |     -     |   4.68   
   1    |   814   |   0.313484   |     -      |     -     |   4.61   
   1    |   836   |   0.423424   |     -      |     -     |   4.71   
   1    |   858   |   0.237310   |     -      |     -     |   4.74   
   1    |   880   |   0.439115   |     -      |     -     |   4.74   
   1    |   902   |   0.323241   |     -      |     -     |   4.72   
   1    |   924   |   0.340373   |     -      |     -     |   4.74   
   1    |   946   |   0.353344   |     -      |     -     |   4.74   
   1    |   968   |   0.399816   |     -      |     -     |   4.74   
   1    |   990   |   0.235591   |     -      |     -     |   4.74   
   1    |  1012   |   0.363891   |     -      |     -     |   4.64   
   1    |  1034   |   0.460447   |     -      |     -     |   4.72   
   1    |  1056   |   0.331439   |     -      |     -     |   4.73   
   1    |  1078   |   0.301959   |     -      |     -     |   4.73   
   1    |  1100   |   0.387944   |     -      |     -     |   4.75   
   1    |  1122   |   0.401591   |     -      |     -     |   4.75   
   1    |  1144   |   0.259808   |     -      |     -     |   4.72   
   1    |  1166   |   0.357869   |     -      |     -     |   4.74   
   1    |  1188   |   0.310272   |     -      |     -     |   4.71   
   1    |  1210   |   0.320011   |     -      |     -     |   4.73   
   1    |  1232   |   0.268219   |     -      |     -     |   4.76   
   1    |  1254   |   0.304600   |     -      |     -     |   4.77   
   1    |  1276   |   0.358069   |     -      |     -     |   4.76   
   1    |  1298   |   0.362009   |     -      |     -     |   4.75   
   1    |  1320   |   0.278304   |     -      |     -     |   4.72   
   1    |  1342   |   0.301259   |     -      |     -     |   4.73   
   1    |  1364   |   0.323401   |     -      |     -     |   4.69   
   1    |  1386   |   0.338977   |     -      |     -     |   4.65   
   1    |  1408   |   0.251030   |     -      |     -     |   4.61   
   1    |  1430   |   0.330776   |     -      |     -     |   4.71   
   1    |  1452   |   0.379265   |     -      |     -     |   4.74   
   1    |  1474   |   0.388636   |     -      |     -     |   4.73   
   1    |  1496   |   0.239724   |     -      |     -     |   4.74   
   1    |  1518   |   0.325431   |     -      |     -     |   4.75   
   1    |  1540   |   0.362490   |     -      |     -     |   4.74   
   1    |  1562   |   0.246999   |     -      |     -     |   4.73   
   1    |  1584   |   0.370199   |     -      |     -     |   4.73   
   1    |  1606   |   0.251193   |     -      |     -     |   4.73   
   1    |  1628   |   0.349877   |     -      |     -     |   4.67   
   1    |  1650   |   0.285625   |     -      |     -     |   4.73   
   1    |  1672   |   0.215471   |     -      |     -     |   4.74   
   1    |  1694   |   0.269329   |     -      |     -     |   4.73   
   1    |  1716   |   0.346949   |     -      |     -     |   4.75   
   1    |  1738   |   0.287741   |     -      |     -     |   4.76   
   1    |  1760   |   0.272999   |     -      |     -     |   4.75   
   1    |  1782   |   0.281433   |     -      |     -     |   4.71   
   1    |  1804   |   0.291098   |     -      |     -     |   4.76   
   1    |  1826   |   0.234852   |     -      |     -     |   4.72   
   1    |  1848   |   0.276465   |     -      |     -     |   4.73   
   1    |  1870   |   0.218616   |     -      |     -     |   4.73   
   1    |  1892   |   0.227753   |     -      |     -     |   4.75   
   1    |  1914   |   0.299316   |     -      |     -     |   4.75   
   1    |  1936   |   0.292040   |     -      |     -     |   4.75   
   1    |  1958   |   0.268920   |     -      |     -     |   4.75   
   1    |  1980   |   0.351452   |     -      |     -     |   4.75   
   1    |  2002   |   0.361091   |     -      |     -     |   4.75   
   1    |  2024   |   0.296338   |     -      |     -     |   4.74   
   1    |  2046   |   0.292590   |     -      |     -     |   4.74   
   1    |  2068   |   0.292658   |     -      |     -     |   4.72   
   1    |  2090   |   0.288950   |     -      |     -     |   4.73   
   1    |  2112   |   0.307670   |     -      |     -     |   4.73   
   1    |  2134   |   0.277492   |     -      |     -     |   4.74   
   1    |  2156   |   0.327102   |     -      |     -     |   4.74   
   1    |  2178   |   0.222071   |     -      |     -     |   4.74   
   1    |  2200   |   0.292181   |     -      |     -     |   4.73   
   1    |  2222   |   0.238917   |     -      |     -     |   4.73   
   1    |  2244   |   0.285113   |     -      |     -     |   4.73   
   1    |  2249   |   0.189823   |     -      |     -     |   1.08   
----------------------------------------------------------------------
   1    |    -    |   0.425341   |  0.292113  |   91.97   |  498.94  
----------------------------------------------------------------------


 Epoch  |  Batch  |  Train Loss  | Test Loss  | Test Acc  |  Elapsed 
----------------------------------------------------------------------
   2    |   22    |   0.224365   |     -      |     -     |   4.88   
   2    |   44    |   0.191128   |     -      |     -     |   4.62   
   2    |   66    |   0.272321   |     -      |     -     |   4.64   
   2    |   88    |   0.227676   |     -      |     -     |   4.64   
   2    |   110   |   0.272933   |     -      |     -     |   4.69   
   2    |   132   |   0.209777   |     -      |     -     |   4.73   
   2    |   154   |   0.263136   |     -      |     -     |   4.75   
   2    |   176   |   0.164373   |     -      |     -     |   4.73   
   2    |   198   |   0.170669   |     -      |     -     |   4.69   
   2    |   220   |   0.271048   |     -      |     -     |   4.67   
   2    |   242   |   0.209488   |     -      |     -     |   4.74   
   2    |   264   |   0.216424   |     -      |     -     |   4.71   
   2    |   286   |   0.178074   |     -      |     -     |   4.75   
   2    |   308   |   0.264291   |     -      |     -     |   4.76   
   2    |   330   |   0.196417   |     -      |     -     |   4.75   
   2    |   352   |   0.264024   |     -      |     -     |   4.73   
   2    |   374   |   0.229893   |     -      |     -     |   4.66   
   2    |   396   |   0.303248   |     -      |     -     |   4.54   
   2    |   418   |   0.171193   |     -      |     -     |   4.52   
   2    |   440   |   0.173139   |     -      |     -     |   4.52   
   2    |   462   |   0.242457   |     -      |     -     |   4.60   
   2    |   484   |   0.266943   |     -      |     -     |   4.51   
   2    |   506   |   0.282400   |     -      |     -     |   4.68   
   2    |   528   |   0.165563   |     -      |     -     |   4.73   
   2    |   550   |   0.219774   |     -      |     -     |   4.75   
   2    |   572   |   0.237688   |     -      |     -     |   4.74   
   2    |   594   |   0.164807   |     -      |     -     |   4.75   
   2    |   616   |   0.238209   |     -      |     -     |   4.75   
   2    |   638   |   0.169121   |     -      |     -     |   4.63   
   2    |   660   |   0.226753   |     -      |     -     |   4.70   
   2    |   682   |   0.244116   |     -      |     -     |   4.76   
   2    |   704   |   0.245292   |     -      |     -     |   4.74   
   2    |   726   |   0.192829   |     -      |     -     |   4.73   
   2    |   748   |   0.269150   |     -      |     -     |   4.73   
   2    |   770   |   0.203078   |     -      |     -     |   4.73   
   2    |   792   |   0.224004   |     -      |     -     |   4.75   
   2    |   814   |   0.202858   |     -      |     -     |   4.73   
   2    |   836   |   0.255343   |     -      |     -     |   4.67   
   2    |   858   |   0.125466   |     -      |     -     |   4.62   
   2    |   880   |   0.136787   |     -      |     -     |   4.65   
   2    |   902   |   0.245164   |     -      |     -     |   4.70   
   2    |   924   |   0.228024   |     -      |     -     |   4.75   
   2    |   946   |   0.225795   |     -      |     -     |   4.76   
   2    |   968   |   0.190581   |     -      |     -     |   4.74   
   2    |   990   |   0.179901   |     -      |     -     |   4.76   
   2    |  1012   |   0.213703   |     -      |     -     |   4.70   
   2    |  1034   |   0.224735   |     -      |     -     |   4.65   
   2    |  1056   |   0.171173   |     -      |     -     |   4.73   
   2    |  1078   |   0.186086   |     -      |     -     |   4.74   
   2    |  1100   |   0.186768   |     -      |     -     |   4.74   
   2    |  1122   |   0.215563   |     -      |     -     |   4.74   
   2    |  1144   |   0.212117   |     -      |     -     |   4.72   
   2    |  1166   |   0.211465   |     -      |     -     |   4.76   
   2    |  1188   |   0.158441   |     -      |     -     |   4.74   
   2    |  1210   |   0.230765   |     -      |     -     |   4.75   
   2    |  1232   |   0.151150   |     -      |     -     |   4.75   
   2    |  1254   |   0.192997   |     -      |     -     |   4.76   
   2    |  1276   |   0.306936   |     -      |     -     |   4.71   
   2    |  1298   |   0.267537   |     -      |     -     |   4.73   
   2    |  1320   |   0.180867   |     -      |     -     |   4.72   
   2    |  1342   |   0.184687   |     -      |     -     |   4.75   
   2    |  1364   |   0.202403   |     -      |     -     |   4.69   
   2    |  1386   |   0.197564   |     -      |     -     |   4.63   
   2    |  1408   |   0.223897   |     -      |     -     |   4.72   
   2    |  1430   |   0.273451   |     -      |     -     |   4.73   
   2    |  1452   |   0.188777   |     -      |     -     |   4.73   
   2    |  1474   |   0.168542   |     -      |     -     |   4.73   
   2    |  1496   |   0.274700   |     -      |     -     |   4.76   
   2    |  1518   |   0.143393   |     -      |     -     |   4.76   
   2    |  1540   |   0.180352   |     -      |     -     |   4.75   
   2    |  1562   |   0.257879   |     -      |     -     |   4.72   
   2    |  1584   |   0.181277   |     -      |     -     |   4.75   
   2    |  1606   |   0.257189   |     -      |     -     |   4.72   
   2    |  1628   |   0.159225   |     -      |     -     |   4.75   
   2    |  1650   |   0.169215   |     -      |     -     |   4.72   
   2    |  1672   |   0.165864   |     -      |     -     |   4.75   
   2    |  1694   |   0.163401   |     -      |     -     |   4.73   
   2    |  1716   |   0.160453   |     -      |     -     |   4.71   
   2    |  1738   |   0.195182   |     -      |     -     |   4.66   
   2    |  1760   |   0.198287   |     -      |     -     |   4.71   
   2    |  1782   |   0.129265   |     -      |     -     |   4.73   
   2    |  1804   |   0.247066   |     -      |     -     |   4.75   
   2    |  1826   |   0.142332   |     -      |     -     |   4.73   
   2    |  1848   |   0.186085   |     -      |     -     |   4.76   
   2    |  1870   |   0.174906   |     -      |     -     |   4.74   
   2    |  1892   |   0.233325   |     -      |     -     |   4.78   
   2    |  1914   |   0.170363   |     -      |     -     |   4.76   
   2    |  1936   |   0.209954   |     -      |     -     |   4.73   
   2    |  1958   |   0.212525   |     -      |     -     |   4.72   
   2    |  1980   |   0.209853   |     -      |     -     |   4.74   
   2    |  2002   |   0.192748   |     -      |     -     |   4.72   
   2    |  2024   |   0.213793   |     -      |     -     |   4.74   
   2    |  2046   |   0.262378   |     -      |     -     |   4.72   
   2    |  2068   |   0.156740   |     -      |     -     |   4.61   
   2    |  2090   |   0.252423   |     -      |     -     |   4.66   
   2    |  2112   |   0.156305   |     -      |     -     |   4.74   
   2    |  2134   |   0.290484   |     -      |     -     |   4.72   
   2    |  2156   |   0.171475   |     -      |     -     |   4.73   
   2    |  2178   |   0.197470   |     -      |     -     |   4.69   
   2    |  2200   |   0.189311   |     -      |     -     |   4.73   
   2    |  2222   |   0.172376   |     -      |     -     |   4.73   
   2    |  2244   |   0.148402   |     -      |     -     |   4.74   
   2    |  2249   |   0.104282   |     -      |     -     |   1.07   
----------------------------------------------------------------------
   2    |    -    |   0.207927   |  0.255663  |   92.75   |  498.03  
----------------------------------------------------------------------


---------------      Training finished in 16.62 minute.       ---------------
Acc on test dataset: 92.75%
