arg: {'prefix': 'agnews_4_epoch_typo', 'read_from': None, 'dataset': 'agnews', 'fp_num': 0, 'train_typo': True, 'test_typo': True}
There are 1 GPU(s) available.
Device name: NVIDIA GeForce RTX 3090
---------------                Reading data...                ---------------
---------------     Reading data finished in 0.01 minute.     ---------------
---------------              Tokenizing data...               ---------------
---------------   Tokenizing data finished in 0.77 minute.    ---------------
---------------            Preprocessing torch...             ---------------
--------------- Preprocessing torch finished in 0.00 minute.  ---------------
---------------             Initializing model...             ---------------
---------------  Initializing model finished in 0.10 minute.  ---------------
---------------                  Training...                  ---------------
 Epoch  |  Batch  |  Train Loss  | Test Loss  | Test Acc  |  Elapsed 
----------------------------------------------------------------------
   1    |   22    |   1.391265   |     -      |     -     |   4.90   
   1    |   44    |   1.388927   |     -      |     -     |   4.75   
   1    |   66    |   1.375908   |     -      |     -     |   4.72   
   1    |   88    |   1.361789   |     -      |     -     |   4.71   
   1    |   110   |   1.322272   |     -      |     -     |   4.66   
   1    |   132   |   1.257683   |     -      |     -     |   4.72   
   1    |   154   |   1.185829   |     -      |     -     |   4.73   
   1    |   176   |   1.114955   |     -      |     -     |   4.75   
   1    |   198   |   1.051366   |     -      |     -     |   4.73   
   1    |   220   |   0.999211   |     -      |     -     |   4.77   
   1    |   242   |   0.909386   |     -      |     -     |   4.76   
   1    |   264   |   0.875652   |     -      |     -     |   4.78   
   1    |   286   |   0.826416   |     -      |     -     |   4.79   
   1    |   308   |   0.793148   |     -      |     -     |   4.78   
   1    |   330   |   0.789795   |     -      |     -     |   4.77   
   1    |   352   |   0.721642   |     -      |     -     |   4.75   
   1    |   374   |   0.671116   |     -      |     -     |   4.75   
   1    |   396   |   0.548751   |     -      |     -     |   4.74   
   1    |   418   |   0.554979   |     -      |     -     |   4.75   
   1    |   440   |   0.564400   |     -      |     -     |   4.77   
   1    |   462   |   0.583070   |     -      |     -     |   4.71   
   1    |   484   |   0.528353   |     -      |     -     |   4.69   
   1    |   506   |   0.390730   |     -      |     -     |   4.73   
   1    |   528   |   0.470876   |     -      |     -     |   4.64   
   1    |   550   |   0.432776   |     -      |     -     |   4.65   
   1    |   572   |   0.435794   |     -      |     -     |   4.65   
   1    |   594   |   0.433822   |     -      |     -     |   4.65   
   1    |   616   |   0.404219   |     -      |     -     |   4.56   
   1    |   638   |   0.427363   |     -      |     -     |   4.76   
   1    |   660   |   0.354723   |     -      |     -     |   4.73   
   1    |   682   |   0.410581   |     -      |     -     |   4.75   
   1    |   704   |   0.410794   |     -      |     -     |   4.72   
   1    |   726   |   0.410976   |     -      |     -     |   4.73   
   1    |   748   |   0.424878   |     -      |     -     |   4.72   
   1    |   770   |   0.361955   |     -      |     -     |   4.75   
   1    |   792   |   0.398323   |     -      |     -     |   4.72   
   1    |   814   |   0.320793   |     -      |     -     |   4.75   
   1    |   836   |   0.351924   |     -      |     -     |   4.75   
   1    |   858   |   0.363836   |     -      |     -     |   4.76   
   1    |   880   |   0.347108   |     -      |     -     |   4.57   
   1    |   902   |   0.294238   |     -      |     -     |   4.55   
   1    |   924   |   0.341687   |     -      |     -     |   4.79   
   1    |   946   |   0.243973   |     -      |     -     |   4.77   
   1    |   968   |   0.429466   |     -      |     -     |   5.02   
   1    |   990   |   0.378659   |     -      |     -     |   4.85   
   1    |  1012   |   0.338325   |     -      |     -     |   4.81   
   1    |  1034   |   0.291984   |     -      |     -     |   4.79   
   1    |  1056   |   0.389661   |     -      |     -     |   4.72   
   1    |  1078   |   0.339461   |     -      |     -     |   4.82   
   1    |  1100   |   0.376550   |     -      |     -     |   4.91   
   1    |  1122   |   0.406039   |     -      |     -     |   4.73   
   1    |  1144   |   0.287383   |     -      |     -     |   4.83   
   1    |  1166   |   0.347469   |     -      |     -     |   4.89   
   1    |  1188   |   0.327444   |     -      |     -     |   4.96   
   1    |  1210   |   0.405206   |     -      |     -     |   4.83   
   1    |  1232   |   0.312885   |     -      |     -     |   5.06   
   1    |  1254   |   0.272328   |     -      |     -     |   4.87   
   1    |  1276   |   0.390999   |     -      |     -     |   4.81   
   1    |  1298   |   0.377388   |     -      |     -     |   4.79   
   1    |  1320   |   0.308636   |     -      |     -     |   4.77   
   1    |  1342   |   0.368423   |     -      |     -     |   4.71   
   1    |  1364   |   0.322756   |     -      |     -     |   4.78   
   1    |  1386   |   0.337743   |     -      |     -     |   4.78   
   1    |  1408   |   0.364309   |     -      |     -     |   4.72   
   1    |  1430   |   0.419832   |     -      |     -     |   4.75   
   1    |  1452   |   0.304120   |     -      |     -     |   4.79   
   1    |  1474   |   0.262020   |     -      |     -     |   4.80   
   1    |  1496   |   0.239093   |     -      |     -     |   4.76   
   1    |  1518   |   0.214405   |     -      |     -     |   4.80   
   1    |  1540   |   0.270612   |     -      |     -     |   4.79   
   1    |  1562   |   0.389297   |     -      |     -     |   4.78   
   1    |  1584   |   0.270655   |     -      |     -     |   4.78   
   1    |  1606   |   0.365578   |     -      |     -     |   4.78   
   1    |  1628   |   0.348805   |     -      |     -     |   4.77   
   1    |  1650   |   0.292036   |     -      |     -     |   4.79   
   1    |  1672   |   0.242278   |     -      |     -     |   4.71   
   1    |  1694   |   0.234548   |     -      |     -     |   4.68   
   1    |  1716   |   0.220409   |     -      |     -     |   4.67   
   1    |  1738   |   0.338151   |     -      |     -     |   4.72   
   1    |  1760   |   0.303079   |     -      |     -     |   4.77   
   1    |  1782   |   0.323504   |     -      |     -     |   4.75   
   1    |  1804   |   0.363256   |     -      |     -     |   4.76   
   1    |  1826   |   0.298103   |     -      |     -     |   4.79   
   1    |  1848   |   0.335561   |     -      |     -     |   4.78   
   1    |  1870   |   0.306191   |     -      |     -     |   4.77   
   1    |  1892   |   0.314513   |     -      |     -     |   4.76   
   1    |  1914   |   0.302029   |     -      |     -     |   4.77   
   1    |  1936   |   0.274509   |     -      |     -     |   4.76   
   1    |  1958   |   0.303702   |     -      |     -     |   4.79   
   1    |  1980   |   0.347874   |     -      |     -     |   4.69   
   1    |  2002   |   0.333340   |     -      |     -     |   4.66   
   1    |  2024   |   0.258823   |     -      |     -     |   4.75   
   1    |  2046   |   0.271078   |     -      |     -     |   4.77   
   1    |  2068   |   0.426161   |     -      |     -     |   4.77   
   1    |  2090   |   0.329985   |     -      |     -     |   4.77   
   1    |  2112   |   0.335698   |     -      |     -     |   4.78   
   1    |  2134   |   0.292781   |     -      |     -     |   4.77   
   1    |  2156   |   0.318837   |     -      |     -     |   4.76   
   1    |  2178   |   0.243469   |     -      |     -     |   4.77   
   1    |  2200   |   0.233803   |     -      |     -     |   4.74   
   1    |  2222   |   0.333045   |     -      |     -     |   4.75   
   1    |  2244   |   0.407384   |     -      |     -     |   4.75   
   1    |  2249   |   0.266343   |     -      |     -     |   1.07   
----------------------------------------------------------------------
   1    |    -    |   0.469458   |  0.285952  |   91.20   |  502.72  
----------------------------------------------------------------------


 Epoch  |  Batch  |  Train Loss  | Test Loss  | Test Acc  |  Elapsed 
----------------------------------------------------------------------
   2    |   22    |   0.193573   |     -      |     -     |   4.89   
   2    |   44    |   0.191599   |     -      |     -     |   4.68   
   2    |   66    |   0.185409   |     -      |     -     |   4.64   
   2    |   88    |   0.247684   |     -      |     -     |   4.65   
   2    |   110   |   0.241830   |     -      |     -     |   4.65   
   2    |   132   |   0.180151   |     -      |     -     |   4.73   
   2    |   154   |   0.225645   |     -      |     -     |   4.74   
   2    |   176   |   0.319510   |     -      |     -     |   4.73   
   2    |   198   |   0.189300   |     -      |     -     |   4.74   
   2    |   220   |   0.227053   |     -      |     -     |   4.74   
   2    |   242   |   0.292295   |     -      |     -     |   4.75   
   2    |   264   |   0.277591   |     -      |     -     |   4.70   
   2    |   286   |   0.182867   |     -      |     -     |   4.76   
   2    |   308   |   0.234633   |     -      |     -     |   4.77   
   2    |   330   |   0.256690   |     -      |     -     |   4.78   
   2    |   352   |   0.241579   |     -      |     -     |   4.82   
   2    |   374   |   0.285551   |     -      |     -     |   4.79   
   2    |   396   |   0.216753   |     -      |     -     |   4.87   
   2    |   418   |   0.241104   |     -      |     -     |   4.87   
   2    |   440   |   0.177959   |     -      |     -     |   4.88   
   2    |   462   |   0.237992   |     -      |     -     |   4.81   
   2    |   484   |   0.342162   |     -      |     -     |   4.81   
   2    |   506   |   0.228031   |     -      |     -     |   4.84   
   2    |   528   |   0.156640   |     -      |     -     |   4.97   
   2    |   550   |   0.244351   |     -      |     -     |   4.94   
   2    |   572   |   0.250306   |     -      |     -     |   4.93   
   2    |   594   |   0.202365   |     -      |     -     |   4.91   
   2    |   616   |   0.212620   |     -      |     -     |   4.91   
   2    |   638   |   0.205508   |     -      |     -     |   4.71   
   2    |   660   |   0.257081   |     -      |     -     |   4.80   
   2    |   682   |   0.203644   |     -      |     -     |   4.81   
   2    |   704   |   0.187799   |     -      |     -     |   4.80   
   2    |   726   |   0.238938   |     -      |     -     |   4.77   
   2    |   748   |   0.260388   |     -      |     -     |   4.77   
   2    |   770   |   0.188359   |     -      |     -     |   4.74   
   2    |   792   |   0.164990   |     -      |     -     |   4.77   
   2    |   814   |   0.301036   |     -      |     -     |   4.74   
   2    |   836   |   0.267301   |     -      |     -     |   4.77   
   2    |   858   |   0.286020   |     -      |     -     |   4.78   
   2    |   880   |   0.278598   |     -      |     -     |   4.81   
   2    |   902   |   0.223237   |     -      |     -     |   4.80   
   2    |   924   |   0.213227   |     -      |     -     |   4.77   
   2    |   946   |   0.281383   |     -      |     -     |   4.76   
   2    |   968   |   0.224479   |     -      |     -     |   4.75   
   2    |   990   |   0.256645   |     -      |     -     |   4.73   
   2    |  1012   |   0.368810   |     -      |     -     |   4.63   
   2    |  1034   |   0.282241   |     -      |     -     |   4.67   
   2    |  1056   |   0.230226   |     -      |     -     |   4.78   
   2    |  1078   |   0.275907   |     -      |     -     |   4.79   
   2    |  1100   |   0.259806   |     -      |     -     |   4.78   
   2    |  1122   |   0.198480   |     -      |     -     |   4.80   
   2    |  1144   |   0.191145   |     -      |     -     |   4.75   
   2    |  1166   |   0.339561   |     -      |     -     |   4.72   
   2    |  1188   |   0.255143   |     -      |     -     |   4.73   
   2    |  1210   |   0.247764   |     -      |     -     |   4.75   
   2    |  1232   |   0.311300   |     -      |     -     |   4.74   
   2    |  1254   |   0.198414   |     -      |     -     |   4.75   
   2    |  1276   |   0.258328   |     -      |     -     |   4.79   
   2    |  1298   |   0.212279   |     -      |     -     |   4.76   
   2    |  1320   |   0.316275   |     -      |     -     |   4.70   
   2    |  1342   |   0.216555   |     -      |     -     |   4.68   
   2    |  1364   |   0.200101   |     -      |     -     |   4.68   
   2    |  1386   |   0.159587   |     -      |     -     |   4.68   
   2    |  1408   |   0.272526   |     -      |     -     |   4.70   
   2    |  1430   |   0.220957   |     -      |     -     |   4.78   
   2    |  1452   |   0.289052   |     -      |     -     |   4.75   
   2    |  1474   |   0.268818   |     -      |     -     |   4.78   
   2    |  1496   |   0.208719   |     -      |     -     |   4.78   
   2    |  1518   |   0.214689   |     -      |     -     |   4.75   
   2    |  1540   |   0.271880   |     -      |     -     |   4.78   
   2    |  1562   |   0.212455   |     -      |     -     |   4.76   
   2    |  1584   |   0.197193   |     -      |     -     |   4.75   
   2    |  1606   |   0.163172   |     -      |     -     |   4.73   
   2    |  1628   |   0.210023   |     -      |     -     |   4.74   
   2    |  1650   |   0.207793   |     -      |     -     |   4.72   
   2    |  1672   |   0.227472   |     -      |     -     |   4.71   
   2    |  1694   |   0.241529   |     -      |     -     |   4.75   
   2    |  1716   |   0.256962   |     -      |     -     |   4.67   
   2    |  1738   |   0.206496   |     -      |     -     |   4.72   
   2    |  1760   |   0.166088   |     -      |     -     |   4.74   
   2    |  1782   |   0.197778   |     -      |     -     |   4.72   
   2    |  1804   |   0.270153   |     -      |     -     |   4.74   
   2    |  1826   |   0.219427   |     -      |     -     |   4.73   
   2    |  1848   |   0.282861   |     -      |     -     |   4.76   
   2    |  1870   |   0.201085   |     -      |     -     |   4.74   
   2    |  1892   |   0.241185   |     -      |     -     |   4.73   
   2    |  1914   |   0.187793   |     -      |     -     |   4.70   
   2    |  1936   |   0.265616   |     -      |     -     |   4.73   
   2    |  1958   |   0.247681   |     -      |     -     |   4.71   
   2    |  1980   |   0.195279   |     -      |     -     |   4.65   
   2    |  2002   |   0.253441   |     -      |     -     |   4.69   
   2    |  2024   |   0.221370   |     -      |     -     |   4.82   
   2    |  2046   |   0.149022   |     -      |     -     |   4.84   
   2    |  2068   |   0.172321   |     -      |     -     |   4.79   
   2    |  2090   |   0.144200   |     -      |     -     |   4.79   
   2    |  2112   |   0.206425   |     -      |     -     |   4.91   
   2    |  2134   |   0.264688   |     -      |     -     |   4.85   
   2    |  2156   |   0.253332   |     -      |     -     |   4.84   
   2    |  2178   |   0.209967   |     -      |     -     |   4.79   
   2    |  2200   |   0.200533   |     -      |     -     |   4.87   
   2    |  2222   |   0.155261   |     -      |     -     |   4.83   
   2    |  2244   |   0.190457   |     -      |     -     |   4.84   
   2    |  2249   |   0.275704   |     -      |     -     |   1.09   
----------------------------------------------------------------------
   2    |    -    |   0.231547   |  0.288390  |   92.60   |  503.64  
----------------------------------------------------------------------


 Epoch  |  Batch  |  Train Loss  | Test Loss  | Test Acc  |  Elapsed 
----------------------------------------------------------------------
   3    |   22    |   0.128680   |     -      |     -     |   5.09   
   3    |   44    |   0.206653   |     -      |     -     |   4.80   
   3    |   66    |   0.181326   |     -      |     -     |   4.68   
   3    |   88    |   0.143860   |     -      |     -     |   4.64   
   3    |   110   |   0.264206   |     -      |     -     |   4.78   
   3    |   132   |   0.180452   |     -      |     -     |   4.81   
   3    |   154   |   0.155568   |     -      |     -     |   4.75   
   3    |   176   |   0.123891   |     -      |     -     |   4.79   
   3    |   198   |   0.157337   |     -      |     -     |   4.77   
   3    |   220   |   0.226854   |     -      |     -     |   4.78   
   3    |   242   |   0.101667   |     -      |     -     |   4.75   
   3    |   264   |   0.138541   |     -      |     -     |   4.78   
   3    |   286   |   0.119331   |     -      |     -     |   4.77   
   3    |   308   |   0.209617   |     -      |     -     |   4.78   
   3    |   330   |   0.129979   |     -      |     -     |   4.78   
   3    |   352   |   0.197155   |     -      |     -     |   4.78   
   3    |   374   |   0.141738   |     -      |     -     |   4.74   
   3    |   396   |   0.150046   |     -      |     -     |   4.77   
   3    |   418   |   0.138893   |     -      |     -     |   4.74   
   3    |   440   |   0.195112   |     -      |     -     |   4.77   
   3    |   462   |   0.202275   |     -      |     -     |   4.71   
   3    |   484   |   0.204576   |     -      |     -     |   4.78   
   3    |   506   |   0.167840   |     -      |     -     |   4.75   
   3    |   528   |   0.157852   |     -      |     -     |   4.79   
   3    |   550   |   0.153090   |     -      |     -     |   4.74   
   3    |   572   |   0.186229   |     -      |     -     |   4.75   
   3    |   594   |   0.216824   |     -      |     -     |   4.75   
   3    |   616   |   0.113383   |     -      |     -     |   4.75   
   3    |   638   |   0.208297   |     -      |     -     |   4.74   
   3    |   660   |   0.156159   |     -      |     -     |   4.74   
   3    |   682   |   0.171011   |     -      |     -     |   4.74   
   3    |   704   |   0.134005   |     -      |     -     |   4.74   
   3    |   726   |   0.187248   |     -      |     -     |   4.75   
   3    |   748   |   0.115373   |     -      |     -     |   4.78   
   3    |   770   |   0.156764   |     -      |     -     |   4.76   
   3    |   792   |   0.152968   |     -      |     -     |   4.73   
   3    |   814   |   0.173681   |     -      |     -     |   4.75   
   3    |   836   |   0.143769   |     -      |     -     |   4.75   
   3    |   858   |   0.142700   |     -      |     -     |   4.71   
   3    |   880   |   0.147320   |     -      |     -     |   4.66   
   3    |   902   |   0.145992   |     -      |     -     |   4.72   
   3    |   924   |   0.121786   |     -      |     -     |   4.75   
   3    |   946   |   0.107714   |     -      |     -     |   4.73   
   3    |   968   |   0.125518   |     -      |     -     |   4.75   
   3    |   990   |   0.188783   |     -      |     -     |   4.73   
   3    |  1012   |   0.158148   |     -      |     -     |   4.73   
   3    |  1034   |   0.137624   |     -      |     -     |   4.74   
   3    |  1056   |   0.149235   |     -      |     -     |   4.72   
   3    |  1078   |   0.201524   |     -      |     -     |   4.74   
   3    |  1100   |   0.171962   |     -      |     -     |   4.75   
   3    |  1122   |   0.204177   |     -      |     -     |   4.73   
   3    |  1144   |   0.165685   |     -      |     -     |   4.71   
   3    |  1166   |   0.192067   |     -      |     -     |   4.53   
   3    |  1188   |   0.150044   |     -      |     -     |   4.52   
   3    |  1210   |   0.150570   |     -      |     -     |   4.64   
   3    |  1232   |   0.119442   |     -      |     -     |   4.66   
   3    |  1254   |   0.167487   |     -      |     -     |   4.65   
   3    |  1276   |   0.078740   |     -      |     -     |   4.66   
   3    |  1298   |   0.106572   |     -      |     -     |   4.64   
   3    |  1320   |   0.194881   |     -      |     -     |   4.68   
   3    |  1342   |   0.186093   |     -      |     -     |   4.71   
   3    |  1364   |   0.104361   |     -      |     -     |   4.70   
   3    |  1386   |   0.129798   |     -      |     -     |   4.73   
   3    |  1408   |   0.261333   |     -      |     -     |   4.77   
   3    |  1430   |   0.149386   |     -      |     -     |   4.90   
   3    |  1452   |   0.042008   |     -      |     -     |   4.77   
   3    |  1474   |   0.118785   |     -      |     -     |   5.03   
   3    |  1496   |   0.131450   |     -      |     -     |   4.82   
   3    |  1518   |   0.174336   |     -      |     -     |   4.82   
   3    |  1540   |   0.088509   |     -      |     -     |   4.76   
   3    |  1562   |   0.160966   |     -      |     -     |   4.92   
   3    |  1584   |   0.160366   |     -      |     -     |   4.75   
   3    |  1606   |   0.105963   |     -      |     -     |   4.82   
   3    |  1628   |   0.150181   |     -      |     -     |   4.79   
   3    |  1650   |   0.197940   |     -      |     -     |   4.87   
   3    |  1672   |   0.104929   |     -      |     -     |   4.97   
   3    |  1694   |   0.098646   |     -      |     -     |   4.92   
   3    |  1716   |   0.206973   |     -      |     -     |   4.84   
   3    |  1738   |   0.130110   |     -      |     -     |   4.88   
   3    |  1760   |   0.113100   |     -      |     -     |   4.86   
   3    |  1782   |   0.125558   |     -      |     -     |   4.84   
   3    |  1804   |   0.128640   |     -      |     -     |   4.71   
   3    |  1826   |   0.182071   |     -      |     -     |   4.74   
   3    |  1848   |   0.103230   |     -      |     -     |   4.74   
   3    |  1870   |   0.139357   |     -      |     -     |   4.79   
   3    |  1892   |   0.102664   |     -      |     -     |   4.75   
   3    |  1914   |   0.141864   |     -      |     -     |   4.71   
   3    |  1936   |   0.125757   |     -      |     -     |   4.67   
   3    |  1958   |   0.211560   |     -      |     -     |   4.77   
   3    |  1980   |   0.123203   |     -      |     -     |   4.77   
   3    |  2002   |   0.082958   |     -      |     -     |   4.75   
   3    |  2024   |   0.131564   |     -      |     -     |   4.73   
   3    |  2046   |   0.162865   |     -      |     -     |   4.64   
   3    |  2068   |   0.206474   |     -      |     -     |   4.63   
   3    |  2090   |   0.064954   |     -      |     -     |   4.77   
   3    |  2112   |   0.181950   |     -      |     -     |   4.78   
   3    |  2134   |   0.149776   |     -      |     -     |   4.74   
   3    |  2156   |   0.138330   |     -      |     -     |   4.74   
   3    |  2178   |   0.212522   |     -      |     -     |   4.82   
   3    |  2200   |   0.130930   |     -      |     -     |   4.79   
   3    |  2222   |   0.155910   |     -      |     -     |   4.70   
   3    |  2244   |   0.138083   |     -      |     -     |   4.67   
   3    |  2249   |   0.148572   |     -      |     -     |   1.06   
----------------------------------------------------------------------
   3    |    -    |   0.152683   |  0.301022  |   93.15   |  502.35  
----------------------------------------------------------------------


 Epoch  |  Batch  |  Train Loss  | Test Loss  | Test Acc  |  Elapsed 
----------------------------------------------------------------------
   4    |   22    |   0.092044   |     -      |     -     |   4.97   
   4    |   44    |   0.094395   |     -      |     -     |   4.77   
   4    |   66    |   0.155598   |     -      |     -     |   4.71   
   4    |   88    |   0.065373   |     -      |     -     |   4.71   
   4    |   110   |   0.071599   |     -      |     -     |   4.68   
   4    |   132   |   0.071803   |     -      |     -     |   4.70   
   4    |   154   |   0.147245   |     -      |     -     |   4.76   
   4    |   176   |   0.074834   |     -      |     -     |   4.78   
   4    |   198   |   0.127891   |     -      |     -     |   4.76   
   4    |   220   |   0.073465   |     -      |     -     |   4.70   
   4    |   242   |   0.087723   |     -      |     -     |   4.70   
   4    |   264   |   0.085881   |     -      |     -     |   4.76   
   4    |   286   |   0.136667   |     -      |     -     |   5.00   
   4    |   308   |   0.074707   |     -      |     -     |   4.74   
   4    |   330   |   0.040947   |     -      |     -     |   4.71   
   4    |   352   |   0.067897   |     -      |     -     |   4.67   
   4    |   374   |   0.126206   |     -      |     -     |   4.70   
   4    |   396   |   0.092343   |     -      |     -     |   4.74   
   4    |   418   |   0.104710   |     -      |     -     |   4.73   
   4    |   440   |   0.092190   |     -      |     -     |   4.77   
   4    |   462   |   0.088087   |     -      |     -     |   4.76   
   4    |   484   |   0.080836   |     -      |     -     |   4.79   
   4    |   506   |   0.078915   |     -      |     -     |   4.76   
   4    |   528   |   0.065292   |     -      |     -     |   4.75   
   4    |   550   |   0.129483   |     -      |     -     |   4.72   
   4    |   572   |   0.083903   |     -      |     -     |   4.67   
   4    |   594   |   0.182915   |     -      |     -     |   4.68   
   4    |   616   |   0.104988   |     -      |     -     |   4.72   
   4    |   638   |   0.075126   |     -      |     -     |   4.77   
   4    |   660   |   0.130786   |     -      |     -     |   4.73   
   4    |   682   |   0.111936   |     -      |     -     |   4.73   
   4    |   704   |   0.069986   |     -      |     -     |   4.72   
   4    |   726   |   0.044527   |     -      |     -     |   4.69   
   4    |   748   |   0.130136   |     -      |     -     |   4.72   
   4    |   770   |   0.131277   |     -      |     -     |   4.74   
   4    |   792   |   0.063051   |     -      |     -     |   4.73   
   4    |   814   |   0.037475   |     -      |     -     |   4.77   
   4    |   836   |   0.057326   |     -      |     -     |   4.74   
   4    |   858   |   0.063712   |     -      |     -     |   4.83   
   4    |   880   |   0.133994   |     -      |     -     |   4.81   
   4    |   902   |   0.097902   |     -      |     -     |   4.87   
   4    |   924   |   0.135194   |     -      |     -     |   4.94   
   4    |   946   |   0.050464   |     -      |     -     |   4.82   
   4    |   968   |   0.031680   |     -      |     -     |   4.90   
   4    |   990   |   0.057763   |     -      |     -     |   4.79   
   4    |  1012   |   0.102619   |     -      |     -     |   4.81   
   4    |  1034   |   0.070521   |     -      |     -     |   4.93   
   4    |  1056   |   0.051512   |     -      |     -     |   4.79   
   4    |  1078   |   0.107270   |     -      |     -     |   4.87   
   4    |  1100   |   0.198367   |     -      |     -     |   4.95   
   4    |  1122   |   0.130582   |     -      |     -     |   4.92   
   4    |  1144   |   0.019859   |     -      |     -     |   4.81   
   4    |  1166   |   0.076214   |     -      |     -     |   4.88   
   4    |  1188   |   0.054262   |     -      |     -     |   4.73   
   4    |  1210   |   0.085583   |     -      |     -     |   4.73   
   4    |  1232   |   0.115349   |     -      |     -     |   4.71   
   4    |  1254   |   0.090975   |     -      |     -     |   4.78   
   4    |  1276   |   0.066083   |     -      |     -     |   4.74   
   4    |  1298   |   0.042852   |     -      |     -     |   4.79   
   4    |  1320   |   0.173746   |     -      |     -     |   4.76   
   4    |  1342   |   0.070981   |     -      |     -     |   4.76   
   4    |  1364   |   0.047664   |     -      |     -     |   4.75   
   4    |  1386   |   0.070430   |     -      |     -     |   4.75   
   4    |  1408   |   0.054606   |     -      |     -     |   4.75   
   4    |  1430   |   0.126205   |     -      |     -     |   4.78   
   4    |  1452   |   0.059314   |     -      |     -     |   4.74   
   4    |  1474   |   0.054785   |     -      |     -     |   4.78   
   4    |  1496   |   0.075847   |     -      |     -     |   4.79   
   4    |  1518   |   0.140323   |     -      |     -     |   4.83   
   4    |  1540   |   0.061753   |     -      |     -     |   4.79   
   4    |  1562   |   0.069866   |     -      |     -     |   4.79   
   4    |  1584   |   0.045348   |     -      |     -     |   4.73   
   4    |  1606   |   0.083187   |     -      |     -     |   4.75   
   4    |  1628   |   0.099333   |     -      |     -     |   4.73   
   4    |  1650   |   0.042572   |     -      |     -     |   4.76   
   4    |  1672   |   0.097596   |     -      |     -     |   4.74   
   4    |  1694   |   0.101438   |     -      |     -     |   4.74   
   4    |  1716   |   0.121932   |     -      |     -     |   4.78   
   4    |  1738   |   0.089953   |     -      |     -     |   4.76   
   4    |  1760   |   0.104652   |     -      |     -     |   4.76   
   4    |  1782   |   0.068920   |     -      |     -     |   4.77   
   4    |  1804   |   0.103278   |     -      |     -     |   4.74   
   4    |  1826   |   0.092024   |     -      |     -     |   4.72   
   4    |  1848   |   0.086365   |     -      |     -     |   4.75   
   4    |  1870   |   0.062546   |     -      |     -     |   4.76   
   4    |  1892   |   0.050560   |     -      |     -     |   4.72   
   4    |  1914   |   0.051533   |     -      |     -     |   4.66   
   4    |  1936   |   0.096500   |     -      |     -     |   4.74   
   4    |  1958   |   0.032968   |     -      |     -     |   4.88   
   4    |  1980   |   0.131888   |     -      |     -     |   4.83   
   4    |  2002   |   0.064592   |     -      |     -     |   4.76   
   4    |  2024   |   0.088598   |     -      |     -     |   4.78   
   4    |  2046   |   0.048183   |     -      |     -     |   4.77   
   4    |  2068   |   0.040129   |     -      |     -     |   4.76   
   4    |  2090   |   0.073075   |     -      |     -     |   4.75   
   4    |  2112   |   0.086586   |     -      |     -     |   4.74   
   4    |  2134   |   0.172109   |     -      |     -     |   4.74   
   4    |  2156   |   0.069288   |     -      |     -     |   4.75   
   4    |  2178   |   0.068105   |     -      |     -     |   4.74   
   4    |  2200   |   0.052611   |     -      |     -     |   4.65   
   4    |  2222   |   0.098145   |     -      |     -     |   4.65   
   4    |  2244   |   0.074579   |     -      |     -     |   4.65   
   4    |  2249   |   0.079586   |     -      |     -     |   1.05   
----------------------------------------------------------------------
   4    |    -    |   0.086618   |  0.347821  |   93.05   |  503.20  
----------------------------------------------------------------------


---------------      Training finished in 33.53 minute.       ---------------
Acc on test dataset: 93.05%
