arg: {'prefix': 'agnews_ptrTY_4', 'read_from': 'imdb_trTY', 'dataset': 'agnews', 'fp_num': 4}
There are 1 GPU(s) available.
Device name: NVIDIA GeForce RTX 3090
---------------                Reading data...                ---------------
---------------     Reading data finished in 0.01 minute.     ---------------
---------------              Tokenizing data...               ---------------
---------------   Tokenizing data finished in 0.77 minute.    ---------------
---------------            Preprocessing torch...             ---------------
--------------- Preprocessing torch finished in 0.00 minute.  ---------------
---------------             Initializing model...             ---------------
---------------  Initializing model finished in 0.00 minute.  ---------------
---------------                  Training...                  ---------------
 Epoch  |  Batch  |  Train Loss  | Test Loss  | Test Acc  |  Elapsed 
----------------------------------------------------------------------
   1    |   22    |   1.486555   |     -      |     -     |   4.92   
   1    |   44    |   1.421703   |     -      |     -     |   4.66   
   1    |   66    |   1.375084   |     -      |     -     |   4.67   
   1    |   88    |   1.365795   |     -      |     -     |   4.72   
   1    |   110   |   1.328970   |     -      |     -     |   4.75   
   1    |   132   |   1.204720   |     -      |     -     |   4.76   
   1    |   154   |   1.131527   |     -      |     -     |   4.74   
   1    |   176   |   1.030640   |     -      |     -     |   4.69   
   1    |   198   |   0.911318   |     -      |     -     |   4.70   
   1    |   220   |   0.862297   |     -      |     -     |   4.73   
   1    |   242   |   0.741269   |     -      |     -     |   4.78   
   1    |   264   |   0.707517   |     -      |     -     |   4.79   
   1    |   286   |   0.630792   |     -      |     -     |   4.76   
   1    |   308   |   0.535611   |     -      |     -     |   4.68   
   1    |   330   |   0.625507   |     -      |     -     |   4.75   
   1    |   352   |   0.552318   |     -      |     -     |   4.78   
   1    |   374   |   0.438081   |     -      |     -     |   4.74   
   1    |   396   |   0.332641   |     -      |     -     |   4.79   
   1    |   418   |   0.346417   |     -      |     -     |   4.75   
   1    |   440   |   0.543441   |     -      |     -     |   4.73   
   1    |   462   |   0.544890   |     -      |     -     |   4.74   
   1    |   484   |   0.418030   |     -      |     -     |   4.75   
   1    |   506   |   0.393820   |     -      |     -     |   4.76   
   1    |   528   |   0.423133   |     -      |     -     |   4.77   
   1    |   550   |   0.378179   |     -      |     -     |   4.76   
   1    |   572   |   0.414483   |     -      |     -     |   4.77   
   1    |   594   |   0.496160   |     -      |     -     |   4.72   
   1    |   616   |   0.418958   |     -      |     -     |   4.70   
   1    |   638   |   0.466613   |     -      |     -     |   4.76   
   1    |   660   |   0.320868   |     -      |     -     |   4.72   
   1    |   682   |   0.390190   |     -      |     -     |   4.64   
   1    |   704   |   0.353330   |     -      |     -     |   4.72   
   1    |   726   |   0.401574   |     -      |     -     |   4.81   
   1    |   748   |   0.433440   |     -      |     -     |   4.81   
   1    |   770   |   0.391295   |     -      |     -     |   4.82   
   1    |   792   |   0.378089   |     -      |     -     |   4.84   
   1    |   814   |   0.329283   |     -      |     -     |   4.86   
   1    |   836   |   0.329877   |     -      |     -     |   4.86   
   1    |   858   |   0.345647   |     -      |     -     |   4.77   
   1    |   880   |   0.285014   |     -      |     -     |   4.73   
   1    |   902   |   0.309216   |     -      |     -     |   4.73   
   1    |   924   |   0.307410   |     -      |     -     |   4.78   
   1    |   946   |   0.221830   |     -      |     -     |   4.80   
   1    |   968   |   0.444745   |     -      |     -     |   4.79   
   1    |   990   |   0.313969   |     -      |     -     |   4.80   
   1    |  1012   |   0.336345   |     -      |     -     |   4.70   
   1    |  1034   |   0.272886   |     -      |     -     |   4.75   
   1    |  1056   |   0.319767   |     -      |     -     |   4.74   
   1    |  1078   |   0.336272   |     -      |     -     |   4.79   
   1    |  1100   |   0.361445   |     -      |     -     |   4.78   
   1    |  1122   |   0.407376   |     -      |     -     |   4.78   
   1    |  1144   |   0.311714   |     -      |     -     |   4.78   
   1    |  1166   |   0.335149   |     -      |     -     |   4.76   
   1    |  1188   |   0.344987   |     -      |     -     |   4.77   
   1    |  1210   |   0.349150   |     -      |     -     |   4.70   
   1    |  1232   |   0.360442   |     -      |     -     |   4.73   
   1    |  1254   |   0.268011   |     -      |     -     |   4.79   
   1    |  1276   |   0.366073   |     -      |     -     |   4.80   
   1    |  1298   |   0.343727   |     -      |     -     |   4.80   
   1    |  1320   |   0.304463   |     -      |     -     |   4.79   
   1    |  1342   |   0.290104   |     -      |     -     |   4.80   
   1    |  1364   |   0.287798   |     -      |     -     |   4.78   
   1    |  1386   |   0.329350   |     -      |     -     |   4.74   
   1    |  1408   |   0.369879   |     -      |     -     |   4.73   
   1    |  1430   |   0.308743   |     -      |     -     |   4.71   
   1    |  1452   |   0.297750   |     -      |     -     |   4.72   
   1    |  1474   |   0.275899   |     -      |     -     |   4.77   
   1    |  1496   |   0.225351   |     -      |     -     |   4.81   
   1    |  1518   |   0.249091   |     -      |     -     |   4.79   
   1    |  1540   |   0.261627   |     -      |     -     |   4.76   
   1    |  1562   |   0.337766   |     -      |     -     |   4.79   
   1    |  1584   |   0.261128   |     -      |     -     |   4.80   
   1    |  1606   |   0.360681   |     -      |     -     |   4.68   
   1    |  1628   |   0.253431   |     -      |     -     |   4.70   
   1    |  1650   |   0.296274   |     -      |     -     |   4.74   
   1    |  1672   |   0.222753   |     -      |     -     |   4.78   
   1    |  1694   |   0.300688   |     -      |     -     |   4.78   
   1    |  1716   |   0.240149   |     -      |     -     |   4.78   
   1    |  1738   |   0.283989   |     -      |     -     |   4.78   
   1    |  1760   |   0.349867   |     -      |     -     |   4.78   
   1    |  1782   |   0.303318   |     -      |     -     |   4.78   
   1    |  1804   |   0.359025   |     -      |     -     |   4.71   
   1    |  1826   |   0.320718   |     -      |     -     |   4.70   
   1    |  1848   |   0.318505   |     -      |     -     |   4.71   
   1    |  1870   |   0.298053   |     -      |     -     |   4.69   
   1    |  1892   |   0.298243   |     -      |     -     |   4.75   
   1    |  1914   |   0.282050   |     -      |     -     |   4.77   
   1    |  1936   |   0.286948   |     -      |     -     |   4.68   
   1    |  1958   |   0.221342   |     -      |     -     |   4.75   
   1    |  1980   |   0.338073   |     -      |     -     |   4.75   
   1    |  2002   |   0.296492   |     -      |     -     |   4.80   
   1    |  2024   |   0.211390   |     -      |     -     |   4.73   
   1    |  2046   |   0.248660   |     -      |     -     |   4.73   
   1    |  2068   |   0.389660   |     -      |     -     |   4.74   
   1    |  2090   |   0.328661   |     -      |     -     |   4.75   
   1    |  2112   |   0.390382   |     -      |     -     |   4.71   
   1    |  2134   |   0.277608   |     -      |     -     |   4.72   
   1    |  2156   |   0.327532   |     -      |     -     |   4.71   
   1    |  2178   |   0.224891   |     -      |     -     |   4.74   
   1    |  2200   |   0.207982   |     -      |     -     |   4.71   
   1    |  2222   |   0.269524   |     -      |     -     |   4.75   
   1    |  2244   |   0.347090   |     -      |     -     |   4.75   
   1    |  2249   |   0.286149   |     -      |     -     |   1.08   
----------------------------------------------------------------------
   1    |    -    |   0.435904   |  0.282555  |   91.35   |  502.22  
----------------------------------------------------------------------


 Epoch  |  Batch  |  Train Loss  | Test Loss  | Test Acc  |  Elapsed 
----------------------------------------------------------------------
   2    |   22    |   0.154818   |     -      |     -     |   5.02   
   2    |   44    |   0.173693   |     -      |     -     |   4.81   
   2    |   66    |   0.181083   |     -      |     -     |   4.80   
   2    |   88    |   0.268686   |     -      |     -     |   4.82   
   2    |   110   |   0.245506   |     -      |     -     |   4.80   
   2    |   132   |   0.162009   |     -      |     -     |   4.74   
   2    |   154   |   0.231405   |     -      |     -     |   4.73   
   2    |   176   |   0.263794   |     -      |     -     |   4.74   
   2    |   198   |   0.183583   |     -      |     -     |   4.77   
   2    |   220   |   0.192621   |     -      |     -     |   4.77   
   2    |   242   |   0.294085   |     -      |     -     |   4.77   
   2    |   264   |   0.343251   |     -      |     -     |   4.76   
   2    |   286   |   0.215646   |     -      |     -     |   4.81   
   2    |   308   |   0.243677   |     -      |     -     |   4.78   
   2    |   330   |   0.253325   |     -      |     -     |   4.79   
   2    |   352   |   0.214377   |     -      |     -     |   4.82   
   2    |   374   |   0.261959   |     -      |     -     |   4.79   
   2    |   396   |   0.191847   |     -      |     -     |   4.72   
   2    |   418   |   0.185765   |     -      |     -     |   4.78   
   2    |   440   |   0.161645   |     -      |     -     |   4.77   
   2    |   462   |   0.280008   |     -      |     -     |   4.81   
   2    |   484   |   0.284895   |     -      |     -     |   4.80   
   2    |   506   |   0.223335   |     -      |     -     |   4.80   
   2    |   528   |   0.187358   |     -      |     -     |   4.79   
   2    |   550   |   0.273759   |     -      |     -     |   4.78   
   2    |   572   |   0.249215   |     -      |     -     |   4.82   
   2    |   594   |   0.247107   |     -      |     -     |   4.83   
   2    |   616   |   0.191973   |     -      |     -     |   4.79   
   2    |   638   |   0.205611   |     -      |     -     |   4.77   
   2    |   660   |   0.225589   |     -      |     -     |   4.69   
   2    |   682   |   0.178007   |     -      |     -     |   4.72   
   2    |   704   |   0.194740   |     -      |     -     |   4.73   
   2    |   726   |   0.219700   |     -      |     -     |   4.80   
   2    |   748   |   0.240618   |     -      |     -     |   4.78   
   2    |   770   |   0.227915   |     -      |     -     |   4.77   
   2    |   792   |   0.130472   |     -      |     -     |   4.90   
   2    |   814   |   0.264079   |     -      |     -     |   4.78   
   2    |   836   |   0.297480   |     -      |     -     |   4.81   
   2    |   858   |   0.245873   |     -      |     -     |   4.71   
   2    |   880   |   0.221879   |     -      |     -     |   4.69   
   2    |   902   |   0.213877   |     -      |     -     |   4.74   
   2    |   924   |   0.250525   |     -      |     -     |   4.77   
   2    |   946   |   0.235931   |     -      |     -     |   4.77   
   2    |   968   |   0.233450   |     -      |     -     |   4.75   
   2    |   990   |   0.265974   |     -      |     -     |   4.77   
   2    |  1012   |   0.303723   |     -      |     -     |   4.73   
   2    |  1034   |   0.243065   |     -      |     -     |   4.73   
   2    |  1056   |   0.236568   |     -      |     -     |   4.79   
   2    |  1078   |   0.261301   |     -      |     -     |   4.79   
   2    |  1100   |   0.239932   |     -      |     -     |   4.79   
   2    |  1122   |   0.147122   |     -      |     -     |   4.81   
   2    |  1144   |   0.195060   |     -      |     -     |   4.78   
   2    |  1166   |   0.216076   |     -      |     -     |   4.79   
   2    |  1188   |   0.231387   |     -      |     -     |   4.79   
   2    |  1210   |   0.291029   |     -      |     -     |   4.87   
   2    |  1232   |   0.233062   |     -      |     -     |   4.82   
   2    |  1254   |   0.189553   |     -      |     -     |   4.78   
   2    |  1276   |   0.208555   |     -      |     -     |   4.79   
   2    |  1298   |   0.220946   |     -      |     -     |   4.65   
   2    |  1320   |   0.273241   |     -      |     -     |   4.74   
   2    |  1342   |   0.123921   |     -      |     -     |   4.78   
   2    |  1364   |   0.183527   |     -      |     -     |   4.78   
   2    |  1386   |   0.175425   |     -      |     -     |   4.74   
   2    |  1408   |   0.266435   |     -      |     -     |   4.67   
   2    |  1430   |   0.186091   |     -      |     -     |   4.65   
   2    |  1452   |   0.270245   |     -      |     -     |   4.66   
   2    |  1474   |   0.255087   |     -      |     -     |   4.74   
   2    |  1496   |   0.186273   |     -      |     -     |   4.77   
   2    |  1518   |   0.146969   |     -      |     -     |   4.77   
   2    |  1540   |   0.256868   |     -      |     -     |   4.81   
   2    |  1562   |   0.218296   |     -      |     -     |   4.80   
   2    |  1584   |   0.180621   |     -      |     -     |   4.85   
   2    |  1606   |   0.169220   |     -      |     -     |   4.85   
   2    |  1628   |   0.171948   |     -      |     -     |   4.85   
   2    |  1650   |   0.160121   |     -      |     -     |   4.76   
   2    |  1672   |   0.219655   |     -      |     -     |   4.84   
   2    |  1694   |   0.234928   |     -      |     -     |   4.89   
   2    |  1716   |   0.237419   |     -      |     -     |   4.84   
   2    |  1738   |   0.160397   |     -      |     -     |   4.74   
   2    |  1760   |   0.153255   |     -      |     -     |   4.74   
   2    |  1782   |   0.171427   |     -      |     -     |   4.78   
   2    |  1804   |   0.264858   |     -      |     -     |   4.80   
   2    |  1826   |   0.237918   |     -      |     -     |   4.76   
   2    |  1848   |   0.245327   |     -      |     -     |   4.79   
   2    |  1870   |   0.214407   |     -      |     -     |   4.79   
   2    |  1892   |   0.184176   |     -      |     -     |   4.72   
   2    |  1914   |   0.159150   |     -      |     -     |   4.79   
   2    |  1936   |   0.229604   |     -      |     -     |   4.81   
   2    |  1958   |   0.184959   |     -      |     -     |   4.79   
   2    |  1980   |   0.170043   |     -      |     -     |   4.79   
   2    |  2002   |   0.235154   |     -      |     -     |   4.80   
   2    |  2024   |   0.167963   |     -      |     -     |   4.83   
   2    |  2046   |   0.134398   |     -      |     -     |   4.76   
   2    |  2068   |   0.160857   |     -      |     -     |   4.82   
   2    |  2090   |   0.145711   |     -      |     -     |   4.76   
   2    |  2112   |   0.151532   |     -      |     -     |   4.80   
   2    |  2134   |   0.246309   |     -      |     -     |   4.80   
   2    |  2156   |   0.228599   |     -      |     -     |   4.80   
   2    |  2178   |   0.180819   |     -      |     -     |   4.80   
   2    |  2200   |   0.197672   |     -      |     -     |   4.76   
   2    |  2222   |   0.144981   |     -      |     -     |   4.79   
   2    |  2244   |   0.180857   |     -      |     -     |   4.75   
   2    |  2249   |   0.171702   |     -      |     -     |   1.10   
----------------------------------------------------------------------
   2    |    -    |   0.214546   |  0.271041  |   93.03   |  505.01  
----------------------------------------------------------------------


---------------      Training finished in 16.79 minute.       ---------------
Acc on test dataset: 93.03%
