arg: {'prefix': 'imdb_4_epoch_typo', 'read_from': None, 'dataset': 'imdb', 'fp_num': 0, 'train_typo': True, 'test_typo': True}
There are 1 GPU(s) available.
Device name: NVIDIA GeForce RTX 3090
---------------                Reading data...                ---------------
---------------     Reading data finished in 0.02 minute.     ---------------
---------------              Tokenizing data...               ---------------
---------------   Tokenizing data finished in 2.88 minute.    ---------------
---------------            Preprocessing torch...             ---------------
--------------- Preprocessing torch finished in 0.00 minute.  ---------------
---------------             Initializing model...             ---------------
---------------  Initializing model finished in 0.10 minute.  ---------------
---------------                  Training...                  ---------------
 Epoch  |  Batch  |  Train Loss  | Test Loss  | Test Acc  |  Elapsed 
----------------------------------------------------------------------
   1    |   22    |   0.686274   |     -      |     -     |   4.85   
   1    |   44    |   0.672838   |     -      |     -     |   4.61   
   1    |   66    |   0.678669   |     -      |     -     |   4.62   
   1    |   88    |   0.675438   |     -      |     -     |   4.64   
   1    |   110   |   0.660766   |     -      |     -     |   4.61   
   1    |   132   |   0.631261   |     -      |     -     |   4.62   
   1    |   154   |   0.583816   |     -      |     -     |   4.62   
   1    |   176   |   0.541692   |     -      |     -     |   4.65   
   1    |   198   |   0.563903   |     -      |     -     |   4.62   
   1    |   220   |   0.492215   |     -      |     -     |   4.71   
   1    |   242   |   0.465624   |     -      |     -     |   4.73   
   1    |   264   |   0.426664   |     -      |     -     |   4.74   
   1    |   286   |   0.468823   |     -      |     -     |   4.73   
   1    |   308   |   0.426458   |     -      |     -     |   4.73   
   1    |   330   |   0.385627   |     -      |     -     |   4.74   
   1    |   352   |   0.351290   |     -      |     -     |   4.70   
   1    |   374   |   0.375066   |     -      |     -     |   4.71   
   1    |   396   |   0.360586   |     -      |     -     |   4.81   
   1    |   418   |   0.342031   |     -      |     -     |   4.77   
   1    |   440   |   0.323705   |     -      |     -     |   5.00   
   1    |   462   |   0.320874   |     -      |     -     |   4.78   
   1    |   484   |   0.345715   |     -      |     -     |   4.84   
   1    |   506   |   0.328995   |     -      |     -     |   4.88   
   1    |   528   |   0.439604   |     -      |     -     |   4.80   
   1    |   550   |   0.307638   |     -      |     -     |   4.91   
   1    |   572   |   0.351292   |     -      |     -     |   4.82   
   1    |   594   |   0.345450   |     -      |     -     |   4.78   
   1    |   616   |   0.321428   |     -      |     -     |   4.75   
   1    |   638   |   0.299943   |     -      |     -     |   4.88   
   1    |   660   |   0.292501   |     -      |     -     |   4.91   
   1    |   682   |   0.353208   |     -      |     -     |   4.85   
   1    |   704   |   0.321664   |     -      |     -     |   4.76   
   1    |   726   |   0.278654   |     -      |     -     |   4.86   
   1    |   748   |   0.281587   |     -      |     -     |   4.82   
   1    |   770   |   0.317155   |     -      |     -     |   4.79   
   1    |   792   |   0.437838   |     -      |     -     |   4.82   
   1    |   814   |   0.368738   |     -      |     -     |   4.77   
   1    |   836   |   0.304804   |     -      |     -     |   4.77   
   1    |   858   |   0.286502   |     -      |     -     |   4.77   
   1    |   880   |   0.299855   |     -      |     -     |   4.77   
   1    |   902   |   0.269701   |     -      |     -     |   4.82   
   1    |   924   |   0.310001   |     -      |     -     |   4.82   
   1    |   946   |   0.282345   |     -      |     -     |   4.80   
   1    |   968   |   0.265284   |     -      |     -     |   4.78   
   1    |   990   |   0.301714   |     -      |     -     |   4.79   
   1    |  1012   |   0.288679   |     -      |     -     |   4.79   
   1    |  1034   |   0.281016   |     -      |     -     |   4.64   
   1    |  1056   |   0.306493   |     -      |     -     |   4.65   
   1    |  1078   |   0.255219   |     -      |     -     |   4.67   
   1    |  1100   |   0.279682   |     -      |     -     |   4.77   
   1    |  1122   |   0.255705   |     -      |     -     |   4.72   
   1    |  1144   |   0.313435   |     -      |     -     |   4.80   
   1    |  1166   |   0.299563   |     -      |     -     |   4.78   
   1    |  1188   |   0.244556   |     -      |     -     |   4.77   
   1    |  1210   |   0.275178   |     -      |     -     |   4.78   
   1    |  1232   |   0.310845   |     -      |     -     |   4.78   
   1    |  1254   |   0.271601   |     -      |     -     |   4.75   
   1    |  1276   |   0.311196   |     -      |     -     |   4.80   
   1    |  1298   |   0.227210   |     -      |     -     |   4.79   
   1    |  1320   |   0.253710   |     -      |     -     |   4.81   
   1    |  1342   |   0.226679   |     -      |     -     |   4.80   
   1    |  1364   |   0.301188   |     -      |     -     |   4.75   
   1    |  1386   |   0.278157   |     -      |     -     |   4.72   
   1    |  1408   |   0.239176   |     -      |     -     |   4.74   
   1    |  1430   |   0.199151   |     -      |     -     |   4.81   
   1    |  1452   |   0.199659   |     -      |     -     |   4.79   
   1    |  1474   |   0.244870   |     -      |     -     |   4.77   
   1    |  1496   |   0.251709   |     -      |     -     |   4.75   
   1    |  1518   |   0.319946   |     -      |     -     |   4.78   
   1    |  1540   |   0.199013   |     -      |     -     |   4.84   
   1    |  1562   |   0.452599   |     -      |     -     |   4.82   
   1    |  1584   |   0.254200   |     -      |     -     |   4.78   
   1    |  1606   |   0.229076   |     -      |     -     |   4.75   
   1    |  1628   |   0.304601   |     -      |     -     |   4.75   
   1    |  1650   |   0.245310   |     -      |     -     |   4.81   
   1    |  1672   |   0.187086   |     -      |     -     |   4.65   
   1    |  1694   |   0.245707   |     -      |     -     |   4.69   
   1    |  1716   |   0.251607   |     -      |     -     |   4.66   
   1    |  1738   |   0.319806   |     -      |     -     |   4.73   
   1    |  1760   |   0.194234   |     -      |     -     |   4.75   
   1    |  1782   |   0.297729   |     -      |     -     |   4.75   
   1    |  1804   |   0.279956   |     -      |     -     |   4.72   
   1    |  1826   |   0.257455   |     -      |     -     |   4.78   
   1    |  1848   |   0.223648   |     -      |     -     |   4.75   
   1    |  1870   |   0.283479   |     -      |     -     |   4.77   
   1    |  1892   |   0.243794   |     -      |     -     |   4.77   
   1    |  1914   |   0.267614   |     -      |     -     |   4.76   
   1    |  1936   |   0.202305   |     -      |     -     |   4.74   
   1    |  1958   |   0.213587   |     -      |     -     |   4.77   
   1    |  1980   |   0.289969   |     -      |     -     |   4.75   
   1    |  2002   |   0.237976   |     -      |     -     |   4.76   
   1    |  2024   |   0.287529   |     -      |     -     |   4.76   
   1    |  2046   |   0.217571   |     -      |     -     |   4.77   
   1    |  2068   |   0.188306   |     -      |     -     |   4.76   
   1    |  2090   |   0.215329   |     -      |     -     |   4.79   
   1    |  2112   |   0.191713   |     -      |     -     |   4.77   
   1    |  2134   |   0.271453   |     -      |     -     |   4.80   
   1    |  2156   |   0.230331   |     -      |     -     |   4.84   
   1    |  2178   |   0.263499   |     -      |     -     |   4.92   
   1    |  2200   |   0.221836   |     -      |     -     |   4.86   
   1    |  2222   |   0.209375   |     -      |     -     |   4.89   
   1    |  2244   |   0.222715   |     -      |     -     |   4.99   
   1    |  2249   |   0.146176   |     -      |     -     |   1.10   
----------------------------------------------------------------------
   1    |    -    |   0.321148   |  0.198001  |   92.70   |  503.84  
----------------------------------------------------------------------


 Epoch  |  Batch  |  Train Loss  | Test Loss  | Test Acc  |  Elapsed 
----------------------------------------------------------------------
   2    |   22    |   0.134476   |     -      |     -     |   5.18   
   2    |   44    |   0.220300   |     -      |     -     |   4.98   
   2    |   66    |   0.177764   |     -      |     -     |   4.88   
   2    |   88    |   0.190331   |     -      |     -     |   4.82   
   2    |   110   |   0.131321   |     -      |     -     |   4.82   
   2    |   132   |   0.182114   |     -      |     -     |   4.82   
   2    |   154   |   0.122639   |     -      |     -     |   4.80   
   2    |   176   |   0.146461   |     -      |     -     |   4.75   
   2    |   198   |   0.163870   |     -      |     -     |   4.82   
   2    |   220   |   0.189260   |     -      |     -     |   4.78   
   2    |   242   |   0.182726   |     -      |     -     |   4.65   
   2    |   264   |   0.115816   |     -      |     -     |   4.56   
   2    |   286   |   0.162028   |     -      |     -     |   4.56   
   2    |   308   |   0.096768   |     -      |     -     |   4.58   
   2    |   330   |   0.162236   |     -      |     -     |   4.58   
   2    |   352   |   0.143251   |     -      |     -     |   4.62   
   2    |   374   |   0.189805   |     -      |     -     |   4.68   
   2    |   396   |   0.309115   |     -      |     -     |   4.66   
   2    |   418   |   0.189089   |     -      |     -     |   4.78   
   2    |   440   |   0.120655   |     -      |     -     |   4.79   
   2    |   462   |   0.228990   |     -      |     -     |   4.84   
   2    |   484   |   0.130964   |     -      |     -     |   4.78   
   2    |   506   |   0.123391   |     -      |     -     |   4.76   
   2    |   528   |   0.198133   |     -      |     -     |   4.83   
   2    |   550   |   0.079883   |     -      |     -     |   4.62   
   2    |   572   |   0.173748   |     -      |     -     |   4.58   
   2    |   594   |   0.120789   |     -      |     -     |   4.56   
   2    |   616   |   0.133149   |     -      |     -     |   4.55   
   2    |   638   |   0.119600   |     -      |     -     |   4.58   
   2    |   660   |   0.126148   |     -      |     -     |   4.70   
   2    |   682   |   0.182168   |     -      |     -     |   4.72   
   2    |   704   |   0.122547   |     -      |     -     |   4.76   
   2    |   726   |   0.100429   |     -      |     -     |   4.75   
   2    |   748   |   0.125359   |     -      |     -     |   4.78   
   2    |   770   |   0.236354   |     -      |     -     |   4.78   
   2    |   792   |   0.169584   |     -      |     -     |   4.78   
   2    |   814   |   0.144486   |     -      |     -     |   4.75   
   2    |   836   |   0.150932   |     -      |     -     |   4.74   
   2    |   858   |   0.236233   |     -      |     -     |   4.71   
   2    |   880   |   0.139407   |     -      |     -     |   4.72   
   2    |   902   |   0.178820   |     -      |     -     |   4.72   
   2    |   924   |   0.152405   |     -      |     -     |   4.69   
   2    |   946   |   0.132115   |     -      |     -     |   4.75   
   2    |   968   |   0.158314   |     -      |     -     |   4.79   
   2    |   990   |   0.088416   |     -      |     -     |   4.73   
   2    |  1012   |   0.213015   |     -      |     -     |   4.77   
   2    |  1034   |   0.128157   |     -      |     -     |   4.80   
   2    |  1056   |   0.129283   |     -      |     -     |   4.79   
   2    |  1078   |   0.182020   |     -      |     -     |   4.78   
   2    |  1100   |   0.208780   |     -      |     -     |   4.77   
   2    |  1122   |   0.150333   |     -      |     -     |   4.78   
   2    |  1144   |   0.187165   |     -      |     -     |   4.76   
   2    |  1166   |   0.137040   |     -      |     -     |   4.75   
   2    |  1188   |   0.142333   |     -      |     -     |   4.76   
   2    |  1210   |   0.163880   |     -      |     -     |   4.68   
   2    |  1232   |   0.078085   |     -      |     -     |   4.77   
   2    |  1254   |   0.140839   |     -      |     -     |   4.76   
   2    |  1276   |   0.159364   |     -      |     -     |   4.77   
   2    |  1298   |   0.134427   |     -      |     -     |   4.75   
   2    |  1320   |   0.114936   |     -      |     -     |   4.75   
   2    |  1342   |   0.100345   |     -      |     -     |   4.77   
   2    |  1364   |   0.123009   |     -      |     -     |   4.72   
   2    |  1386   |   0.150687   |     -      |     -     |   4.77   
   2    |  1408   |   0.167789   |     -      |     -     |   4.75   
   2    |  1430   |   0.168905   |     -      |     -     |   4.72   
   2    |  1452   |   0.113131   |     -      |     -     |   4.72   
   2    |  1474   |   0.156101   |     -      |     -     |   4.77   
   2    |  1496   |   0.204546   |     -      |     -     |   4.79   
   2    |  1518   |   0.202974   |     -      |     -     |   4.85   
   2    |  1540   |   0.152124   |     -      |     -     |   4.92   
   2    |  1562   |   0.114163   |     -      |     -     |   4.85   
   2    |  1584   |   0.189603   |     -      |     -     |   4.82   
   2    |  1606   |   0.182228   |     -      |     -     |   4.82   
   2    |  1628   |   0.135062   |     -      |     -     |   4.79   
   2    |  1650   |   0.199769   |     -      |     -     |   4.84   
   2    |  1672   |   0.128454   |     -      |     -     |   4.83   
   2    |  1694   |   0.151752   |     -      |     -     |   5.09   
   2    |  1716   |   0.163439   |     -      |     -     |   4.92   
   2    |  1738   |   0.178422   |     -      |     -     |   4.89   
   2    |  1760   |   0.208960   |     -      |     -     |   5.00   
   2    |  1782   |   0.052264   |     -      |     -     |   5.04   
   2    |  1804   |   0.155840   |     -      |     -     |   4.86   
   2    |  1826   |   0.211161   |     -      |     -     |   4.79   
   2    |  1848   |   0.203527   |     -      |     -     |   4.87   
   2    |  1870   |   0.175571   |     -      |     -     |   4.88   
   2    |  1892   |   0.115065   |     -      |     -     |   4.81   
   2    |  1914   |   0.148201   |     -      |     -     |   4.83   
   2    |  1936   |   0.103711   |     -      |     -     |   4.79   
   2    |  1958   |   0.106433   |     -      |     -     |   4.77   
   2    |  1980   |   0.155455   |     -      |     -     |   4.80   
   2    |  2002   |   0.159948   |     -      |     -     |   4.81   
   2    |  2024   |   0.117327   |     -      |     -     |   4.79   
   2    |  2046   |   0.113722   |     -      |     -     |   4.79   
   2    |  2068   |   0.170662   |     -      |     -     |   4.80   
   2    |  2090   |   0.174775   |     -      |     -     |   4.83   
   2    |  2112   |   0.092533   |     -      |     -     |   4.79   
   2    |  2134   |   0.122836   |     -      |     -     |   4.90   
   2    |  2156   |   0.090861   |     -      |     -     |   4.80   
   2    |  2178   |   0.107738   |     -      |     -     |   4.72   
   2    |  2200   |   0.135114   |     -      |     -     |   4.72   
   2    |  2222   |   0.146367   |     -      |     -     |   4.80   
   2    |  2244   |   0.126445   |     -      |     -     |   4.79   
   2    |  2249   |   0.060386   |     -      |     -     |   1.09   
----------------------------------------------------------------------
   2    |    -    |   0.152034   |  0.173462  |   94.97   |  504.47  
----------------------------------------------------------------------


 Epoch  |  Batch  |  Train Loss  | Test Loss  | Test Acc  |  Elapsed 
----------------------------------------------------------------------
   3    |   22    |   0.045113   |     -      |     -     |   4.97   
   3    |   44    |   0.004738   |     -      |     -     |   4.62   
   3    |   66    |   0.067542   |     -      |     -     |   4.57   
   3    |   88    |   0.095206   |     -      |     -     |   4.69   
   3    |   110   |   0.097270   |     -      |     -     |   4.73   
   3    |   132   |   0.029652   |     -      |     -     |   4.71   
   3    |   154   |   0.076967   |     -      |     -     |   4.69   
   3    |   176   |   0.096463   |     -      |     -     |   4.72   
   3    |   198   |   0.073902   |     -      |     -     |   4.81   
   3    |   220   |   0.090188   |     -      |     -     |   4.79   
   3    |   242   |   0.094951   |     -      |     -     |   4.75   
   3    |   264   |   0.049409   |     -      |     -     |   4.73   
   3    |   286   |   0.081105   |     -      |     -     |   4.69   
   3    |   308   |   0.061004   |     -      |     -     |   4.77   
   3    |   330   |   0.076901   |     -      |     -     |   4.79   
   3    |   352   |   0.097432   |     -      |     -     |   4.79   
   3    |   374   |   0.077978   |     -      |     -     |   4.76   
   3    |   396   |   0.092726   |     -      |     -     |   4.85   
   3    |   418   |   0.054630   |     -      |     -     |   4.77   
   3    |   440   |   0.050010   |     -      |     -     |   4.76   
   3    |   462   |   0.074585   |     -      |     -     |   4.74   
   3    |   484   |   0.105143   |     -      |     -     |   4.78   
   3    |   506   |   0.113601   |     -      |     -     |   4.76   
   3    |   528   |   0.048983   |     -      |     -     |   4.79   
   3    |   550   |   0.027607   |     -      |     -     |   4.75   
   3    |   572   |   0.072255   |     -      |     -     |   4.78   
   3    |   594   |   0.061790   |     -      |     -     |   4.76   
   3    |   616   |   0.041946   |     -      |     -     |   4.76   
   3    |   638   |   0.033450   |     -      |     -     |   4.75   
   3    |   660   |   0.111671   |     -      |     -     |   4.78   
   3    |   682   |   0.071103   |     -      |     -     |   4.76   
   3    |   704   |   0.085194   |     -      |     -     |   4.75   
   3    |   726   |   0.058927   |     -      |     -     |   4.76   
   3    |   748   |   0.105863   |     -      |     -     |   4.75   
   3    |   770   |   0.056902   |     -      |     -     |   4.73   
   3    |   792   |   0.052004   |     -      |     -     |   4.66   
   3    |   814   |   0.031956   |     -      |     -     |   4.75   
   3    |   836   |   0.075091   |     -      |     -     |   4.84   
   3    |   858   |   0.074313   |     -      |     -     |   4.81   
   3    |   880   |   0.141306   |     -      |     -     |   4.81   
   3    |   902   |   0.073811   |     -      |     -     |   4.83   
   3    |   924   |   0.074516   |     -      |     -     |   4.80   
   3    |   946   |   0.046064   |     -      |     -     |   4.85   
   3    |   968   |   0.102545   |     -      |     -     |   4.81   
   3    |   990   |   0.072306   |     -      |     -     |   4.82   
   3    |  1012   |   0.025148   |     -      |     -     |   4.80   
   3    |  1034   |   0.051782   |     -      |     -     |   4.81   
   3    |  1056   |   0.042148   |     -      |     -     |   4.85   
   3    |  1078   |   0.040369   |     -      |     -     |   4.81   
   3    |  1100   |   0.043141   |     -      |     -     |   4.90   
   3    |  1122   |   0.099446   |     -      |     -     |   4.84   
   3    |  1144   |   0.103018   |     -      |     -     |   4.83   
   3    |  1166   |   0.064869   |     -      |     -     |   4.89   
   3    |  1188   |   0.040357   |     -      |     -     |   5.08   
   3    |  1210   |   0.056225   |     -      |     -     |   4.87   
   3    |  1232   |   0.098627   |     -      |     -     |   4.74   
   3    |  1254   |   0.071564   |     -      |     -     |   4.70   
   3    |  1276   |   0.088271   |     -      |     -     |   4.70   
   3    |  1298   |   0.035484   |     -      |     -     |   4.68   
   3    |  1320   |   0.049317   |     -      |     -     |   4.77   
   3    |  1342   |   0.064832   |     -      |     -     |   4.72   
   3    |  1364   |   0.038463   |     -      |     -     |   4.73   
   3    |  1386   |   0.112304   |     -      |     -     |   4.72   
   3    |  1408   |   0.109346   |     -      |     -     |   4.81   
   3    |  1430   |   0.018168   |     -      |     -     |   4.80   
   3    |  1452   |   0.097236   |     -      |     -     |   4.80   
   3    |  1474   |   0.003081   |     -      |     -     |   4.76   
   3    |  1496   |   0.050467   |     -      |     -     |   4.77   
   3    |  1518   |   0.028622   |     -      |     -     |   4.79   
   3    |  1540   |   0.001999   |     -      |     -     |   4.76   
   3    |  1562   |   0.067934   |     -      |     -     |   4.80   
   3    |  1584   |   0.086502   |     -      |     -     |   4.77   
   3    |  1606   |   0.115146   |     -      |     -     |   4.71   
   3    |  1628   |   0.110333   |     -      |     -     |   4.71   
   3    |  1650   |   0.085425   |     -      |     -     |   4.69   
   3    |  1672   |   0.060967   |     -      |     -     |   4.68   
   3    |  1694   |   0.086319   |     -      |     -     |   4.70   
   3    |  1716   |   0.014474   |     -      |     -     |   4.68   
   3    |  1738   |   0.045600   |     -      |     -     |   4.69   
   3    |  1760   |   0.055980   |     -      |     -     |   4.67   
   3    |  1782   |   0.104669   |     -      |     -     |   4.72   
   3    |  1804   |   0.072449   |     -      |     -     |   4.68   
   3    |  1826   |   0.115826   |     -      |     -     |   4.78   
   3    |  1848   |   0.098565   |     -      |     -     |   4.80   
   3    |  1870   |   0.043254   |     -      |     -     |   4.77   
   3    |  1892   |   0.064985   |     -      |     -     |   4.76   
   3    |  1914   |   0.076369   |     -      |     -     |   4.79   
   3    |  1936   |   0.131347   |     -      |     -     |   4.75   
   3    |  1958   |   0.098326   |     -      |     -     |   4.70   
   3    |  1980   |   0.050770   |     -      |     -     |   4.76   
   3    |  2002   |   0.064258   |     -      |     -     |   4.76   
   3    |  2024   |   0.054579   |     -      |     -     |   4.78   
   3    |  2046   |   0.041294   |     -      |     -     |   4.83   
   3    |  2068   |   0.090888   |     -      |     -     |   4.72   
   3    |  2090   |   0.116409   |     -      |     -     |   4.67   
   3    |  2112   |   0.033698   |     -      |     -     |   4.72   
   3    |  2134   |   0.045594   |     -      |     -     |   4.76   
   3    |  2156   |   0.054248   |     -      |     -     |   4.71   
   3    |  2178   |   0.050044   |     -      |     -     |   4.73   
   3    |  2200   |   0.043667   |     -      |     -     |   4.78   
   3    |  2222   |   0.082760   |     -      |     -     |   4.76   
   3    |  2244   |   0.059838   |     -      |     -     |   4.78   
   3    |  2249   |   0.083149   |     -      |     -     |   1.09   
----------------------------------------------------------------------
   3    |    -    |   0.068482   |  0.217326  |   95.35   |  503.21  
----------------------------------------------------------------------


 Epoch  |  Batch  |  Train Loss  | Test Loss  | Test Acc  |  Elapsed 
----------------------------------------------------------------------
   4    |   22    |   0.015473   |     -      |     -     |   4.87   
   4    |   44    |   0.021164   |     -      |     -     |   4.55   
   4    |   66    |   0.028883   |     -      |     -     |   4.55   
   4    |   88    |   0.034379   |     -      |     -     |   4.62   
   4    |   110   |   0.042197   |     -      |     -     |   4.67   
   4    |   132   |   0.020364   |     -      |     -     |   4.68   
   4    |   154   |   0.011158   |     -      |     -     |   4.67   
   4    |   176   |   0.082888   |     -      |     -     |   4.70   
   4    |   198   |   0.022109   |     -      |     -     |   4.66   
   4    |   220   |   0.032647   |     -      |     -     |   4.76   
   4    |   242   |   0.001858   |     -      |     -     |   4.81   
   4    |   264   |   0.001627   |     -      |     -     |   4.82   
   4    |   286   |   0.007906   |     -      |     -     |   4.81   
   4    |   308   |   0.007053   |     -      |     -     |   4.84   
   4    |   330   |   0.001229   |     -      |     -     |   5.17   
   4    |   352   |   0.011819   |     -      |     -     |   4.88   
   4    |   374   |   0.039233   |     -      |     -     |   4.84   
   4    |   396   |   0.001043   |     -      |     -     |   4.74   
   4    |   418   |   0.019986   |     -      |     -     |   4.92   
   4    |   440   |   0.056092   |     -      |     -     |   4.89   
   4    |   462   |   0.013689   |     -      |     -     |   4.87   
   4    |   484   |   0.039268   |     -      |     -     |   4.95   
   4    |   506   |   0.011546   |     -      |     -     |   4.98   
   4    |   528   |   0.001384   |     -      |     -     |   5.03   
   4    |   550   |   0.021733   |     -      |     -     |   5.04   
   4    |   572   |   0.010790   |     -      |     -     |   4.88   
   4    |   594   |   0.001069   |     -      |     -     |   4.83   
   4    |   616   |   0.021821   |     -      |     -     |   4.81   
   4    |   638   |   0.040018   |     -      |     -     |   4.82   
   4    |   660   |   0.019661   |     -      |     -     |   4.83   
   4    |   682   |   0.001090   |     -      |     -     |   4.82   
   4    |   704   |   0.041727   |     -      |     -     |   4.82   
   4    |   726   |   0.020182   |     -      |     -     |   4.79   
   4    |   748   |   0.033744   |     -      |     -     |   4.81   
   4    |   770   |   0.072780   |     -      |     -     |   4.89   
   4    |   792   |   0.021026   |     -      |     -     |   4.87   
   4    |   814   |   0.019428   |     -      |     -     |   4.86   
   4    |   836   |   0.072829   |     -      |     -     |   4.85   
   4    |   858   |   0.017011   |     -      |     -     |   4.80   
   4    |   880   |   0.001287   |     -      |     -     |   4.83   
   4    |   902   |   0.021167   |     -      |     -     |   4.79   
   4    |   924   |   0.018963   |     -      |     -     |   4.80   
   4    |   946   |   0.039558   |     -      |     -     |   4.76   
   4    |   968   |   0.034691   |     -      |     -     |   4.70   
   4    |   990   |   0.069069   |     -      |     -     |   4.68   
   4    |  1012   |   0.018710   |     -      |     -     |   4.77   
   4    |  1034   |   0.018374   |     -      |     -     |   4.82   
   4    |  1056   |   0.007320   |     -      |     -     |   4.83   
   4    |  1078   |   0.011134   |     -      |     -     |   4.83   
   4    |  1100   |   0.028222   |     -      |     -     |   4.79   
   4    |  1122   |   0.033293   |     -      |     -     |   4.81   
   4    |  1144   |   0.015234   |     -      |     -     |   4.78   
   4    |  1166   |   0.038627   |     -      |     -     |   4.79   
   4    |  1188   |   0.013212   |     -      |     -     |   4.79   
   4    |  1210   |   0.027369   |     -      |     -     |   4.78   
   4    |  1232   |   0.001032   |     -      |     -     |   4.78   
   4    |  1254   |   0.008925   |     -      |     -     |   4.80   
   4    |  1276   |   0.001070   |     -      |     -     |   4.81   
   4    |  1298   |   0.027033   |     -      |     -     |   4.79   
   4    |  1320   |   0.000890   |     -      |     -     |   4.80   
   4    |  1342   |   0.000911   |     -      |     -     |   4.82   
   4    |  1364   |   0.051824   |     -      |     -     |   4.78   
   4    |  1386   |   0.034498   |     -      |     -     |   4.79   
   4    |  1408   |   0.012931   |     -      |     -     |   4.80   
   4    |  1430   |   0.041748   |     -      |     -     |   4.80   
   4    |  1452   |   0.043209   |     -      |     -     |   4.80   
   4    |  1474   |   0.000990   |     -      |     -     |   4.81   
   4    |  1496   |   0.000942   |     -      |     -     |   4.77   
   4    |  1518   |   0.000942   |     -      |     -     |   4.75   
   4    |  1540   |   0.115375   |     -      |     -     |   4.77   
   4    |  1562   |   0.028208   |     -      |     -     |   4.76   
   4    |  1584   |   0.040627   |     -      |     -     |   4.78   
   4    |  1606   |   0.032010   |     -      |     -     |   4.74   
   4    |  1628   |   0.021191   |     -      |     -     |   4.76   
   4    |  1650   |   0.012245   |     -      |     -     |   4.77   
   4    |  1672   |   0.002226   |     -      |     -     |   4.77   
   4    |  1694   |   0.048534   |     -      |     -     |   4.77   
   4    |  1716   |   0.027686   |     -      |     -     |   4.72   
   4    |  1738   |   0.001085   |     -      |     -     |   4.67   
   4    |  1760   |   0.050110   |     -      |     -     |   4.67   
   4    |  1782   |   0.016920   |     -      |     -     |   4.67   
   4    |  1804   |   0.028313   |     -      |     -     |   4.55   
   4    |  1826   |   0.001290   |     -      |     -     |   4.54   
   4    |  1848   |   0.000997   |     -      |     -     |   4.55   
   4    |  1870   |   0.000913   |     -      |     -     |   4.55   
   4    |  1892   |   0.021429   |     -      |     -     |   4.55   
   4    |  1914   |   0.000892   |     -      |     -     |   4.55   
   4    |  1936   |   0.040068   |     -      |     -     |   4.81   
   4    |  1958   |   0.040997   |     -      |     -     |   4.83   
   4    |  1980   |   0.019735   |     -      |     -     |   4.82   
   4    |  2002   |   0.043190   |     -      |     -     |   4.82   
   4    |  2024   |   0.054866   |     -      |     -     |   4.79   
   4    |  2046   |   0.027155   |     -      |     -     |   4.84   
   4    |  2068   |   0.073011   |     -      |     -     |   4.99   
   4    |  2090   |   0.013848   |     -      |     -     |   4.89   
   4    |  2112   |   0.053092   |     -      |     -     |   4.86   
   4    |  2134   |   0.021377   |     -      |     -     |   4.91   
   4    |  2156   |   0.032772   |     -      |     -     |   4.81   
   4    |  2178   |   0.037447   |     -      |     -     |   4.81   
   4    |  2200   |   0.001129   |     -      |     -     |   5.06   
   4    |  2222   |   0.039963   |     -      |     -     |   4.84   
   4    |  2244   |   0.031255   |     -      |     -     |   4.92   
   4    |  2249   |   0.032105   |     -      |     -     |   1.09   
----------------------------------------------------------------------
   4    |    -    |   0.024943   |  0.250073  |   95.72   |  506.16  
----------------------------------------------------------------------


---------------      Training finished in 33.63 minute.       ---------------
Acc on test dataset: 95.73%
