arg: {'prefix': 'imdb_base', 'read_from': None, 'dataset': 'imdb', 'fp_num': 0, 'train_typo': False, 'test_typo': False}
There are 1 GPU(s) available.
Device name: NVIDIA GeForce RTX 3090
---------------                Reading data...                ---------------
---------------     Reading data finished in 0.01 minute.     ---------------
---------------              Tokenizing data...               ---------------
---------------   Tokenizing data finished in 2.75 minute.    ---------------
---------------            Preprocessing torch...             ---------------
--------------- Preprocessing torch finished in 0.00 minute.  ---------------
---------------             Initializing model...             ---------------
---------------  Initializing model finished in 0.10 minute.  ---------------
---------------                  Training...                  ---------------
 Epoch  |  Batch  |  Train Loss  | Test Loss  | Test Acc  |  Elapsed 
----------------------------------------------------------------------
   1    |   22    |   0.687631   |     -      |     -     |   4.90   
   1    |   44    |   0.688810   |     -      |     -     |   4.67   
   1    |   66    |   0.685935   |     -      |     -     |   4.70   
   1    |   88    |   0.678532   |     -      |     -     |   4.65   
   1    |   110   |   0.649038   |     -      |     -     |   4.64   
   1    |   132   |   0.618843   |     -      |     -     |   4.67   
   1    |   154   |   0.570394   |     -      |     -     |   4.70   
   1    |   176   |   0.537875   |     -      |     -     |   4.68   
   1    |   198   |   0.470235   |     -      |     -     |   4.71   
   1    |   220   |   0.470148   |     -      |     -     |   4.66   
   1    |   242   |   0.443893   |     -      |     -     |   4.69   
   1    |   264   |   0.426837   |     -      |     -     |   4.70   
   1    |   286   |   0.399007   |     -      |     -     |   4.73   
   1    |   308   |   0.333472   |     -      |     -     |   4.65   
   1    |   330   |   0.353879   |     -      |     -     |   4.68   
   1    |   352   |   0.377216   |     -      |     -     |   4.70   
   1    |   374   |   0.339382   |     -      |     -     |   4.72   
   1    |   396   |   0.326456   |     -      |     -     |   4.71   
   1    |   418   |   0.421902   |     -      |     -     |   4.68   
   1    |   440   |   0.343232   |     -      |     -     |   4.70   
   1    |   462   |   0.340169   |     -      |     -     |   4.71   
   1    |   484   |   0.336877   |     -      |     -     |   4.70   
   1    |   506   |   0.462069   |     -      |     -     |   4.72   
   1    |   528   |   0.284647   |     -      |     -     |   4.71   
   1    |   550   |   0.314632   |     -      |     -     |   4.72   
   1    |   572   |   0.356947   |     -      |     -     |   4.64   
   1    |   594   |   0.319565   |     -      |     -     |   4.65   
   1    |   616   |   0.342600   |     -      |     -     |   4.65   
   1    |   638   |   0.314553   |     -      |     -     |   4.57   
   1    |   660   |   0.351106   |     -      |     -     |   4.59   
   1    |   682   |   0.322713   |     -      |     -     |   4.73   
   1    |   704   |   0.276142   |     -      |     -     |   4.76   
   1    |   726   |   0.353974   |     -      |     -     |   4.72   
   1    |   748   |   0.261666   |     -      |     -     |   4.73   
   1    |   770   |   0.415199   |     -      |     -     |   4.72   
   1    |   792   |   0.305232   |     -      |     -     |   4.76   
   1    |   814   |   0.367730   |     -      |     -     |   4.74   
   1    |   836   |   0.368651   |     -      |     -     |   4.76   
   1    |   858   |   0.303317   |     -      |     -     |   4.71   
   1    |   880   |   0.375716   |     -      |     -     |   4.75   
   1    |   902   |   0.360324   |     -      |     -     |   4.73   
   1    |   924   |   0.284304   |     -      |     -     |   4.70   
   1    |   946   |   0.309308   |     -      |     -     |   4.73   
   1    |   968   |   0.350714   |     -      |     -     |   4.74   
   1    |   990   |   0.310844   |     -      |     -     |   4.72   
   1    |  1012   |   0.316851   |     -      |     -     |   4.74   
   1    |  1034   |   0.252016   |     -      |     -     |   4.72   
   1    |  1056   |   0.337470   |     -      |     -     |   4.73   
   1    |  1078   |   0.250417   |     -      |     -     |   4.73   
   1    |  1100   |   0.360798   |     -      |     -     |   4.73   
   1    |  1122   |   0.276908   |     -      |     -     |   4.72   
   1    |  1144   |   0.333078   |     -      |     -     |   4.66   
   1    |  1166   |   0.251971   |     -      |     -     |   4.63   
   1    |  1188   |   0.269331   |     -      |     -     |   4.65   
   1    |  1210   |   0.336808   |     -      |     -     |   4.63   
   1    |  1232   |   0.270819   |     -      |     -     |   4.62   
   1    |  1254   |   0.256498   |     -      |     -     |   4.63   
   1    |  1276   |   0.335264   |     -      |     -     |   4.63   
   1    |  1298   |   0.282470   |     -      |     -     |   4.64   
   1    |  1320   |   0.291607   |     -      |     -     |   4.63   
   1    |  1342   |   0.189534   |     -      |     -     |   4.67   
   1    |  1364   |   0.260053   |     -      |     -     |   4.71   
   1    |  1386   |   0.246629   |     -      |     -     |   4.70   
   1    |  1408   |   0.232546   |     -      |     -     |   4.64   
   1    |  1430   |   0.350721   |     -      |     -     |   4.73   
   1    |  1452   |   0.270160   |     -      |     -     |   4.73   
   1    |  1474   |   0.243921   |     -      |     -     |   4.74   
   1    |  1496   |   0.295976   |     -      |     -     |   4.72   
   1    |  1518   |   0.313471   |     -      |     -     |   4.74   
   1    |  1540   |   0.188578   |     -      |     -     |   4.72   
   1    |  1562   |   0.319862   |     -      |     -     |   4.75   
   1    |  1584   |   0.248527   |     -      |     -     |   4.73   
   1    |  1606   |   0.268600   |     -      |     -     |   4.75   
   1    |  1628   |   0.307148   |     -      |     -     |   4.72   
   1    |  1650   |   0.256573   |     -      |     -     |   4.75   
   1    |  1672   |   0.293055   |     -      |     -     |   4.71   
   1    |  1694   |   0.281422   |     -      |     -     |   4.74   
   1    |  1716   |   0.310104   |     -      |     -     |   4.73   
   1    |  1738   |   0.189671   |     -      |     -     |   4.73   
   1    |  1760   |   0.291858   |     -      |     -     |   4.73   
   1    |  1782   |   0.280283   |     -      |     -     |   4.53   
   1    |  1804   |   0.242613   |     -      |     -     |   4.52   
   1    |  1826   |   0.272421   |     -      |     -     |   4.70   
   1    |  1848   |   0.221820   |     -      |     -     |   4.77   
   1    |  1870   |   0.193494   |     -      |     -     |   4.76   
   1    |  1892   |   0.323997   |     -      |     -     |   4.76   
   1    |  1914   |   0.260807   |     -      |     -     |   4.71   
   1    |  1936   |   0.275242   |     -      |     -     |   4.77   
   1    |  1958   |   0.220630   |     -      |     -     |   4.75   
   1    |  1980   |   0.171903   |     -      |     -     |   4.71   
   1    |  2002   |   0.205260   |     -      |     -     |   4.75   
   1    |  2024   |   0.308882   |     -      |     -     |   4.71   
   1    |  2046   |   0.201218   |     -      |     -     |   4.63   
   1    |  2068   |   0.292281   |     -      |     -     |   4.70   
   1    |  2090   |   0.315063   |     -      |     -     |   4.71   
   1    |  2112   |   0.222788   |     -      |     -     |   4.75   
   1    |  2134   |   0.267735   |     -      |     -     |   4.73   
   1    |  2156   |   0.230337   |     -      |     -     |   4.75   
   1    |  2178   |   0.152947   |     -      |     -     |   4.72   
   1    |  2200   |   0.272629   |     -      |     -     |   4.74   
   1    |  2222   |   0.205906   |     -      |     -     |   4.73   
   1    |  2244   |   0.186261   |     -      |     -     |   4.75   
   1    |  2249   |   0.208388   |     -      |     -     |   1.08   
----------------------------------------------------------------------
   1    |    -    |   0.326534   |  0.235875  |   91.83   |  497.04  
----------------------------------------------------------------------


 Epoch  |  Batch  |  Train Loss  | Test Loss  | Test Acc  |  Elapsed 
----------------------------------------------------------------------
   2    |   22    |   0.197653   |     -      |     -     |   4.85   
   2    |   44    |   0.148953   |     -      |     -     |   4.73   
   2    |   66    |   0.171518   |     -      |     -     |   4.75   
   2    |   88    |   0.156056   |     -      |     -     |   4.77   
   2    |   110   |   0.219925   |     -      |     -     |   4.72   
   2    |   132   |   0.172323   |     -      |     -     |   4.73   
   2    |   154   |   0.176355   |     -      |     -     |   4.74   
   2    |   176   |   0.124380   |     -      |     -     |   4.74   
   2    |   198   |   0.167015   |     -      |     -     |   4.74   
   2    |   220   |   0.162620   |     -      |     -     |   4.73   
   2    |   242   |   0.142341   |     -      |     -     |   4.73   
   2    |   264   |   0.225829   |     -      |     -     |   4.74   
   2    |   286   |   0.139279   |     -      |     -     |   4.75   
   2    |   308   |   0.143114   |     -      |     -     |   4.72   
   2    |   330   |   0.154192   |     -      |     -     |   4.74   
   2    |   352   |   0.160012   |     -      |     -     |   4.73   
   2    |   374   |   0.134435   |     -      |     -     |   4.75   
   2    |   396   |   0.131460   |     -      |     -     |   4.72   
   2    |   418   |   0.227608   |     -      |     -     |   4.70   
   2    |   440   |   0.188646   |     -      |     -     |   4.68   
   2    |   462   |   0.156008   |     -      |     -     |   4.68   
   2    |   484   |   0.182476   |     -      |     -     |   4.65   
   2    |   506   |   0.188943   |     -      |     -     |   4.66   
   2    |   528   |   0.166954   |     -      |     -     |   4.65   
   2    |   550   |   0.228910   |     -      |     -     |   4.65   
   2    |   572   |   0.179813   |     -      |     -     |   4.63   
   2    |   594   |   0.150540   |     -      |     -     |   4.69   
   2    |   616   |   0.129882   |     -      |     -     |   4.67   
   2    |   638   |   0.229710   |     -      |     -     |   4.69   
   2    |   660   |   0.153332   |     -      |     -     |   4.72   
   2    |   682   |   0.214541   |     -      |     -     |   4.75   
   2    |   704   |   0.129347   |     -      |     -     |   4.74   
   2    |   726   |   0.202696   |     -      |     -     |   4.75   
   2    |   748   |   0.147915   |     -      |     -     |   4.72   
   2    |   770   |   0.112113   |     -      |     -     |   4.74   
   2    |   792   |   0.172958   |     -      |     -     |   4.74   
   2    |   814   |   0.203327   |     -      |     -     |   4.74   
   2    |   836   |   0.118685   |     -      |     -     |   4.72   
   2    |   858   |   0.203876   |     -      |     -     |   4.71   
   2    |   880   |   0.153287   |     -      |     -     |   4.74   
   2    |   902   |   0.123259   |     -      |     -     |   4.71   
   2    |   924   |   0.138116   |     -      |     -     |   4.74   
   2    |   946   |   0.148734   |     -      |     -     |   4.73   
   2    |   968   |   0.166564   |     -      |     -     |   4.60   
   2    |   990   |   0.217931   |     -      |     -     |   4.50   
   2    |  1012   |   0.107703   |     -      |     -     |   4.51   
   2    |  1034   |   0.165199   |     -      |     -     |   4.58   
   2    |  1056   |   0.188125   |     -      |     -     |   4.74   
   2    |  1078   |   0.176345   |     -      |     -     |   4.73   
   2    |  1100   |   0.107271   |     -      |     -     |   4.73   
   2    |  1122   |   0.196935   |     -      |     -     |   4.71   
   2    |  1144   |   0.144139   |     -      |     -     |   4.75   
   2    |  1166   |   0.200332   |     -      |     -     |   4.74   
   2    |  1188   |   0.133001   |     -      |     -     |   4.74   
   2    |  1210   |   0.197472   |     -      |     -     |   4.72   
   2    |  1232   |   0.138151   |     -      |     -     |   4.73   
   2    |  1254   |   0.168947   |     -      |     -     |   4.72   
   2    |  1276   |   0.150964   |     -      |     -     |   4.73   
   2    |  1298   |   0.190493   |     -      |     -     |   4.66   
   2    |  1320   |   0.205806   |     -      |     -     |   4.64   
   2    |  1342   |   0.225262   |     -      |     -     |   4.62   
   2    |  1364   |   0.124031   |     -      |     -     |   4.65   
   2    |  1386   |   0.140726   |     -      |     -     |   4.64   
   2    |  1408   |   0.053635   |     -      |     -     |   4.72   
   2    |  1430   |   0.239671   |     -      |     -     |   4.72   
   2    |  1452   |   0.178279   |     -      |     -     |   4.73   
   2    |  1474   |   0.216443   |     -      |     -     |   4.71   
   2    |  1496   |   0.144990   |     -      |     -     |   4.74   
   2    |  1518   |   0.152673   |     -      |     -     |   4.76   
   2    |  1540   |   0.168100   |     -      |     -     |   4.73   
   2    |  1562   |   0.139662   |     -      |     -     |   4.72   
   2    |  1584   |   0.177033   |     -      |     -     |   4.64   
   2    |  1606   |   0.110418   |     -      |     -     |   4.63   
   2    |  1628   |   0.163023   |     -      |     -     |   4.63   
   2    |  1650   |   0.184311   |     -      |     -     |   4.65   
   2    |  1672   |   0.196140   |     -      |     -     |   4.74   
   2    |  1694   |   0.178650   |     -      |     -     |   4.77   
   2    |  1716   |   0.114162   |     -      |     -     |   4.73   
   2    |  1738   |   0.103440   |     -      |     -     |   4.73   
   2    |  1760   |   0.098038   |     -      |     -     |   4.72   
   2    |  1782   |   0.260776   |     -      |     -     |   4.72   
   2    |  1804   |   0.095283   |     -      |     -     |   4.72   
   2    |  1826   |   0.121254   |     -      |     -     |   4.74   
   2    |  1848   |   0.161545   |     -      |     -     |   4.72   
   2    |  1870   |   0.112850   |     -      |     -     |   4.76   
   2    |  1892   |   0.194591   |     -      |     -     |   4.74   
   2    |  1914   |   0.141867   |     -      |     -     |   4.74   
   2    |  1936   |   0.167343   |     -      |     -     |   4.72   
   2    |  1958   |   0.099631   |     -      |     -     |   4.76   
   2    |  1980   |   0.164487   |     -      |     -     |   4.73   
   2    |  2002   |   0.187208   |     -      |     -     |   4.74   
   2    |  2024   |   0.190748   |     -      |     -     |   4.72   
   2    |  2046   |   0.111200   |     -      |     -     |   4.73   
   2    |  2068   |   0.116962   |     -      |     -     |   4.71   
   2    |  2090   |   0.177151   |     -      |     -     |   4.75   
   2    |  2112   |   0.152685   |     -      |     -     |   4.78   
   2    |  2134   |   0.174919   |     -      |     -     |   4.75   
   2    |  2156   |   0.178708   |     -      |     -     |   4.75   
   2    |  2178   |   0.045952   |     -      |     -     |   4.77   
   2    |  2200   |   0.145791   |     -      |     -     |   4.75   
   2    |  2222   |   0.124786   |     -      |     -     |   4.74   
   2    |  2244   |   0.169238   |     -      |     -     |   4.74   
   2    |  2249   |   0.140979   |     -      |     -     |   1.08   
----------------------------------------------------------------------
   2    |    -    |   0.161130   |  0.272283  |   92.53   |  498.03  
----------------------------------------------------------------------


---------------      Training finished in 16.58 minute.       ---------------
Acc on test dataset: 92.53%
