arg: {'prefix': 'imdb_trTY', 'read_from': None, 'dataset': 'imdb', 'fp_num': 0, 'train_typo': True}
There are 1 GPU(s) available.
Device name: NVIDIA GeForce RTX 3090
---------------                Reading data...                ---------------
---------------     Reading data finished in 0.02 minute.     ---------------
---------------              Tokenizing data...               ---------------
---------------   Tokenizing data finished in 2.86 minute.    ---------------
---------------            Preprocessing torch...             ---------------
--------------- Preprocessing torch finished in 0.00 minute.  ---------------
---------------             Initializing model...             ---------------
---------------  Initializing model finished in 0.11 minute.  ---------------
---------------                  Training...                  ---------------
 Epoch  |  Batch  |  Train Loss  | Test Loss  | Test Acc  |  Elapsed 
----------------------------------------------------------------------
   1    |   22    |   0.692095   |     -      |     -     |   4.94   
   1    |   44    |   0.684429   |     -      |     -     |   4.73   
   1    |   66    |   0.680747   |     -      |     -     |   4.75   
   1    |   88    |   0.669166   |     -      |     -     |   4.72   
   1    |   110   |   0.624868   |     -      |     -     |   4.67   
   1    |   132   |   0.562814   |     -      |     -     |   4.74   
   1    |   154   |   0.504563   |     -      |     -     |   4.75   
   1    |   176   |   0.486633   |     -      |     -     |   4.74   
   1    |   198   |   0.500857   |     -      |     -     |   4.62   
   1    |   220   |   0.438777   |     -      |     -     |   4.67   
   1    |   242   |   0.384643   |     -      |     -     |   4.72   
   1    |   264   |   0.502492   |     -      |     -     |   4.72   
   1    |   286   |   0.412140   |     -      |     -     |   4.77   
   1    |   308   |   0.388672   |     -      |     -     |   4.77   
   1    |   330   |   0.354209   |     -      |     -     |   4.77   
   1    |   352   |   0.325409   |     -      |     -     |   4.75   
   1    |   374   |   0.305695   |     -      |     -     |   4.78   
   1    |   396   |   0.446974   |     -      |     -     |   4.77   
   1    |   418   |   0.404676   |     -      |     -     |   4.76   
   1    |   440   |   0.306787   |     -      |     -     |   4.75   
   1    |   462   |   0.356617   |     -      |     -     |   4.76   
   1    |   484   |   0.366812   |     -      |     -     |   4.82   
   1    |   506   |   0.335588   |     -      |     -     |   4.91   
   1    |   528   |   0.376535   |     -      |     -     |   4.85   
   1    |   550   |   0.373958   |     -      |     -     |   4.78   
   1    |   572   |   0.335807   |     -      |     -     |   4.75   
   1    |   594   |   0.342796   |     -      |     -     |   4.70   
   1    |   616   |   0.300068   |     -      |     -     |   4.76   
   1    |   638   |   0.285723   |     -      |     -     |   4.81   
   1    |   660   |   0.376678   |     -      |     -     |   4.77   
   1    |   682   |   0.315387   |     -      |     -     |   4.81   
   1    |   704   |   0.339085   |     -      |     -     |   4.78   
   1    |   726   |   0.313186   |     -      |     -     |   4.79   
   1    |   748   |   0.269860   |     -      |     -     |   4.78   
   1    |   770   |   0.301261   |     -      |     -     |   4.77   
   1    |   792   |   0.338565   |     -      |     -     |   4.81   
   1    |   814   |   0.383881   |     -      |     -     |   4.78   
   1    |   836   |   0.257986   |     -      |     -     |   4.75   
   1    |   858   |   0.294375   |     -      |     -     |   4.78   
   1    |   880   |   0.287673   |     -      |     -     |   4.79   
   1    |   902   |   0.287426   |     -      |     -     |   4.80   
   1    |   924   |   0.248880   |     -      |     -     |   4.81   
   1    |   946   |   0.243737   |     -      |     -     |   4.76   
   1    |   968   |   0.380035   |     -      |     -     |   4.72   
   1    |   990   |   0.389759   |     -      |     -     |   4.76   
   1    |  1012   |   0.292501   |     -      |     -     |   4.78   
   1    |  1034   |   0.282117   |     -      |     -     |   4.70   
   1    |  1056   |   0.292722   |     -      |     -     |   4.75   
   1    |  1078   |   0.259265   |     -      |     -     |   4.69   
   1    |  1100   |   0.275520   |     -      |     -     |   4.70   
   1    |  1122   |   0.282651   |     -      |     -     |   4.75   
   1    |  1144   |   0.216165   |     -      |     -     |   4.73   
   1    |  1166   |   0.314876   |     -      |     -     |   4.64   
   1    |  1188   |   0.235262   |     -      |     -     |   4.64   
   1    |  1210   |   0.274532   |     -      |     -     |   4.75   
   1    |  1232   |   0.261437   |     -      |     -     |   4.76   
   1    |  1254   |   0.225163   |     -      |     -     |   4.77   
   1    |  1276   |   0.226986   |     -      |     -     |   4.73   
   1    |  1298   |   0.197568   |     -      |     -     |   4.75   
   1    |  1320   |   0.264022   |     -      |     -     |   4.76   
   1    |  1342   |   0.233899   |     -      |     -     |   4.76   
   1    |  1364   |   0.253626   |     -      |     -     |   4.70   
   1    |  1386   |   0.244560   |     -      |     -     |   4.79   
   1    |  1408   |   0.241045   |     -      |     -     |   4.80   
   1    |  1430   |   0.221306   |     -      |     -     |   4.84   
   1    |  1452   |   0.216679   |     -      |     -     |   4.85   
   1    |  1474   |   0.206545   |     -      |     -     |   4.80   
   1    |  1496   |   0.242203   |     -      |     -     |   4.80   
   1    |  1518   |   0.237667   |     -      |     -     |   4.74   
   1    |  1540   |   0.181303   |     -      |     -     |   4.81   
   1    |  1562   |   0.389450   |     -      |     -     |   4.80   
   1    |  1584   |   0.230436   |     -      |     -     |   4.78   
   1    |  1606   |   0.237450   |     -      |     -     |   4.78   
   1    |  1628   |   0.244138   |     -      |     -     |   4.80   
   1    |  1650   |   0.260768   |     -      |     -     |   4.81   
   1    |  1672   |   0.175057   |     -      |     -     |   4.76   
   1    |  1694   |   0.204321   |     -      |     -     |   4.80   
   1    |  1716   |   0.209183   |     -      |     -     |   4.80   
   1    |  1738   |   0.260799   |     -      |     -     |   4.80   
   1    |  1760   |   0.174896   |     -      |     -     |   4.79   
   1    |  1782   |   0.273084   |     -      |     -     |   4.80   
   1    |  1804   |   0.274834   |     -      |     -     |   4.78   
   1    |  1826   |   0.246086   |     -      |     -     |   4.76   
   1    |  1848   |   0.203747   |     -      |     -     |   4.78   
   1    |  1870   |   0.226321   |     -      |     -     |   4.75   
   1    |  1892   |   0.210489   |     -      |     -     |   4.76   
   1    |  1914   |   0.207515   |     -      |     -     |   4.75   
   1    |  1936   |   0.192817   |     -      |     -     |   4.82   
   1    |  1958   |   0.203272   |     -      |     -     |   4.72   
   1    |  1980   |   0.254957   |     -      |     -     |   4.82   
   1    |  2002   |   0.193110   |     -      |     -     |   4.79   
   1    |  2024   |   0.244514   |     -      |     -     |   4.72   
   1    |  2046   |   0.271765   |     -      |     -     |   4.78   
   1    |  2068   |   0.196737   |     -      |     -     |   4.79   
   1    |  2090   |   0.177739   |     -      |     -     |   4.83   
   1    |  2112   |   0.210612   |     -      |     -     |   4.80   
   1    |  2134   |   0.210684   |     -      |     -     |   4.77   
   1    |  2156   |   0.245019   |     -      |     -     |   4.78   
   1    |  2178   |   0.254162   |     -      |     -     |   4.79   
   1    |  2200   |   0.294223   |     -      |     -     |   4.78   
   1    |  2222   |   0.195683   |     -      |     -     |   4.79   
   1    |  2244   |   0.221983   |     -      |     -     |   4.79   
   1    |  2249   |   0.208200   |     -      |     -     |   1.10   
----------------------------------------------------------------------
   1    |    -    |   0.307341   |  0.174360  |   93.90   |  503.70  
----------------------------------------------------------------------


 Epoch  |  Batch  |  Train Loss  | Test Loss  | Test Acc  |  Elapsed 
----------------------------------------------------------------------
   2    |   22    |   0.123717   |     -      |     -     |   4.98   
   2    |   44    |   0.232845   |     -      |     -     |   4.74   
   2    |   66    |   0.164747   |     -      |     -     |   4.70   
   2    |   88    |   0.174254   |     -      |     -     |   4.74   
   2    |   110   |   0.124713   |     -      |     -     |   4.74   
   2    |   132   |   0.136525   |     -      |     -     |   4.72   
   2    |   154   |   0.123631   |     -      |     -     |   4.75   
   2    |   176   |   0.085285   |     -      |     -     |   4.77   
   2    |   198   |   0.158763   |     -      |     -     |   4.78   
   2    |   220   |   0.125152   |     -      |     -     |   4.85   
   2    |   242   |   0.234431   |     -      |     -     |   4.82   
   2    |   264   |   0.134801   |     -      |     -     |   4.81   
   2    |   286   |   0.126592   |     -      |     -     |   4.81   
   2    |   308   |   0.062045   |     -      |     -     |   4.82   
   2    |   330   |   0.102842   |     -      |     -     |   4.81   
   2    |   352   |   0.181186   |     -      |     -     |   4.81   
   2    |   374   |   0.233967   |     -      |     -     |   4.80   
   2    |   396   |   0.183280   |     -      |     -     |   4.79   
   2    |   418   |   0.172362   |     -      |     -     |   4.81   
   2    |   440   |   0.096801   |     -      |     -     |   4.81   
   2    |   462   |   0.189236   |     -      |     -     |   4.80   
   2    |   484   |   0.147603   |     -      |     -     |   4.79   
   2    |   506   |   0.125784   |     -      |     -     |   4.80   
   2    |   528   |   0.149884   |     -      |     -     |   4.80   
   2    |   550   |   0.108388   |     -      |     -     |   4.79   
   2    |   572   |   0.160512   |     -      |     -     |   4.80   
   2    |   594   |   0.120919   |     -      |     -     |   4.77   
   2    |   616   |   0.083223   |     -      |     -     |   4.78   
   2    |   638   |   0.099809   |     -      |     -     |   4.80   
   2    |   660   |   0.102470   |     -      |     -     |   4.77   
   2    |   682   |   0.217964   |     -      |     -     |   4.80   
   2    |   704   |   0.130323   |     -      |     -     |   4.73   
   2    |   726   |   0.104558   |     -      |     -     |   4.73   
   2    |   748   |   0.108783   |     -      |     -     |   4.71   
   2    |   770   |   0.177794   |     -      |     -     |   4.80   
   2    |   792   |   0.138093   |     -      |     -     |   4.82   
   2    |   814   |   0.134866   |     -      |     -     |   4.77   
   2    |   836   |   0.129562   |     -      |     -     |   4.80   
   2    |   858   |   0.168978   |     -      |     -     |   4.72   
   2    |   880   |   0.135296   |     -      |     -     |   4.72   
   2    |   902   |   0.072120   |     -      |     -     |   4.75   
   2    |   924   |   0.139658   |     -      |     -     |   4.71   
   2    |   946   |   0.132951   |     -      |     -     |   4.64   
   2    |   968   |   0.100007   |     -      |     -     |   4.57   
   2    |   990   |   0.065564   |     -      |     -     |   4.59   
   2    |  1012   |   0.167575   |     -      |     -     |   4.67   
   2    |  1034   |   0.140079   |     -      |     -     |   4.75   
   2    |  1056   |   0.163014   |     -      |     -     |   4.81   
   2    |  1078   |   0.119281   |     -      |     -     |   4.78   
   2    |  1100   |   0.179191   |     -      |     -     |   4.79   
   2    |  1122   |   0.116359   |     -      |     -     |   4.79   
   2    |  1144   |   0.078514   |     -      |     -     |   4.84   
   2    |  1166   |   0.107757   |     -      |     -     |   4.71   
   2    |  1188   |   0.114480   |     -      |     -     |   4.80   
   2    |  1210   |   0.119749   |     -      |     -     |   4.80   
   2    |  1232   |   0.069344   |     -      |     -     |   4.80   
   2    |  1254   |   0.101034   |     -      |     -     |   4.81   
   2    |  1276   |   0.120951   |     -      |     -     |   4.82   
   2    |  1298   |   0.087656   |     -      |     -     |   4.81   
   2    |  1320   |   0.161494   |     -      |     -     |   4.80   
   2    |  1342   |   0.077289   |     -      |     -     |   4.77   
   2    |  1364   |   0.134779   |     -      |     -     |   4.70   
   2    |  1386   |   0.184510   |     -      |     -     |   4.71   
   2    |  1408   |   0.146466   |     -      |     -     |   4.71   
   2    |  1430   |   0.101827   |     -      |     -     |   4.72   
   2    |  1452   |   0.053316   |     -      |     -     |   4.60   
   2    |  1474   |   0.126071   |     -      |     -     |   4.73   
   2    |  1496   |   0.128004   |     -      |     -     |   4.77   
   2    |  1518   |   0.169329   |     -      |     -     |   4.83   
   2    |  1540   |   0.069606   |     -      |     -     |   4.76   
   2    |  1562   |   0.107267   |     -      |     -     |   4.76   
   2    |  1584   |   0.117231   |     -      |     -     |   4.75   
   2    |  1606   |   0.127238   |     -      |     -     |   4.75   
   2    |  1628   |   0.088704   |     -      |     -     |   4.75   
   2    |  1650   |   0.142893   |     -      |     -     |   4.77   
   2    |  1672   |   0.096923   |     -      |     -     |   4.76   
   2    |  1694   |   0.096948   |     -      |     -     |   4.77   
   2    |  1716   |   0.102641   |     -      |     -     |   4.74   
   2    |  1738   |   0.165836   |     -      |     -     |   4.78   
   2    |  1760   |   0.100593   |     -      |     -     |   4.80   
   2    |  1782   |   0.030865   |     -      |     -     |   4.71   
   2    |  1804   |   0.099773   |     -      |     -     |   4.78   
   2    |  1826   |   0.174903   |     -      |     -     |   4.82   
   2    |  1848   |   0.185838   |     -      |     -     |   4.81   
   2    |  1870   |   0.127511   |     -      |     -     |   4.81   
   2    |  1892   |   0.082037   |     -      |     -     |   4.82   
   2    |  1914   |   0.074941   |     -      |     -     |   4.81   
   2    |  1936   |   0.093676   |     -      |     -     |   4.82   
   2    |  1958   |   0.049322   |     -      |     -     |   4.81   
   2    |  1980   |   0.078394   |     -      |     -     |   4.78   
   2    |  2002   |   0.122567   |     -      |     -     |   4.75   
   2    |  2024   |   0.095152   |     -      |     -     |   4.81   
   2    |  2046   |   0.077045   |     -      |     -     |   4.80   
   2    |  2068   |   0.137292   |     -      |     -     |   4.81   
   2    |  2090   |   0.163547   |     -      |     -     |   4.74   
   2    |  2112   |   0.119811   |     -      |     -     |   4.85   
   2    |  2134   |   0.103406   |     -      |     -     |   4.81   
   2    |  2156   |   0.099140   |     -      |     -     |   4.81   
   2    |  2178   |   0.110073   |     -      |     -     |   4.80   
   2    |  2200   |   0.140027   |     -      |     -     |   4.60   
   2    |  2222   |   0.157399   |     -      |     -     |   4.64   
   2    |  2244   |   0.104824   |     -      |     -     |   4.71   
   2    |  2249   |   0.126573   |     -      |     -     |   1.07   
----------------------------------------------------------------------
   2    |    -    |   0.125822   |  0.167557  |   95.75   |  503.76  
----------------------------------------------------------------------


---------------      Training finished in 16.79 minute.       ---------------
Acc on test dataset: 95.75%
