arg: {'prefix': 'imdb_ptrNTY_1', 'read_from': 'agnews_trNTY', 'dataset': 'imdb', 'fp_num': 1}
There are 1 GPU(s) available.
Device name: NVIDIA GeForce RTX 3090
---------------                Reading data...                ---------------
---------------     Reading data finished in 0.02 minute.     ---------------
---------------              Tokenizing data...               ---------------
---------------   Tokenizing data finished in 2.92 minute.    ---------------
---------------            Preprocessing torch...             ---------------
--------------- Preprocessing torch finished in 0.00 minute.  ---------------
---------------             Initializing model...             ---------------
---------------  Initializing model finished in 0.00 minute.  ---------------
---------------                  Training...                  ---------------
 Epoch  |  Batch  |  Train Loss  | Test Loss  | Test Acc  |  Elapsed 
----------------------------------------------------------------------
   1    |   22    |   0.695379   |     -      |     -     |   4.89   
   1    |   44    |   0.694914   |     -      |     -     |   4.76   
   1    |   66    |   0.690468   |     -      |     -     |   4.75   
   1    |   88    |   0.686136   |     -      |     -     |   4.71   
   1    |   110   |   0.678063   |     -      |     -     |   4.73   
   1    |   132   |   0.667156   |     -      |     -     |   4.75   
   1    |   154   |   0.659533   |     -      |     -     |   4.77   
   1    |   176   |   0.614292   |     -      |     -     |   4.78   
   1    |   198   |   0.630010   |     -      |     -     |   4.71   
   1    |   220   |   0.540734   |     -      |     -     |   4.76   
   1    |   242   |   0.544163   |     -      |     -     |   4.80   
   1    |   264   |   0.482914   |     -      |     -     |   4.77   
   1    |   286   |   0.421197   |     -      |     -     |   4.77   
   1    |   308   |   0.471423   |     -      |     -     |   4.65   
   1    |   330   |   0.452811   |     -      |     -     |   4.59   
   1    |   352   |   0.372837   |     -      |     -     |   4.77   
   1    |   374   |   0.411110   |     -      |     -     |   4.73   
   1    |   396   |   0.546263   |     -      |     -     |   4.81   
   1    |   418   |   0.434029   |     -      |     -     |   4.81   
   1    |   440   |   0.353862   |     -      |     -     |   4.79   
   1    |   462   |   0.429496   |     -      |     -     |   4.81   
   1    |   484   |   0.444166   |     -      |     -     |   4.77   
   1    |   506   |   0.423293   |     -      |     -     |   4.80   
   1    |   528   |   0.441393   |     -      |     -     |   4.81   
   1    |   550   |   0.409673   |     -      |     -     |   4.80   
   1    |   572   |   0.370975   |     -      |     -     |   4.74   
   1    |   594   |   0.350739   |     -      |     -     |   4.78   
   1    |   616   |   0.329944   |     -      |     -     |   4.77   
   1    |   638   |   0.410705   |     -      |     -     |   4.80   
   1    |   660   |   0.353551   |     -      |     -     |   4.79   
   1    |   682   |   0.305500   |     -      |     -     |   4.70   
   1    |   704   |   0.411731   |     -      |     -     |   4.72   
   1    |   726   |   0.346213   |     -      |     -     |   4.80   
   1    |   748   |   0.313668   |     -      |     -     |   4.80   
   1    |   770   |   0.389266   |     -      |     -     |   4.80   
   1    |   792   |   0.412441   |     -      |     -     |   4.81   
   1    |   814   |   0.352270   |     -      |     -     |   4.73   
   1    |   836   |   0.335752   |     -      |     -     |   4.73   
   1    |   858   |   0.393622   |     -      |     -     |   4.78   
   1    |   880   |   0.313465   |     -      |     -     |   4.77   
   1    |   902   |   0.287687   |     -      |     -     |   4.77   
   1    |   924   |   0.290335   |     -      |     -     |   4.79   
   1    |   946   |   0.296416   |     -      |     -     |   4.71   
   1    |   968   |   0.338485   |     -      |     -     |   4.70   
   1    |   990   |   0.252617   |     -      |     -     |   4.68   
   1    |  1012   |   0.342455   |     -      |     -     |   4.68   
   1    |  1034   |   0.310426   |     -      |     -     |   4.70   
   1    |  1056   |   0.321977   |     -      |     -     |   4.80   
   1    |  1078   |   0.419278   |     -      |     -     |   4.81   
   1    |  1100   |   0.316392   |     -      |     -     |   4.84   
   1    |  1122   |   0.256778   |     -      |     -     |   4.83   
   1    |  1144   |   0.282861   |     -      |     -     |   4.86   
   1    |  1166   |   0.313301   |     -      |     -     |   4.85   
   1    |  1188   |   0.283765   |     -      |     -     |   4.89   
   1    |  1210   |   0.294504   |     -      |     -     |   4.85   
   1    |  1232   |   0.313441   |     -      |     -     |   4.88   
   1    |  1254   |   0.273719   |     -      |     -     |   4.81   
   1    |  1276   |   0.298015   |     -      |     -     |   4.81   
   1    |  1298   |   0.265058   |     -      |     -     |   4.82   
   1    |  1320   |   0.239949   |     -      |     -     |   4.79   
   1    |  1342   |   0.232972   |     -      |     -     |   4.87   
   1    |  1364   |   0.273499   |     -      |     -     |   4.89   
   1    |  1386   |   0.294301   |     -      |     -     |   4.76   
   1    |  1408   |   0.314625   |     -      |     -     |   4.77   
   1    |  1430   |   0.230584   |     -      |     -     |   4.84   
   1    |  1452   |   0.219080   |     -      |     -     |   4.80   
   1    |  1474   |   0.195324   |     -      |     -     |   4.82   
   1    |  1496   |   0.225162   |     -      |     -     |   4.78   
   1    |  1518   |   0.359314   |     -      |     -     |   4.75   
   1    |  1540   |   0.271314   |     -      |     -     |   4.82   
   1    |  1562   |   0.392814   |     -      |     -     |   4.81   
   1    |  1584   |   0.284747   |     -      |     -     |   4.78   
   1    |  1606   |   0.304396   |     -      |     -     |   4.80   
   1    |  1628   |   0.292344   |     -      |     -     |   4.74   
   1    |  1650   |   0.270974   |     -      |     -     |   4.75   
   1    |  1672   |   0.217893   |     -      |     -     |   4.84   
   1    |  1694   |   0.276459   |     -      |     -     |   4.84   
   1    |  1716   |   0.289125   |     -      |     -     |   4.86   
   1    |  1738   |   0.326776   |     -      |     -     |   4.78   
   1    |  1760   |   0.231126   |     -      |     -     |   4.81   
   1    |  1782   |   0.274102   |     -      |     -     |   4.79   
   1    |  1804   |   0.249168   |     -      |     -     |   4.84   
   1    |  1826   |   0.290848   |     -      |     -     |   4.92   
   1    |  1848   |   0.202620   |     -      |     -     |   4.83   
   1    |  1870   |   0.296541   |     -      |     -     |   4.82   
   1    |  1892   |   0.239130   |     -      |     -     |   4.80   
   1    |  1914   |   0.269770   |     -      |     -     |   4.74   
   1    |  1936   |   0.207268   |     -      |     -     |   4.83   
   1    |  1958   |   0.316142   |     -      |     -     |   4.86   
   1    |  1980   |   0.298234   |     -      |     -     |   4.83   
   1    |  2002   |   0.239933   |     -      |     -     |   4.77   
   1    |  2024   |   0.247907   |     -      |     -     |   4.74   
   1    |  2046   |   0.236486   |     -      |     -     |   4.78   
   1    |  2068   |   0.217770   |     -      |     -     |   4.76   
   1    |  2090   |   0.240147   |     -      |     -     |   4.81   
   1    |  2112   |   0.247726   |     -      |     -     |   4.83   
   1    |  2134   |   0.232208   |     -      |     -     |   4.82   
   1    |  2156   |   0.215787   |     -      |     -     |   4.83   
   1    |  2178   |   0.321108   |     -      |     -     |   4.84   
   1    |  2200   |   0.273018   |     -      |     -     |   4.83   
   1    |  2222   |   0.249650   |     -      |     -     |   4.84   
   1    |  2244   |   0.281603   |     -      |     -     |   4.83   
   1    |  2249   |   0.183353   |     -      |     -     |   1.10   
----------------------------------------------------------------------
   1    |    -    |   0.350102   |  0.196366  |   92.47   |  505.92  
----------------------------------------------------------------------


 Epoch  |  Batch  |  Train Loss  | Test Loss  | Test Acc  |  Elapsed 
----------------------------------------------------------------------
   2    |   22    |   0.152690   |     -      |     -     |   5.04   
   2    |   44    |   0.256093   |     -      |     -     |   4.74   
   2    |   66    |   0.167893   |     -      |     -     |   4.72   
   2    |   88    |   0.180826   |     -      |     -     |   4.78   
   2    |   110   |   0.178842   |     -      |     -     |   4.66   
   2    |   132   |   0.239307   |     -      |     -     |   4.68   
   2    |   154   |   0.147536   |     -      |     -     |   4.80   
   2    |   176   |   0.232336   |     -      |     -     |   4.81   
   2    |   198   |   0.168089   |     -      |     -     |   4.78   
   2    |   220   |   0.228384   |     -      |     -     |   4.77   
   2    |   242   |   0.230221   |     -      |     -     |   4.68   
   2    |   264   |   0.196002   |     -      |     -     |   4.69   
   2    |   286   |   0.171136   |     -      |     -     |   4.71   
   2    |   308   |   0.134154   |     -      |     -     |   4.68   
   2    |   330   |   0.175404   |     -      |     -     |   4.84   
   2    |   352   |   0.194812   |     -      |     -     |   4.84   
   2    |   374   |   0.253069   |     -      |     -     |   4.83   
   2    |   396   |   0.204848   |     -      |     -     |   4.85   
   2    |   418   |   0.210625   |     -      |     -     |   4.85   
   2    |   440   |   0.198474   |     -      |     -     |   4.86   
   2    |   462   |   0.236671   |     -      |     -     |   4.86   
   2    |   484   |   0.169865   |     -      |     -     |   4.83   
   2    |   506   |   0.133365   |     -      |     -     |   4.81   
   2    |   528   |   0.189844   |     -      |     -     |   4.80   
   2    |   550   |   0.159252   |     -      |     -     |   4.74   
   2    |   572   |   0.222350   |     -      |     -     |   4.87   
   2    |   594   |   0.133427   |     -      |     -     |   4.80   
   2    |   616   |   0.151927   |     -      |     -     |   4.79   
   2    |   638   |   0.154534   |     -      |     -     |   4.88   
   2    |   660   |   0.156441   |     -      |     -     |   4.76   
   2    |   682   |   0.266099   |     -      |     -     |   4.79   
   2    |   704   |   0.155248   |     -      |     -     |   4.76   
   2    |   726   |   0.108877   |     -      |     -     |   4.85   
   2    |   748   |   0.226718   |     -      |     -     |   4.81   
   2    |   770   |   0.233819   |     -      |     -     |   4.81   
   2    |   792   |   0.206688   |     -      |     -     |   4.84   
   2    |   814   |   0.175603   |     -      |     -     |   4.79   
   2    |   836   |   0.157923   |     -      |     -     |   4.74   
   2    |   858   |   0.167156   |     -      |     -     |   4.80   
   2    |   880   |   0.206069   |     -      |     -     |   4.80   
   2    |   902   |   0.158312   |     -      |     -     |   4.78   
   2    |   924   |   0.172367   |     -      |     -     |   4.78   
   2    |   946   |   0.140292   |     -      |     -     |   4.80   
   2    |   968   |   0.176285   |     -      |     -     |   4.80   
   2    |   990   |   0.129805   |     -      |     -     |   4.83   
   2    |  1012   |   0.254352   |     -      |     -     |   4.81   
   2    |  1034   |   0.187492   |     -      |     -     |   4.74   
   2    |  1056   |   0.152723   |     -      |     -     |   4.76   
   2    |  1078   |   0.162687   |     -      |     -     |   4.82   
   2    |  1100   |   0.166510   |     -      |     -     |   4.81   
   2    |  1122   |   0.129389   |     -      |     -     |   4.78   
   2    |  1144   |   0.169445   |     -      |     -     |   4.77   
   2    |  1166   |   0.161325   |     -      |     -     |   4.73   
   2    |  1188   |   0.148082   |     -      |     -     |   4.74   
   2    |  1210   |   0.205528   |     -      |     -     |   4.80   
   2    |  1232   |   0.128980   |     -      |     -     |   4.74   
   2    |  1254   |   0.149148   |     -      |     -     |   4.75   
   2    |  1276   |   0.183645   |     -      |     -     |   4.76   
   2    |  1298   |   0.168034   |     -      |     -     |   4.84   
   2    |  1320   |   0.191193   |     -      |     -     |   4.83   
   2    |  1342   |   0.186578   |     -      |     -     |   4.84   
   2    |  1364   |   0.152995   |     -      |     -     |   4.83   
   2    |  1386   |   0.136932   |     -      |     -     |   4.82   
   2    |  1408   |   0.217860   |     -      |     -     |   4.91   
   2    |  1430   |   0.175648   |     -      |     -     |   4.82   
   2    |  1452   |   0.120954   |     -      |     -     |   4.81   
   2    |  1474   |   0.159075   |     -      |     -     |   4.83   
   2    |  1496   |   0.191057   |     -      |     -     |   4.82   
   2    |  1518   |   0.156048   |     -      |     -     |   4.81   
   2    |  1540   |   0.137811   |     -      |     -     |   4.85   
   2    |  1562   |   0.179427   |     -      |     -     |   4.79   
   2    |  1584   |   0.229979   |     -      |     -     |   4.71   
   2    |  1606   |   0.158274   |     -      |     -     |   4.78   
   2    |  1628   |   0.118509   |     -      |     -     |   4.78   
   2    |  1650   |   0.160099   |     -      |     -     |   4.75   
   2    |  1672   |   0.131404   |     -      |     -     |   4.74   
   2    |  1694   |   0.164648   |     -      |     -     |   4.74   
   2    |  1716   |   0.145946   |     -      |     -     |   4.77   
   2    |  1738   |   0.208397   |     -      |     -     |   4.75   
   2    |  1760   |   0.155550   |     -      |     -     |   4.76   
   2    |  1782   |   0.062942   |     -      |     -     |   4.76   
   2    |  1804   |   0.198020   |     -      |     -     |   4.76   
   2    |  1826   |   0.160237   |     -      |     -     |   4.74   
   2    |  1848   |   0.187541   |     -      |     -     |   4.77   
   2    |  1870   |   0.173240   |     -      |     -     |   4.79   
   2    |  1892   |   0.098471   |     -      |     -     |   4.80   
   2    |  1914   |   0.129353   |     -      |     -     |   4.82   
   2    |  1936   |   0.129471   |     -      |     -     |   4.85   
   2    |  1958   |   0.083414   |     -      |     -     |   4.83   
   2    |  1980   |   0.123431   |     -      |     -     |   4.84   
   2    |  2002   |   0.218995   |     -      |     -     |   4.83   
   2    |  2024   |   0.206582   |     -      |     -     |   4.83   
   2    |  2046   |   0.115816   |     -      |     -     |   4.89   
   2    |  2068   |   0.197692   |     -      |     -     |   4.81   
   2    |  2090   |   0.264918   |     -      |     -     |   4.80   
   2    |  2112   |   0.154970   |     -      |     -     |   4.82   
   2    |  2134   |   0.127637   |     -      |     -     |   4.83   
   2    |  2156   |   0.139386   |     -      |     -     |   4.82   
   2    |  2178   |   0.162027   |     -      |     -     |   4.81   
   2    |  2200   |   0.173442   |     -      |     -     |   4.80   
   2    |  2222   |   0.189202   |     -      |     -     |   4.81   
   2    |  2244   |   0.152966   |     -      |     -     |   4.82   
   2    |  2249   |   0.042538   |     -      |     -     |   1.09   
----------------------------------------------------------------------
   2    |    -    |   0.172302   |  0.223028  |   93.78   |  506.45  
----------------------------------------------------------------------


---------------      Training finished in 16.87 minute.       ---------------
Acc on test dataset: 93.77%
