arg: {'prefix': 'imdb_ptrTY_3', 'read_from': 'agnews_trTY', 'dataset': 'imdb', 'fp_num': 3}
There are 1 GPU(s) available.
Device name: NVIDIA GeForce RTX 3090
---------------                Reading data...                ---------------
---------------     Reading data finished in 0.02 minute.     ---------------
---------------              Tokenizing data...               ---------------
---------------   Tokenizing data finished in 2.93 minute.    ---------------
---------------            Preprocessing torch...             ---------------
--------------- Preprocessing torch finished in 0.00 minute.  ---------------
---------------             Initializing model...             ---------------
---------------  Initializing model finished in 0.00 minute.  ---------------
---------------                  Training...                  ---------------
 Epoch  |  Batch  |  Train Loss  | Test Loss  | Test Acc  |  Elapsed 
----------------------------------------------------------------------
   1    |   22    |   0.770794   |     -      |     -     |   4.96   
   1    |   44    |   0.751670   |     -      |     -     |   4.71   
   1    |   66    |   0.698439   |     -      |     -     |   4.70   
   1    |   88    |   0.687943   |     -      |     -     |   4.74   
   1    |   110   |   0.660194   |     -      |     -     |   4.74   
   1    |   132   |   0.640201   |     -      |     -     |   4.80   
   1    |   154   |   0.614918   |     -      |     -     |   4.72   
   1    |   176   |   0.576615   |     -      |     -     |   4.76   
   1    |   198   |   0.634654   |     -      |     -     |   4.59   
   1    |   220   |   0.541833   |     -      |     -     |   4.75   
   1    |   242   |   0.531612   |     -      |     -     |   4.71   
   1    |   264   |   0.475972   |     -      |     -     |   4.68   
   1    |   286   |   0.452936   |     -      |     -     |   4.75   
   1    |   308   |   0.442890   |     -      |     -     |   4.76   
   1    |   330   |   0.368018   |     -      |     -     |   4.79   
   1    |   352   |   0.380583   |     -      |     -     |   4.76   
   1    |   374   |   0.370099   |     -      |     -     |   4.73   
   1    |   396   |   0.448877   |     -      |     -     |   4.77   
   1    |   418   |   0.345625   |     -      |     -     |   4.78   
   1    |   440   |   0.320419   |     -      |     -     |   4.80   
   1    |   462   |   0.393841   |     -      |     -     |   4.77   
   1    |   484   |   0.383422   |     -      |     -     |   4.81   
   1    |   506   |   0.346075   |     -      |     -     |   4.81   
   1    |   528   |   0.474094   |     -      |     -     |   4.78   
   1    |   550   |   0.339486   |     -      |     -     |   4.80   
   1    |   572   |   0.347830   |     -      |     -     |   4.78   
   1    |   594   |   0.350413   |     -      |     -     |   4.71   
   1    |   616   |   0.330258   |     -      |     -     |   4.81   
   1    |   638   |   0.447776   |     -      |     -     |   4.82   
   1    |   660   |   0.378705   |     -      |     -     |   4.77   
   1    |   682   |   0.364055   |     -      |     -     |   4.77   
   1    |   704   |   0.422226   |     -      |     -     |   4.79   
   1    |   726   |   0.385615   |     -      |     -     |   4.77   
   1    |   748   |   0.356124   |     -      |     -     |   4.77   
   1    |   770   |   0.328334   |     -      |     -     |   4.79   
   1    |   792   |   0.453087   |     -      |     -     |   4.78   
   1    |   814   |   0.383327   |     -      |     -     |   4.73   
   1    |   836   |   0.302137   |     -      |     -     |   4.71   
   1    |   858   |   0.444582   |     -      |     -     |   4.73   
   1    |   880   |   0.299941   |     -      |     -     |   4.72   
   1    |   902   |   0.286002   |     -      |     -     |   4.74   
   1    |   924   |   0.315978   |     -      |     -     |   4.68   
   1    |   946   |   0.341741   |     -      |     -     |   4.73   
   1    |   968   |   0.299620   |     -      |     -     |   4.73   
   1    |   990   |   0.253268   |     -      |     -     |   4.74   
   1    |  1012   |   0.343499   |     -      |     -     |   4.73   
   1    |  1034   |   0.287217   |     -      |     -     |   4.75   
   1    |  1056   |   0.336460   |     -      |     -     |   4.73   
   1    |  1078   |   0.333199   |     -      |     -     |   4.76   
   1    |  1100   |   0.301531   |     -      |     -     |   4.73   
   1    |  1122   |   0.299051   |     -      |     -     |   4.73   
   1    |  1144   |   0.347599   |     -      |     -     |   4.72   
   1    |  1166   |   0.420360   |     -      |     -     |   4.68   
   1    |  1188   |   0.306932   |     -      |     -     |   4.69   
   1    |  1210   |   0.292656   |     -      |     -     |   4.77   
   1    |  1232   |   0.342209   |     -      |     -     |   4.80   
   1    |  1254   |   0.420700   |     -      |     -     |   4.80   
   1    |  1276   |   0.289914   |     -      |     -     |   4.74   
   1    |  1298   |   0.269400   |     -      |     -     |   4.85   
   1    |  1320   |   0.241137   |     -      |     -     |   4.82   
   1    |  1342   |   0.236081   |     -      |     -     |   4.82   
   1    |  1364   |   0.271598   |     -      |     -     |   4.86   
   1    |  1386   |   0.323031   |     -      |     -     |   4.72   
   1    |  1408   |   0.307012   |     -      |     -     |   4.74   
   1    |  1430   |   0.255116   |     -      |     -     |   4.75   
   1    |  1452   |   0.268091   |     -      |     -     |   4.81   
   1    |  1474   |   0.279415   |     -      |     -     |   4.79   
   1    |  1496   |   0.224679   |     -      |     -     |   4.78   
   1    |  1518   |   0.288669   |     -      |     -     |   4.79   
   1    |  1540   |   0.254243   |     -      |     -     |   4.78   
   1    |  1562   |   0.326925   |     -      |     -     |   4.83   
   1    |  1584   |   0.264001   |     -      |     -     |   4.81   
   1    |  1606   |   0.283808   |     -      |     -     |   4.74   
   1    |  1628   |   0.325746   |     -      |     -     |   4.72   
   1    |  1650   |   0.251331   |     -      |     -     |   4.77   
   1    |  1672   |   0.247671   |     -      |     -     |   4.82   
   1    |  1694   |   0.280812   |     -      |     -     |   4.77   
   1    |  1716   |   0.334231   |     -      |     -     |   4.80   
   1    |  1738   |   0.320666   |     -      |     -     |   4.78   
   1    |  1760   |   0.237630   |     -      |     -     |   4.80   
   1    |  1782   |   0.360518   |     -      |     -     |   4.79   
   1    |  1804   |   0.307348   |     -      |     -     |   4.72   
   1    |  1826   |   0.327142   |     -      |     -     |   4.81   
   1    |  1848   |   0.240547   |     -      |     -     |   4.78   
   1    |  1870   |   0.283280   |     -      |     -     |   4.82   
   1    |  1892   |   0.244998   |     -      |     -     |   4.83   
   1    |  1914   |   0.309873   |     -      |     -     |   4.75   
   1    |  1936   |   0.273499   |     -      |     -     |   4.75   
   1    |  1958   |   0.259773   |     -      |     -     |   4.75   
   1    |  1980   |   0.309017   |     -      |     -     |   4.77   
   1    |  2002   |   0.249950   |     -      |     -     |   4.76   
   1    |  2024   |   0.271318   |     -      |     -     |   4.79   
   1    |  2046   |   0.269569   |     -      |     -     |   4.72   
   1    |  2068   |   0.231591   |     -      |     -     |   4.77   
   1    |  2090   |   0.240638   |     -      |     -     |   4.77   
   1    |  2112   |   0.205854   |     -      |     -     |   4.82   
   1    |  2134   |   0.255677   |     -      |     -     |   4.79   
   1    |  2156   |   0.244470   |     -      |     -     |   4.79   
   1    |  2178   |   0.280041   |     -      |     -     |   4.74   
   1    |  2200   |   0.272431   |     -      |     -     |   4.80   
   1    |  2222   |   0.235512   |     -      |     -     |   4.76   
   1    |  2244   |   0.249650   |     -      |     -     |   4.76   
   1    |  2249   |   0.167008   |     -      |     -     |   1.09   
----------------------------------------------------------------------
   1    |    -    |   0.353472   |  0.209669  |   92.78   |  503.41  
----------------------------------------------------------------------


 Epoch  |  Batch  |  Train Loss  | Test Loss  | Test Acc  |  Elapsed 
----------------------------------------------------------------------
   2    |   22    |   0.164400   |     -      |     -     |   4.93   
   2    |   44    |   0.258377   |     -      |     -     |   4.71   
   2    |   66    |   0.182633   |     -      |     -     |   4.78   
   2    |   88    |   0.202596   |     -      |     -     |   4.80   
   2    |   110   |   0.185110   |     -      |     -     |   4.79   
   2    |   132   |   0.236620   |     -      |     -     |   4.80   
   2    |   154   |   0.199257   |     -      |     -     |   4.82   
   2    |   176   |   0.167620   |     -      |     -     |   4.80   
   2    |   198   |   0.156126   |     -      |     -     |   4.76   
   2    |   220   |   0.178053   |     -      |     -     |   4.75   
   2    |   242   |   0.272595   |     -      |     -     |   4.75   
   2    |   264   |   0.195508   |     -      |     -     |   4.76   
   2    |   286   |   0.151580   |     -      |     -     |   4.76   
   2    |   308   |   0.141135   |     -      |     -     |   4.69   
   2    |   330   |   0.150802   |     -      |     -     |   4.74   
   2    |   352   |   0.147484   |     -      |     -     |   4.62   
   2    |   374   |   0.236017   |     -      |     -     |   4.52   
   2    |   396   |   0.232978   |     -      |     -     |   4.65   
   2    |   418   |   0.168409   |     -      |     -     |   4.72   
   2    |   440   |   0.183395   |     -      |     -     |   4.72   
   2    |   462   |   0.240236   |     -      |     -     |   4.79   
   2    |   484   |   0.196146   |     -      |     -     |   4.81   
   2    |   506   |   0.119072   |     -      |     -     |   4.83   
   2    |   528   |   0.213079   |     -      |     -     |   4.82   
   2    |   550   |   0.114234   |     -      |     -     |   4.80   
   2    |   572   |   0.197012   |     -      |     -     |   4.86   
   2    |   594   |   0.115708   |     -      |     -     |   4.87   
   2    |   616   |   0.181003   |     -      |     -     |   4.86   
   2    |   638   |   0.141766   |     -      |     -     |   4.70   
   2    |   660   |   0.168912   |     -      |     -     |   4.70   
   2    |   682   |   0.226045   |     -      |     -     |   4.75   
   2    |   704   |   0.215209   |     -      |     -     |   4.80   
   2    |   726   |   0.079590   |     -      |     -     |   4.76   
   2    |   748   |   0.223552   |     -      |     -     |   4.69   
   2    |   770   |   0.209898   |     -      |     -     |   4.79   
   2    |   792   |   0.214261   |     -      |     -     |   4.76   
   2    |   814   |   0.168458   |     -      |     -     |   4.77   
   2    |   836   |   0.180563   |     -      |     -     |   4.79   
   2    |   858   |   0.222370   |     -      |     -     |   4.78   
   2    |   880   |   0.212527   |     -      |     -     |   4.81   
   2    |   902   |   0.185847   |     -      |     -     |   4.78   
   2    |   924   |   0.158682   |     -      |     -     |   4.78   
   2    |   946   |   0.126571   |     -      |     -     |   4.77   
   2    |   968   |   0.154901   |     -      |     -     |   4.80   
   2    |   990   |   0.128234   |     -      |     -     |   4.79   
   2    |  1012   |   0.236779   |     -      |     -     |   4.77   
   2    |  1034   |   0.148700   |     -      |     -     |   4.77   
   2    |  1056   |   0.194862   |     -      |     -     |   4.80   
   2    |  1078   |   0.197915   |     -      |     -     |   4.73   
   2    |  1100   |   0.177206   |     -      |     -     |   4.75   
   2    |  1122   |   0.122641   |     -      |     -     |   4.77   
   2    |  1144   |   0.140533   |     -      |     -     |   4.78   
   2    |  1166   |   0.154315   |     -      |     -     |   4.80   
   2    |  1188   |   0.171626   |     -      |     -     |   4.79   
   2    |  1210   |   0.191632   |     -      |     -     |   4.78   
   2    |  1232   |   0.094221   |     -      |     -     |   4.73   
   2    |  1254   |   0.155084   |     -      |     -     |   4.69   
   2    |  1276   |   0.188287   |     -      |     -     |   4.79   
   2    |  1298   |   0.127833   |     -      |     -     |   4.79   
   2    |  1320   |   0.203517   |     -      |     -     |   4.80   
   2    |  1342   |   0.154025   |     -      |     -     |   4.77   
   2    |  1364   |   0.175910   |     -      |     -     |   4.78   
   2    |  1386   |   0.187322   |     -      |     -     |   4.77   
   2    |  1408   |   0.214522   |     -      |     -     |   4.72   
   2    |  1430   |   0.154600   |     -      |     -     |   4.75   
   2    |  1452   |   0.127038   |     -      |     -     |   4.76   
   2    |  1474   |   0.194757   |     -      |     -     |   4.77   
   2    |  1496   |   0.202820   |     -      |     -     |   4.82   
   2    |  1518   |   0.159008   |     -      |     -     |   4.78   
   2    |  1540   |   0.130989   |     -      |     -     |   4.77   
   2    |  1562   |   0.118011   |     -      |     -     |   4.79   
   2    |  1584   |   0.233388   |     -      |     -     |   4.77   
   2    |  1606   |   0.167917   |     -      |     -     |   4.79   
   2    |  1628   |   0.151706   |     -      |     -     |   4.78   
   2    |  1650   |   0.217506   |     -      |     -     |   4.81   
   2    |  1672   |   0.116217   |     -      |     -     |   4.79   
   2    |  1694   |   0.149680   |     -      |     -     |   4.81   
   2    |  1716   |   0.192594   |     -      |     -     |   4.78   
   2    |  1738   |   0.169404   |     -      |     -     |   4.78   
   2    |  1760   |   0.194047   |     -      |     -     |   4.78   
   2    |  1782   |   0.045203   |     -      |     -     |   4.79   
   2    |  1804   |   0.196647   |     -      |     -     |   4.80   
   2    |  1826   |   0.177305   |     -      |     -     |   4.74   
   2    |  1848   |   0.198678   |     -      |     -     |   4.74   
   2    |  1870   |   0.141534   |     -      |     -     |   4.73   
   2    |  1892   |   0.141797   |     -      |     -     |   4.73   
   2    |  1914   |   0.127416   |     -      |     -     |   4.71   
   2    |  1936   |   0.165520   |     -      |     -     |   4.74   
   2    |  1958   |   0.084880   |     -      |     -     |   4.71   
   2    |  1980   |   0.161549   |     -      |     -     |   4.74   
   2    |  2002   |   0.199123   |     -      |     -     |   4.73   
   2    |  2024   |   0.153153   |     -      |     -     |   4.74   
   2    |  2046   |   0.112559   |     -      |     -     |   4.74   
   2    |  2068   |   0.218587   |     -      |     -     |   4.77   
   2    |  2090   |   0.231560   |     -      |     -     |   4.78   
   2    |  2112   |   0.144627   |     -      |     -     |   4.82   
   2    |  2134   |   0.131796   |     -      |     -     |   4.81   
   2    |  2156   |   0.158310   |     -      |     -     |   4.85   
   2    |  2178   |   0.180760   |     -      |     -     |   4.85   
   2    |  2200   |   0.154034   |     -      |     -     |   4.85   
   2    |  2222   |   0.166566   |     -      |     -     |   4.88   
   2    |  2244   |   0.177514   |     -      |     -     |   4.85   
   2    |  2249   |   0.012465   |     -      |     -     |   1.09   
----------------------------------------------------------------------
   2    |    -    |   0.172095   |  0.227289  |   93.75   |  504.01  
----------------------------------------------------------------------


---------------      Training finished in 16.79 minute.       ---------------
Acc on test dataset: 93.75%
