arg: {'prefix': 'imdb_ptrNTY_3', 'read_from': 'agnews_trNTY', 'dataset': 'imdb', 'fp_num': 3}
There are 1 GPU(s) available.
Device name: NVIDIA GeForce RTX 3090
---------------                Reading data...                ---------------
---------------     Reading data finished in 0.02 minute.     ---------------
---------------              Tokenizing data...               ---------------
---------------   Tokenizing data finished in 2.91 minute.    ---------------
---------------            Preprocessing torch...             ---------------
--------------- Preprocessing torch finished in 0.00 minute.  ---------------
---------------             Initializing model...             ---------------
---------------  Initializing model finished in 0.00 minute.  ---------------
---------------                  Training...                  ---------------
 Epoch  |  Batch  |  Train Loss  | Test Loss  | Test Acc  |  Elapsed 
----------------------------------------------------------------------
   1    |   22    |   0.712364   |     -      |     -     |   4.96   
   1    |   44    |   0.656522   |     -      |     -     |   4.74   
   1    |   66    |   0.680900   |     -      |     -     |   4.73   
   1    |   88    |   0.672905   |     -      |     -     |   4.64   
   1    |   110   |   0.651076   |     -      |     -     |   4.71   
   1    |   132   |   0.613053   |     -      |     -     |   4.72   
   1    |   154   |   0.570385   |     -      |     -     |   4.77   
   1    |   176   |   0.497159   |     -      |     -     |   4.74   
   1    |   198   |   0.509846   |     -      |     -     |   4.75   
   1    |   220   |   0.473572   |     -      |     -     |   4.75   
   1    |   242   |   0.454960   |     -      |     -     |   4.76   
   1    |   264   |   0.420859   |     -      |     -     |   4.78   
   1    |   286   |   0.431498   |     -      |     -     |   4.78   
   1    |   308   |   0.444419   |     -      |     -     |   4.74   
   1    |   330   |   0.402295   |     -      |     -     |   4.76   
   1    |   352   |   0.383417   |     -      |     -     |   4.78   
   1    |   374   |   0.440160   |     -      |     -     |   4.72   
   1    |   396   |   0.364787   |     -      |     -     |   4.73   
   1    |   418   |   0.472089   |     -      |     -     |   4.80   
   1    |   440   |   0.361019   |     -      |     -     |   4.71   
   1    |   462   |   0.383302   |     -      |     -     |   4.71   
   1    |   484   |   0.394249   |     -      |     -     |   4.72   
   1    |   506   |   0.317204   |     -      |     -     |   4.71   
   1    |   528   |   0.489449   |     -      |     -     |   4.75   
   1    |   550   |   0.407419   |     -      |     -     |   4.78   
   1    |   572   |   0.309634   |     -      |     -     |   4.81   
   1    |   594   |   0.330969   |     -      |     -     |   4.80   
   1    |   616   |   0.335220   |     -      |     -     |   4.80   
   1    |   638   |   0.279861   |     -      |     -     |   4.80   
   1    |   660   |   0.336952   |     -      |     -     |   4.77   
   1    |   682   |   0.348151   |     -      |     -     |   4.80   
   1    |   704   |   0.322214   |     -      |     -     |   4.78   
   1    |   726   |   0.321716   |     -      |     -     |   4.77   
   1    |   748   |   0.280833   |     -      |     -     |   4.75   
   1    |   770   |   0.311984   |     -      |     -     |   4.75   
   1    |   792   |   0.350835   |     -      |     -     |   4.76   
   1    |   814   |   0.358360   |     -      |     -     |   4.77   
   1    |   836   |   0.360125   |     -      |     -     |   4.74   
   1    |   858   |   0.366523   |     -      |     -     |   4.73   
   1    |   880   |   0.277117   |     -      |     -     |   4.73   
   1    |   902   |   0.320355   |     -      |     -     |   4.75   
   1    |   924   |   0.289928   |     -      |     -     |   4.72   
   1    |   946   |   0.260924   |     -      |     -     |   4.77   
   1    |   968   |   0.270407   |     -      |     -     |   4.75   
   1    |   990   |   0.294877   |     -      |     -     |   4.81   
   1    |  1012   |   0.282844   |     -      |     -     |   4.82   
   1    |  1034   |   0.284481   |     -      |     -     |   4.83   
   1    |  1056   |   0.305336   |     -      |     -     |   4.84   
   1    |  1078   |   0.249040   |     -      |     -     |   4.83   
   1    |  1100   |   0.339709   |     -      |     -     |   4.82   
   1    |  1122   |   0.288902   |     -      |     -     |   4.79   
   1    |  1144   |   0.254182   |     -      |     -     |   4.77   
   1    |  1166   |   0.283240   |     -      |     -     |   4.80   
   1    |  1188   |   0.213374   |     -      |     -     |   4.80   
   1    |  1210   |   0.292377   |     -      |     -     |   4.79   
   1    |  1232   |   0.267367   |     -      |     -     |   4.75   
   1    |  1254   |   0.258113   |     -      |     -     |   4.70   
   1    |  1276   |   0.225618   |     -      |     -     |   4.76   
   1    |  1298   |   0.244751   |     -      |     -     |   4.80   
   1    |  1320   |   0.230484   |     -      |     -     |   4.77   
   1    |  1342   |   0.218086   |     -      |     -     |   4.76   
   1    |  1364   |   0.256107   |     -      |     -     |   4.80   
   1    |  1386   |   0.277348   |     -      |     -     |   4.80   
   1    |  1408   |   0.277273   |     -      |     -     |   4.82   
   1    |  1430   |   0.199782   |     -      |     -     |   4.80   
   1    |  1452   |   0.209191   |     -      |     -     |   4.76   
   1    |  1474   |   0.220736   |     -      |     -     |   4.79   
   1    |  1496   |   0.236836   |     -      |     -     |   4.82   
   1    |  1518   |   0.252571   |     -      |     -     |   4.81   
   1    |  1540   |   0.186638   |     -      |     -     |   4.77   
   1    |  1562   |   0.429094   |     -      |     -     |   4.78   
   1    |  1584   |   0.269722   |     -      |     -     |   4.79   
   1    |  1606   |   0.242758   |     -      |     -     |   4.80   
   1    |  1628   |   0.246983   |     -      |     -     |   4.79   
   1    |  1650   |   0.293600   |     -      |     -     |   4.78   
   1    |  1672   |   0.208709   |     -      |     -     |   4.79   
   1    |  1694   |   0.258933   |     -      |     -     |   4.84   
   1    |  1716   |   0.251648   |     -      |     -     |   4.81   
   1    |  1738   |   0.265094   |     -      |     -     |   4.78   
   1    |  1760   |   0.199985   |     -      |     -     |   4.66   
   1    |  1782   |   0.276172   |     -      |     -     |   4.77   
   1    |  1804   |   0.228131   |     -      |     -     |   4.80   
   1    |  1826   |   0.302802   |     -      |     -     |   4.72   
   1    |  1848   |   0.224100   |     -      |     -     |   4.57   
   1    |  1870   |   0.284342   |     -      |     -     |   4.70   
   1    |  1892   |   0.190643   |     -      |     -     |   4.71   
   1    |  1914   |   0.298531   |     -      |     -     |   4.76   
   1    |  1936   |   0.169263   |     -      |     -     |   4.74   
   1    |  1958   |   0.226691   |     -      |     -     |   4.81   
   1    |  1980   |   0.308083   |     -      |     -     |   4.79   
   1    |  2002   |   0.221413   |     -      |     -     |   4.78   
   1    |  2024   |   0.254629   |     -      |     -     |   4.79   
   1    |  2046   |   0.234182   |     -      |     -     |   4.80   
   1    |  2068   |   0.205177   |     -      |     -     |   4.80   
   1    |  2090   |   0.233649   |     -      |     -     |   4.79   
   1    |  2112   |   0.192996   |     -      |     -     |   4.83   
   1    |  2134   |   0.247814   |     -      |     -     |   4.79   
   1    |  2156   |   0.196462   |     -      |     -     |   4.74   
   1    |  2178   |   0.278642   |     -      |     -     |   4.77   
   1    |  2200   |   0.306295   |     -      |     -     |   4.78   
   1    |  2222   |   0.214599   |     -      |     -     |   4.78   
   1    |  2244   |   0.219589   |     -      |     -     |   4.80   
   1    |  2249   |   0.158265   |     -      |     -     |   1.09   
----------------------------------------------------------------------
   1    |    -    |   0.322035   |  0.184659  |   93.65   |  503.89  
----------------------------------------------------------------------


 Epoch  |  Batch  |  Train Loss  | Test Loss  | Test Acc  |  Elapsed 
----------------------------------------------------------------------
   2    |   22    |   0.127203   |     -      |     -     |   4.91   
   2    |   44    |   0.214224   |     -      |     -     |   4.75   
   2    |   66    |   0.203142   |     -      |     -     |   4.74   
   2    |   88    |   0.191360   |     -      |     -     |   4.76   
   2    |   110   |   0.115179   |     -      |     -     |   4.73   
   2    |   132   |   0.157547   |     -      |     -     |   4.78   
   2    |   154   |   0.145896   |     -      |     -     |   4.74   
   2    |   176   |   0.133780   |     -      |     -     |   4.75   
   2    |   198   |   0.115480   |     -      |     -     |   4.79   
   2    |   220   |   0.149383   |     -      |     -     |   4.82   
   2    |   242   |   0.179513   |     -      |     -     |   4.82   
   2    |   264   |   0.173028   |     -      |     -     |   4.83   
   2    |   286   |   0.101596   |     -      |     -     |   4.86   
   2    |   308   |   0.077349   |     -      |     -     |   4.86   
   2    |   330   |   0.159797   |     -      |     -     |   4.83   
   2    |   352   |   0.139845   |     -      |     -     |   4.83   
   2    |   374   |   0.217424   |     -      |     -     |   4.76   
   2    |   396   |   0.170523   |     -      |     -     |   4.77   
   2    |   418   |   0.188671   |     -      |     -     |   4.83   
   2    |   440   |   0.123164   |     -      |     -     |   4.82   
   2    |   462   |   0.212147   |     -      |     -     |   4.75   
   2    |   484   |   0.125879   |     -      |     -     |   4.79   
   2    |   506   |   0.134901   |     -      |     -     |   4.77   
   2    |   528   |   0.202298   |     -      |     -     |   4.81   
   2    |   550   |   0.127963   |     -      |     -     |   4.72   
   2    |   572   |   0.147942   |     -      |     -     |   4.71   
   2    |   594   |   0.099575   |     -      |     -     |   4.77   
   2    |   616   |   0.102471   |     -      |     -     |   4.82   
   2    |   638   |   0.143525   |     -      |     -     |   4.82   
   2    |   660   |   0.164113   |     -      |     -     |   4.80   
   2    |   682   |   0.194762   |     -      |     -     |   4.75   
   2    |   704   |   0.110864   |     -      |     -     |   4.79   
   2    |   726   |   0.118178   |     -      |     -     |   4.81   
   2    |   748   |   0.124284   |     -      |     -     |   4.82   
   2    |   770   |   0.198013   |     -      |     -     |   4.83   
   2    |   792   |   0.153180   |     -      |     -     |   4.82   
   2    |   814   |   0.142286   |     -      |     -     |   4.80   
   2    |   836   |   0.112605   |     -      |     -     |   4.75   
   2    |   858   |   0.153588   |     -      |     -     |   4.72   
   2    |   880   |   0.121204   |     -      |     -     |   4.71   
   2    |   902   |   0.096637   |     -      |     -     |   4.73   
   2    |   924   |   0.135402   |     -      |     -     |   4.79   
   2    |   946   |   0.158999   |     -      |     -     |   4.79   
   2    |   968   |   0.146618   |     -      |     -     |   4.82   
   2    |   990   |   0.083052   |     -      |     -     |   4.81   
   2    |  1012   |   0.182559   |     -      |     -     |   4.81   
   2    |  1034   |   0.136957   |     -      |     -     |   4.83   
   2    |  1056   |   0.141192   |     -      |     -     |   4.81   
   2    |  1078   |   0.133324   |     -      |     -     |   4.77   
   2    |  1100   |   0.167977   |     -      |     -     |   4.73   
   2    |  1122   |   0.127456   |     -      |     -     |   4.78   
   2    |  1144   |   0.104055   |     -      |     -     |   4.80   
   2    |  1166   |   0.133349   |     -      |     -     |   4.81   
   2    |  1188   |   0.133290   |     -      |     -     |   4.82   
   2    |  1210   |   0.169703   |     -      |     -     |   4.81   
   2    |  1232   |   0.080898   |     -      |     -     |   4.82   
   2    |  1254   |   0.109417   |     -      |     -     |   4.79   
   2    |  1276   |   0.140060   |     -      |     -     |   4.79   
   2    |  1298   |   0.119643   |     -      |     -     |   4.80   
   2    |  1320   |   0.168757   |     -      |     -     |   4.81   
   2    |  1342   |   0.087528   |     -      |     -     |   4.79   
   2    |  1364   |   0.138911   |     -      |     -     |   4.78   
   2    |  1386   |   0.154720   |     -      |     -     |   4.80   
   2    |  1408   |   0.165760   |     -      |     -     |   4.77   
   2    |  1430   |   0.132375   |     -      |     -     |   4.71   
   2    |  1452   |   0.078126   |     -      |     -     |   4.72   
   2    |  1474   |   0.130289   |     -      |     -     |   4.75   
   2    |  1496   |   0.094047   |     -      |     -     |   4.79   
   2    |  1518   |   0.244494   |     -      |     -     |   4.79   
   2    |  1540   |   0.081497   |     -      |     -     |   4.80   
   2    |  1562   |   0.105612   |     -      |     -     |   4.75   
   2    |  1584   |   0.169283   |     -      |     -     |   4.73   
   2    |  1606   |   0.153493   |     -      |     -     |   4.73   
   2    |  1628   |   0.113315   |     -      |     -     |   4.74   
   2    |  1650   |   0.121072   |     -      |     -     |   4.73   
   2    |  1672   |   0.126471   |     -      |     -     |   4.73   
   2    |  1694   |   0.162396   |     -      |     -     |   4.74   
   2    |  1716   |   0.154845   |     -      |     -     |   4.75   
   2    |  1738   |   0.153963   |     -      |     -     |   4.73   
   2    |  1760   |   0.148463   |     -      |     -     |   4.76   
   2    |  1782   |   0.061512   |     -      |     -     |   4.76   
   2    |  1804   |   0.133549   |     -      |     -     |   4.77   
   2    |  1826   |   0.118588   |     -      |     -     |   4.81   
   2    |  1848   |   0.190025   |     -      |     -     |   4.82   
   2    |  1870   |   0.155804   |     -      |     -     |   4.81   
   2    |  1892   |   0.095934   |     -      |     -     |   4.81   
   2    |  1914   |   0.108958   |     -      |     -     |   4.80   
   2    |  1936   |   0.080925   |     -      |     -     |   4.82   
   2    |  1958   |   0.073485   |     -      |     -     |   4.80   
   2    |  1980   |   0.120014   |     -      |     -     |   4.71   
   2    |  2002   |   0.137873   |     -      |     -     |   4.72   
   2    |  2024   |   0.132218   |     -      |     -     |   4.74   
   2    |  2046   |   0.104896   |     -      |     -     |   4.76   
   2    |  2068   |   0.138279   |     -      |     -     |   4.77   
   2    |  2090   |   0.181488   |     -      |     -     |   4.75   
   2    |  2112   |   0.082543   |     -      |     -     |   4.76   
   2    |  2134   |   0.102924   |     -      |     -     |   4.74   
   2    |  2156   |   0.136660   |     -      |     -     |   4.80   
   2    |  2178   |   0.079638   |     -      |     -     |   4.82   
   2    |  2200   |   0.184991   |     -      |     -     |   4.79   
   2    |  2222   |   0.188260   |     -      |     -     |   4.67   
   2    |  2244   |   0.125638   |     -      |     -     |   4.67   
   2    |  2249   |   0.011047   |     -      |     -     |   1.09   
----------------------------------------------------------------------
   2    |    -    |   0.137890   |  0.192450  |   95.12   |  504.85  
----------------------------------------------------------------------


---------------      Training finished in 16.81 minute.       ---------------
Acc on test dataset: 95.12%
