arg: {'prefix': 'imdb_4_epoch', 'read_from': None, 'dataset': 'imdb', 'fp_num': 0, 'train_typo': False, 'test_typo': True}
There are 1 GPU(s) available.
Device name: NVIDIA GeForce RTX 3090
---------------                Reading data...                ---------------
---------------     Reading data finished in 0.01 minute.     ---------------
---------------              Tokenizing data...               ---------------
---------------   Tokenizing data finished in 2.85 minute.    ---------------
---------------            Preprocessing torch...             ---------------
--------------- Preprocessing torch finished in 0.00 minute.  ---------------
---------------             Initializing model...             ---------------
---------------  Initializing model finished in 0.10 minute.  ---------------
---------------                  Training...                  ---------------
 Epoch  |  Batch  |  Train Loss  | Test Loss  | Test Acc  |  Elapsed 
----------------------------------------------------------------------
   1    |   22    |   0.684205   |     -      |     -     |   4.84   
   1    |   44    |   0.688832   |     -      |     -     |   4.64   
   1    |   66    |   0.686279   |     -      |     -     |   4.62   
   1    |   88    |   0.679987   |     -      |     -     |   4.66   
   1    |   110   |   0.655112   |     -      |     -     |   4.71   
   1    |   132   |   0.634563   |     -      |     -     |   4.74   
   1    |   154   |   0.627774   |     -      |     -     |   4.70   
   1    |   176   |   0.575675   |     -      |     -     |   4.70   
   1    |   198   |   0.525886   |     -      |     -     |   4.72   
   1    |   220   |   0.503500   |     -      |     -     |   4.73   
   1    |   242   |   0.499407   |     -      |     -     |   4.73   
   1    |   264   |   0.458820   |     -      |     -     |   4.76   
   1    |   286   |   0.458738   |     -      |     -     |   4.74   
   1    |   308   |   0.379596   |     -      |     -     |   4.68   
   1    |   330   |   0.355810   |     -      |     -     |   4.65   
   1    |   352   |   0.401814   |     -      |     -     |   4.66   
   1    |   374   |   0.367597   |     -      |     -     |   4.68   
   1    |   396   |   0.399509   |     -      |     -     |   4.74   
   1    |   418   |   0.450143   |     -      |     -     |   4.71   
   1    |   440   |   0.387211   |     -      |     -     |   4.74   
   1    |   462   |   0.365787   |     -      |     -     |   4.72   
   1    |   484   |   0.387556   |     -      |     -     |   4.73   
   1    |   506   |   0.409468   |     -      |     -     |   4.70   
   1    |   528   |   0.294818   |     -      |     -     |   4.74   
   1    |   550   |   0.343512   |     -      |     -     |   4.72   
   1    |   572   |   0.397446   |     -      |     -     |   4.71   
   1    |   594   |   0.354428   |     -      |     -     |   4.73   
   1    |   616   |   0.307905   |     -      |     -     |   4.72   
   1    |   638   |   0.275674   |     -      |     -     |   4.73   
   1    |   660   |   0.277769   |     -      |     -     |   4.72   
   1    |   682   |   0.298932   |     -      |     -     |   4.73   
   1    |   704   |   0.306186   |     -      |     -     |   4.73   
   1    |   726   |   0.278676   |     -      |     -     |   4.72   
   1    |   748   |   0.313793   |     -      |     -     |   4.71   
   1    |   770   |   0.366757   |     -      |     -     |   4.72   
   1    |   792   |   0.340159   |     -      |     -     |   4.72   
   1    |   814   |   0.346379   |     -      |     -     |   4.70   
   1    |   836   |   0.326986   |     -      |     -     |   4.53   
   1    |   858   |   0.349321   |     -      |     -     |   4.75   
   1    |   880   |   0.308871   |     -      |     -     |   4.76   
   1    |   902   |   0.303074   |     -      |     -     |   4.81   
   1    |   924   |   0.315020   |     -      |     -     |   4.81   
   1    |   946   |   0.378236   |     -      |     -     |   4.81   
   1    |   968   |   0.301417   |     -      |     -     |   4.82   
   1    |   990   |   0.325941   |     -      |     -     |   4.83   
   1    |  1012   |   0.444924   |     -      |     -     |   4.81   
   1    |  1034   |   0.314568   |     -      |     -     |   4.79   
   1    |  1056   |   0.301418   |     -      |     -     |   4.81   
   1    |  1078   |   0.279757   |     -      |     -     |   4.83   
   1    |  1100   |   0.326278   |     -      |     -     |   4.81   
   1    |  1122   |   0.312994   |     -      |     -     |   4.81   
   1    |  1144   |   0.426050   |     -      |     -     |   4.73   
   1    |  1166   |   0.299438   |     -      |     -     |   4.81   
   1    |  1188   |   0.357044   |     -      |     -     |   4.76   
   1    |  1210   |   0.305845   |     -      |     -     |   4.78   
   1    |  1232   |   0.272630   |     -      |     -     |   4.77   
   1    |  1254   |   0.377662   |     -      |     -     |   4.73   
   1    |  1276   |   0.377288   |     -      |     -     |   4.77   
   1    |  1298   |   0.312700   |     -      |     -     |   4.73   
   1    |  1320   |   0.269084   |     -      |     -     |   4.74   
   1    |  1342   |   0.213282   |     -      |     -     |   4.76   
   1    |  1364   |   0.303471   |     -      |     -     |   4.78   
   1    |  1386   |   0.271035   |     -      |     -     |   4.74   
   1    |  1408   |   0.275915   |     -      |     -     |   4.78   
   1    |  1430   |   0.374305   |     -      |     -     |   4.78   
   1    |  1452   |   0.194555   |     -      |     -     |   4.77   
   1    |  1474   |   0.317835   |     -      |     -     |   4.75   
   1    |  1496   |   0.274880   |     -      |     -     |   4.77   
   1    |  1518   |   0.304455   |     -      |     -     |   4.79   
   1    |  1540   |   0.241980   |     -      |     -     |   4.76   
   1    |  1562   |   0.332377   |     -      |     -     |   4.78   
   1    |  1584   |   0.283512   |     -      |     -     |   4.73   
   1    |  1606   |   0.238137   |     -      |     -     |   4.74   
   1    |  1628   |   0.374863   |     -      |     -     |   4.90   
   1    |  1650   |   0.289433   |     -      |     -     |   4.78   
   1    |  1672   |   0.284939   |     -      |     -     |   4.76   
   1    |  1694   |   0.291738   |     -      |     -     |   4.76   
   1    |  1716   |   0.309016   |     -      |     -     |   4.76   
   1    |  1738   |   0.228936   |     -      |     -     |   4.78   
   1    |  1760   |   0.188812   |     -      |     -     |   4.78   
   1    |  1782   |   0.261113   |     -      |     -     |   4.76   
   1    |  1804   |   0.233416   |     -      |     -     |   4.72   
   1    |  1826   |   0.327443   |     -      |     -     |   4.77   
   1    |  1848   |   0.259616   |     -      |     -     |   4.78   
   1    |  1870   |   0.213819   |     -      |     -     |   4.78   
   1    |  1892   |   0.347958   |     -      |     -     |   4.77   
   1    |  1914   |   0.245787   |     -      |     -     |   4.75   
   1    |  1936   |   0.321794   |     -      |     -     |   4.78   
   1    |  1958   |   0.263475   |     -      |     -     |   4.77   
   1    |  1980   |   0.211996   |     -      |     -     |   4.78   
   1    |  2002   |   0.208133   |     -      |     -     |   4.73   
   1    |  2024   |   0.275878   |     -      |     -     |   4.75   
   1    |  2046   |   0.237029   |     -      |     -     |   4.74   
   1    |  2068   |   0.288422   |     -      |     -     |   4.67   
   1    |  2090   |   0.406086   |     -      |     -     |   4.67   
   1    |  2112   |   0.329617   |     -      |     -     |   4.65   
   1    |  2134   |   0.257806   |     -      |     -     |   4.65   
   1    |  2156   |   0.283678   |     -      |     -     |   4.85   
   1    |  2178   |   0.175416   |     -      |     -     |   4.79   
   1    |  2200   |   0.280887   |     -      |     -     |   4.80   
   1    |  2222   |   0.299377   |     -      |     -     |   4.65   
   1    |  2244   |   0.292952   |     -      |     -     |   4.74   
   1    |  2249   |   0.384450   |     -      |     -     |   1.09   
----------------------------------------------------------------------
   1    |    -    |   0.346191   |  0.251146  |   91.78   |  501.28  
----------------------------------------------------------------------


 Epoch  |  Batch  |  Train Loss  | Test Loss  | Test Acc  |  Elapsed 
----------------------------------------------------------------------
   2    |   22    |   0.182179   |     -      |     -     |   4.87   
   2    |   44    |   0.199987   |     -      |     -     |   4.70   
   2    |   66    |   0.157302   |     -      |     -     |   4.73   
   2    |   88    |   0.164344   |     -      |     -     |   4.77   
   2    |   110   |   0.288396   |     -      |     -     |   4.74   
   2    |   132   |   0.257931   |     -      |     -     |   4.73   
   2    |   154   |   0.247050   |     -      |     -     |   4.72   
   2    |   176   |   0.113274   |     -      |     -     |   4.67   
   2    |   198   |   0.251126   |     -      |     -     |   4.64   
   2    |   220   |   0.181760   |     -      |     -     |   4.80   
   2    |   242   |   0.141480   |     -      |     -     |   4.73   
   2    |   264   |   0.256384   |     -      |     -     |   4.84   
   2    |   286   |   0.177639   |     -      |     -     |   4.96   
   2    |   308   |   0.159030   |     -      |     -     |   4.83   
   2    |   330   |   0.151104   |     -      |     -     |   5.01   
   2    |   352   |   0.310799   |     -      |     -     |   4.94   
   2    |   374   |   0.209985   |     -      |     -     |   4.96   
   2    |   396   |   0.163014   |     -      |     -     |   4.94   
   2    |   418   |   0.264006   |     -      |     -     |   4.78   
   2    |   440   |   0.204000   |     -      |     -     |   4.83   
   2    |   462   |   0.166305   |     -      |     -     |   4.97   
   2    |   484   |   0.200257   |     -      |     -     |   5.02   
   2    |   506   |   0.232664   |     -      |     -     |   4.87   
   2    |   528   |   0.176897   |     -      |     -     |   4.86   
   2    |   550   |   0.183425   |     -      |     -     |   4.82   
   2    |   572   |   0.253176   |     -      |     -     |   4.80   
   2    |   594   |   0.154266   |     -      |     -     |   4.77   
   2    |   616   |   0.162652   |     -      |     -     |   4.76   
   2    |   638   |   0.189504   |     -      |     -     |   4.82   
   2    |   660   |   0.146609   |     -      |     -     |   4.77   
   2    |   682   |   0.209745   |     -      |     -     |   4.71   
   2    |   704   |   0.129943   |     -      |     -     |   4.74   
   2    |   726   |   0.204913   |     -      |     -     |   4.72   
   2    |   748   |   0.264645   |     -      |     -     |   4.76   
   2    |   770   |   0.150921   |     -      |     -     |   4.82   
   2    |   792   |   0.175441   |     -      |     -     |   4.83   
   2    |   814   |   0.194426   |     -      |     -     |   4.78   
   2    |   836   |   0.186426   |     -      |     -     |   4.75   
   2    |   858   |   0.259620   |     -      |     -     |   4.77   
   2    |   880   |   0.168808   |     -      |     -     |   4.81   
   2    |   902   |   0.150116   |     -      |     -     |   4.80   
   2    |   924   |   0.163691   |     -      |     -     |   4.77   
   2    |   946   |   0.151481   |     -      |     -     |   4.72   
   2    |   968   |   0.220362   |     -      |     -     |   4.79   
   2    |   990   |   0.268045   |     -      |     -     |   4.80   
   2    |  1012   |   0.129066   |     -      |     -     |   4.74   
   2    |  1034   |   0.208540   |     -      |     -     |   4.74   
   2    |  1056   |   0.204260   |     -      |     -     |   4.77   
   2    |  1078   |   0.143242   |     -      |     -     |   4.77   
   2    |  1100   |   0.166627   |     -      |     -     |   4.76   
   2    |  1122   |   0.260641   |     -      |     -     |   4.81   
   2    |  1144   |   0.155086   |     -      |     -     |   5.03   
   2    |  1166   |   0.194130   |     -      |     -     |   4.81   
   2    |  1188   |   0.156778   |     -      |     -     |   4.77   
   2    |  1210   |   0.285357   |     -      |     -     |   4.78   
   2    |  1232   |   0.145874   |     -      |     -     |   4.75   
   2    |  1254   |   0.222205   |     -      |     -     |   4.76   
   2    |  1276   |   0.267857   |     -      |     -     |   4.78   
   2    |  1298   |   0.204743   |     -      |     -     |   4.76   
   2    |  1320   |   0.214422   |     -      |     -     |   4.87   
   2    |  1342   |   0.233199   |     -      |     -     |   4.78   
   2    |  1364   |   0.175623   |     -      |     -     |   4.78   
   2    |  1386   |   0.162070   |     -      |     -     |   4.68   
   2    |  1408   |   0.102434   |     -      |     -     |   4.66   
   2    |  1430   |   0.250275   |     -      |     -     |   4.65   
   2    |  1452   |   0.143313   |     -      |     -     |   4.64   
   2    |  1474   |   0.212474   |     -      |     -     |   4.75   
   2    |  1496   |   0.177070   |     -      |     -     |   4.76   
   2    |  1518   |   0.185522   |     -      |     -     |   4.74   
   2    |  1540   |   0.176520   |     -      |     -     |   4.75   
   2    |  1562   |   0.284128   |     -      |     -     |   4.77   
   2    |  1584   |   0.196283   |     -      |     -     |   4.84   
   2    |  1606   |   0.134885   |     -      |     -     |   4.75   
   2    |  1628   |   0.247088   |     -      |     -     |   4.78   
   2    |  1650   |   0.200816   |     -      |     -     |   4.76   
   2    |  1672   |   0.203687   |     -      |     -     |   4.89   
   2    |  1694   |   0.162473   |     -      |     -     |   5.00   
   2    |  1716   |   0.194161   |     -      |     -     |   5.01   
   2    |  1738   |   0.163423   |     -      |     -     |   5.01   
   2    |  1760   |   0.143505   |     -      |     -     |   5.01   
   2    |  1782   |   0.290073   |     -      |     -     |   4.74   
   2    |  1804   |   0.164650   |     -      |     -     |   4.73   
   2    |  1826   |   0.127557   |     -      |     -     |   4.74   
   2    |  1848   |   0.149208   |     -      |     -     |   4.80   
   2    |  1870   |   0.180856   |     -      |     -     |   4.74   
   2    |  1892   |   0.223774   |     -      |     -     |   4.80   
   2    |  1914   |   0.151365   |     -      |     -     |   4.80   
   2    |  1936   |   0.193764   |     -      |     -     |   4.79   
   2    |  1958   |   0.118047   |     -      |     -     |   4.82   
   2    |  1980   |   0.218658   |     -      |     -     |   4.84   
   2    |  2002   |   0.217591   |     -      |     -     |   4.81   
   2    |  2024   |   0.227285   |     -      |     -     |   4.74   
   2    |  2046   |   0.153890   |     -      |     -     |   4.84   
   2    |  2068   |   0.126534   |     -      |     -     |   4.78   
   2    |  2090   |   0.194419   |     -      |     -     |   4.81   
   2    |  2112   |   0.194352   |     -      |     -     |   4.83   
   2    |  2134   |   0.212577   |     -      |     -     |   4.84   
   2    |  2156   |   0.202559   |     -      |     -     |   5.12   
   2    |  2178   |   0.116483   |     -      |     -     |   5.10   
   2    |  2200   |   0.166874   |     -      |     -     |   4.89   
   2    |  2222   |   0.171361   |     -      |     -     |   4.79   
   2    |  2244   |   0.245981   |     -      |     -     |   4.84   
   2    |  2249   |   0.152745   |     -      |     -     |   1.09   
----------------------------------------------------------------------
   2    |    -    |   0.192072   |  0.245976  |   92.33   |  507.76  
----------------------------------------------------------------------


 Epoch  |  Batch  |  Train Loss  | Test Loss  | Test Acc  |  Elapsed 
----------------------------------------------------------------------
   3    |   22    |   0.112522   |     -      |     -     |   5.00   
   3    |   44    |   0.119888   |     -      |     -     |   4.69   
   3    |   66    |   0.061336   |     -      |     -     |   4.69   
   3    |   88    |   0.099450   |     -      |     -     |   4.76   
   3    |   110   |   0.147549   |     -      |     -     |   4.79   
   3    |   132   |   0.153583   |     -      |     -     |   4.77   
   3    |   154   |   0.157505   |     -      |     -     |   4.89   
   3    |   176   |   0.118994   |     -      |     -     |   4.94   
   3    |   198   |   0.095302   |     -      |     -     |   4.91   
   3    |   220   |   0.031127   |     -      |     -     |   4.94   
   3    |   242   |   0.091527   |     -      |     -     |   4.92   
   3    |   264   |   0.137409   |     -      |     -     |   4.76   
   3    |   286   |   0.136683   |     -      |     -     |   4.75   
   3    |   308   |   0.100544   |     -      |     -     |   4.77   
   3    |   330   |   0.081026   |     -      |     -     |   4.77   
   3    |   352   |   0.079123   |     -      |     -     |   4.77   
   3    |   374   |   0.061847   |     -      |     -     |   4.78   
   3    |   396   |   0.166218   |     -      |     -     |   4.76   
   3    |   418   |   0.080471   |     -      |     -     |   4.79   
   3    |   440   |   0.062849   |     -      |     -     |   4.79   
   3    |   462   |   0.154022   |     -      |     -     |   4.80   
   3    |   484   |   0.127501   |     -      |     -     |   4.74   
   3    |   506   |   0.092261   |     -      |     -     |   4.77   
   3    |   528   |   0.150029   |     -      |     -     |   4.77   
   3    |   550   |   0.074446   |     -      |     -     |   4.79   
   3    |   572   |   0.107067   |     -      |     -     |   4.77   
   3    |   594   |   0.139379   |     -      |     -     |   4.78   
   3    |   616   |   0.078175   |     -      |     -     |   4.77   
   3    |   638   |   0.071194   |     -      |     -     |   5.05   
   3    |   660   |   0.103389   |     -      |     -     |   4.93   
   3    |   682   |   0.123982   |     -      |     -     |   4.86   
   3    |   704   |   0.084115   |     -      |     -     |   4.77   
   3    |   726   |   0.086346   |     -      |     -     |   4.82   
   3    |   748   |   0.111974   |     -      |     -     |   4.80   
   3    |   770   |   0.138405   |     -      |     -     |   4.79   
   3    |   792   |   0.126390   |     -      |     -     |   4.74   
   3    |   814   |   0.132002   |     -      |     -     |   4.83   
   3    |   836   |   0.098008   |     -      |     -     |   4.62   
   3    |   858   |   0.112656   |     -      |     -     |   4.61   
   3    |   880   |   0.078845   |     -      |     -     |   4.61   
   3    |   902   |   0.101925   |     -      |     -     |   4.64   
   3    |   924   |   0.048952   |     -      |     -     |   4.64   
   3    |   946   |   0.094537   |     -      |     -     |   4.63   
   3    |   968   |   0.075310   |     -      |     -     |   4.64   
   3    |   990   |   0.153908   |     -      |     -     |   4.61   
   3    |  1012   |   0.101419   |     -      |     -     |   4.64   
   3    |  1034   |   0.093021   |     -      |     -     |   4.61   
   3    |  1056   |   0.069924   |     -      |     -     |   4.64   
   3    |  1078   |   0.197843   |     -      |     -     |   4.69   
   3    |  1100   |   0.135137   |     -      |     -     |   4.73   
   3    |  1122   |   0.169540   |     -      |     -     |   4.72   
   3    |  1144   |   0.091829   |     -      |     -     |   4.74   
   3    |  1166   |   0.098350   |     -      |     -     |   4.67   
   3    |  1188   |   0.137257   |     -      |     -     |   4.65   
   3    |  1210   |   0.080737   |     -      |     -     |   4.75   
   3    |  1232   |   0.114022   |     -      |     -     |   4.79   
   3    |  1254   |   0.077611   |     -      |     -     |   4.82   
   3    |  1276   |   0.116569   |     -      |     -     |   4.80   
   3    |  1298   |   0.112965   |     -      |     -     |   4.83   
   3    |  1320   |   0.081614   |     -      |     -     |   4.83   
   3    |  1342   |   0.114657   |     -      |     -     |   4.82   
   3    |  1364   |   0.175980   |     -      |     -     |   4.83   
   3    |  1386   |   0.060759   |     -      |     -     |   4.88   
   3    |  1408   |   0.065122   |     -      |     -     |   4.84   
   3    |  1430   |   0.153392   |     -      |     -     |   4.84   
   3    |  1452   |   0.095263   |     -      |     -     |   4.80   
   3    |  1474   |   0.141828   |     -      |     -     |   4.82   
   3    |  1496   |   0.199204   |     -      |     -     |   4.83   
   3    |  1518   |   0.040175   |     -      |     -     |   4.88   
   3    |  1540   |   0.099717   |     -      |     -     |   4.81   
   3    |  1562   |   0.078234   |     -      |     -     |   4.79   
   3    |  1584   |   0.029386   |     -      |     -     |   4.81   
   3    |  1606   |   0.137433   |     -      |     -     |   4.81   
   3    |  1628   |   0.140410   |     -      |     -     |   4.84   
   3    |  1650   |   0.121296   |     -      |     -     |   4.94   
   3    |  1672   |   0.103401   |     -      |     -     |   4.72   
   3    |  1694   |   0.117238   |     -      |     -     |   4.70   
   3    |  1716   |   0.114236   |     -      |     -     |   4.70   
   3    |  1738   |   0.046611   |     -      |     -     |   4.73   
   3    |  1760   |   0.090504   |     -      |     -     |   4.79   
   3    |  1782   |   0.129071   |     -      |     -     |   4.78   
   3    |  1804   |   0.098025   |     -      |     -     |   4.76   
   3    |  1826   |   0.071372   |     -      |     -     |   4.78   
   3    |  1848   |   0.126166   |     -      |     -     |   4.82   
   3    |  1870   |   0.075738   |     -      |     -     |   4.80   
   3    |  1892   |   0.097769   |     -      |     -     |   4.69   
   3    |  1914   |   0.085622   |     -      |     -     |   4.71   
   3    |  1936   |   0.128349   |     -      |     -     |   4.71   
   3    |  1958   |   0.086426   |     -      |     -     |   4.74   
   3    |  1980   |   0.152930   |     -      |     -     |   4.78   
   3    |  2002   |   0.097823   |     -      |     -     |   4.77   
   3    |  2024   |   0.054003   |     -      |     -     |   4.77   
   3    |  2046   |   0.038755   |     -      |     -     |   4.78   
   3    |  2068   |   0.144601   |     -      |     -     |   4.85   
   3    |  2090   |   0.049751   |     -      |     -     |   4.75   
   3    |  2112   |   0.108411   |     -      |     -     |   5.03   
   3    |  2134   |   0.110066   |     -      |     -     |   4.94   
   3    |  2156   |   0.082240   |     -      |     -     |   4.76   
   3    |  2178   |   0.192469   |     -      |     -     |   4.79   
   3    |  2200   |   0.084117   |     -      |     -     |   4.77   
   3    |  2222   |   0.089549   |     -      |     -     |   4.76   
   3    |  2244   |   0.094034   |     -      |     -     |   4.77   
   3    |  2249   |   0.034695   |     -      |     -     |   1.09   
----------------------------------------------------------------------
   3    |    -    |   0.105333   |  0.305077  |   92.58   |  504.73  
----------------------------------------------------------------------


 Epoch  |  Batch  |  Train Loss  | Test Loss  | Test Acc  |  Elapsed 
----------------------------------------------------------------------
   4    |   22    |   0.083045   |     -      |     -     |   4.87   
   4    |   44    |   0.029428   |     -      |     -     |   4.68   
   4    |   66    |   0.069136   |     -      |     -     |   4.69   
   4    |   88    |   0.022996   |     -      |     -     |   4.72   
   4    |   110   |   0.019078   |     -      |     -     |   4.73   
   4    |   132   |   0.046058   |     -      |     -     |   4.74   
   4    |   154   |   0.062018   |     -      |     -     |   4.74   
   4    |   176   |   0.061817   |     -      |     -     |   4.71   
   4    |   198   |   0.069493   |     -      |     -     |   4.72   
   4    |   220   |   0.002890   |     -      |     -     |   4.71   
   4    |   242   |   0.051711   |     -      |     -     |   4.69   
   4    |   264   |   0.095091   |     -      |     -     |   4.82   
   4    |   286   |   0.064922   |     -      |     -     |   4.74   
   4    |   308   |   0.060582   |     -      |     -     |   4.72   
   4    |   330   |   0.041254   |     -      |     -     |   4.74   
   4    |   352   |   0.015392   |     -      |     -     |   4.72   
   4    |   374   |   0.034501   |     -      |     -     |   4.73   
   4    |   396   |   0.049769   |     -      |     -     |   4.72   
   4    |   418   |   0.124865   |     -      |     -     |   4.72   
   4    |   440   |   0.007764   |     -      |     -     |   4.73   
   4    |   462   |   0.017492   |     -      |     -     |   4.77   
   4    |   484   |   0.063435   |     -      |     -     |   4.75   
   4    |   506   |   0.029163   |     -      |     -     |   4.77   
   4    |   528   |   0.039754   |     -      |     -     |   4.76   
   4    |   550   |   0.061209   |     -      |     -     |   4.88   
   4    |   572   |   0.080036   |     -      |     -     |   4.89   
   4    |   594   |   0.036098   |     -      |     -     |   4.81   
   4    |   616   |   0.030712   |     -      |     -     |   4.84   
   4    |   638   |   0.038115   |     -      |     -     |   4.83   
   4    |   660   |   0.002886   |     -      |     -     |   4.99   
   4    |   682   |   0.051072   |     -      |     -     |   4.84   
   4    |   704   |   0.065462   |     -      |     -     |   4.84   
   4    |   726   |   0.044548   |     -      |     -     |   4.84   
   4    |   748   |   0.002706   |     -      |     -     |   4.84   
   4    |   770   |   0.065983   |     -      |     -     |   4.84   
   4    |   792   |   0.063151   |     -      |     -     |   4.83   
   4    |   814   |   0.046234   |     -      |     -     |   4.86   
   4    |   836   |   0.061987   |     -      |     -     |   4.82   
   4    |   858   |   0.014194   |     -      |     -     |   4.77   
   4    |   880   |   0.087731   |     -      |     -     |   4.83   
   4    |   902   |   0.047577   |     -      |     -     |   4.79   
   4    |   924   |   0.034545   |     -      |     -     |   4.81   
   4    |   946   |   0.070266   |     -      |     -     |   4.95   
   4    |   968   |   0.012349   |     -      |     -     |   4.67   
   4    |   990   |   0.042408   |     -      |     -     |   4.99   
   4    |  1012   |   0.063130   |     -      |     -     |   5.08   
   4    |  1034   |   0.053620   |     -      |     -     |   4.79   
   4    |  1056   |   0.103273   |     -      |     -     |   4.73   
   4    |  1078   |   0.031220   |     -      |     -     |   4.79   
   4    |  1100   |   0.109027   |     -      |     -     |   4.77   
   4    |  1122   |   0.038220   |     -      |     -     |   4.77   
   4    |  1144   |   0.078971   |     -      |     -     |   4.83   
   4    |  1166   |   0.109780   |     -      |     -     |   4.81   
   4    |  1188   |   0.040542   |     -      |     -     |   4.86   
   4    |  1210   |   0.027857   |     -      |     -     |   4.79   
   4    |  1232   |   0.033543   |     -      |     -     |   4.76   
   4    |  1254   |   0.064236   |     -      |     -     |   4.76   
   4    |  1276   |   0.054288   |     -      |     -     |   4.79   
   4    |  1298   |   0.036956   |     -      |     -     |   4.78   
   4    |  1320   |   0.051382   |     -      |     -     |   4.76   
   4    |  1342   |   0.017801   |     -      |     -     |   4.77   
   4    |  1364   |   0.020912   |     -      |     -     |   4.76   
   4    |  1386   |   0.047659   |     -      |     -     |   4.79   
   4    |  1408   |   0.020545   |     -      |     -     |   4.77   
   4    |  1430   |   0.072809   |     -      |     -     |   4.76   
   4    |  1452   |   0.034998   |     -      |     -     |   4.78   
   4    |  1474   |   0.032132   |     -      |     -     |   4.75   
   4    |  1496   |   0.034521   |     -      |     -     |   4.77   
   4    |  1518   |   0.015449   |     -      |     -     |   4.75   
   4    |  1540   |   0.027874   |     -      |     -     |   4.72   
   4    |  1562   |   0.059745   |     -      |     -     |   4.72   
   4    |  1584   |   0.053342   |     -      |     -     |   4.75   
   4    |  1606   |   0.016314   |     -      |     -     |   4.79   
   4    |  1628   |   0.022903   |     -      |     -     |   4.79   
   4    |  1650   |   0.061950   |     -      |     -     |   4.79   
   4    |  1672   |   0.010987   |     -      |     -     |   4.79   
   4    |  1694   |   0.014142   |     -      |     -     |   4.79   
   4    |  1716   |   0.030486   |     -      |     -     |   4.81   
   4    |  1738   |   0.012230   |     -      |     -     |   4.76   
   4    |  1760   |   0.016866   |     -      |     -     |   4.75   
   4    |  1782   |   0.021142   |     -      |     -     |   4.74   
   4    |  1804   |   0.028419   |     -      |     -     |   4.64   
   4    |  1826   |   0.062003   |     -      |     -     |   4.66   
   4    |  1848   |   0.059989   |     -      |     -     |   4.56   
   4    |  1870   |   0.081364   |     -      |     -     |   4.51   
   4    |  1892   |   0.045538   |     -      |     -     |   4.51   
   4    |  1914   |   0.076277   |     -      |     -     |   4.74   
   4    |  1936   |   0.051595   |     -      |     -     |   4.63   
   4    |  1958   |   0.054979   |     -      |     -     |   4.62   
   4    |  1980   |   0.085920   |     -      |     -     |   4.62   
   4    |  2002   |   0.027336   |     -      |     -     |   4.63   
   4    |  2024   |   0.033344   |     -      |     -     |   4.60   
   4    |  2046   |   0.025595   |     -      |     -     |   4.67   
   4    |  2068   |   0.016540   |     -      |     -     |   4.72   
   4    |  2090   |   0.036364   |     -      |     -     |   4.71   
   4    |  2112   |   0.054465   |     -      |     -     |   4.83   
   4    |  2134   |   0.068478   |     -      |     -     |   4.97   
   4    |  2156   |   0.032993   |     -      |     -     |   5.01   
   4    |  2178   |   0.024327   |     -      |     -     |   4.80   
   4    |  2200   |   0.031295   |     -      |     -     |   4.90   
   4    |  2222   |   0.027701   |     -      |     -     |   4.83   
   4    |  2244   |   0.001990   |     -      |     -     |   4.83   
   4    |  2249   |   0.216325   |     -      |     -     |   1.09   
----------------------------------------------------------------------
   4    |    -    |   0.045381   |  0.382456  |   92.78   |  503.89  
----------------------------------------------------------------------


---------------      Training finished in 33.63 minute.       ---------------
Acc on test dataset: 92.77%
